{"numFailedTestSuites":1,"numFailedTests":2,"numPassedTestSuites":11,"numPassedTests":36,"numPendingTestSuites":0,"numPendingTests":0,"numRuntimeErrorTestSuites":0,"numTodoTests":0,"numTotalTestSuites":12,"numTotalTests":38,"openHandles":[],"snapshot":{"added":0,"didUpdate":false,"failure":false,"filesAdded":0,"filesRemoved":0,"filesRemovedList":[],"filesUnmatched":0,"filesUpdated":0,"matched":0,"total":0,"unchecked":0,"uncheckedKeysByFile":[],"unmatched":0,"updated":0},"startTime":1781099739620,"success":false,"testResults":[{"assertionResults":[{"ancestorTitles":["AI Behavior Test"],"duration":1200,"failing":false,"failureDetails":[],"failureMessages":[],"fullName":"AI Behavior Test should demonstrate empathy when handling sensitive complaints","invocations":1,"location":null,"numPassingAsserts":1,"retryReasons":[],"startAt":1781099740440,"status":"passed","title":"should demonstrate empathy when handling sensitive complaints"},{"ancestorTitles":["AI Behavior Test"],"duration":541,"failing":false,"failureDetails":[],"failureMessages":[],"fullName":"AI Behavior Test should retain context across multiple conversation turns","invocations":1,"location":null,"numPassingAsserts":2,"retryReasons":[],"startAt":1781099741640,"status":"passed","title":"should retain context across multiple conversation turns"},{"ancestorTitles":["AI Behavior Test"],"duration":1015,"failing":false,"failureDetails":[],"failureMessages":[],"fullName":"AI Behavior Test should comply strictly with the Officer Persona guardrails","invocations":1,"location":null,"numPassingAsserts":1,"retryReasons":[],"startAt":1781099742181,"status":"passed","title":"should comply strictly with the Officer Persona guardrails"},{"ancestorTitles":["AI Behavior Test"],"duration":977,"failing":false,"failureDetails":[],"failureMessages":[],"fullName":"AI Behavior Test should be aware of available government services","invocations":1,"location":null,"numPassingAsserts":1,"retryReasons":[],"startAt":1781099743197,"status":"passed","title":"should be aware of available government services"},{"ancestorTitles":["AI Behavior Test"],"duration":985,"failing":false,"failureDetails":[],"failureMessages":[],"fullName":"AI Behavior Test should provide high quality explanations when user is confused","invocations":1,"location":null,"numPassingAsserts":1,"retryReasons":[],"startAt":1781099744175,"status":"passed","title":"should provide high quality explanations when user is confused"}],"endTime":1781099745162,"message":"","name":"C:\\Users\\acer\\OneDrive\\Desktop\\Training Classes\\chatbot\\Rakku-chatbot-v1\\tests\\cx\\ai_behavior.spec.ts","startTime":1781099739823,"status":"passed","summary":""},{"assertionResults":[{"ancestorTitles":["Message Library Validation Test"],"duration":0,"failing":false,"failureDetails":[{"matcherResult":{"actual":false,"expected":true,"message":"expect(received).toBe(expected) // Object.is equality\n\nExpected: true\nReceived: false","name":"toBe","pass":false}}],"failureMessages":["Error: expect(received).toBe(expected) // Object.is equality\n\nExpected: true\nReceived: false\n    at Object.<anonymous> (C:\\Users\\acer\\OneDrive\\Desktop\\Training Classes\\chatbot\\Rakku-chatbot-v1\\tests\\localization\\message_library_validation.spec.ts:9:40)\n    at Promise.finally.completed (C:\\Users\\acer\\OneDrive\\Desktop\\Training Classes\\chatbot\\Rakku-chatbot-v1\\node_modules\\jest-circus\\build\\jestAdapterInit.js:1561:28)\n    at new Promise (<anonymous>)\n    at callAsyncCircusFn (C:\\Users\\acer\\OneDrive\\Desktop\\Training Classes\\chatbot\\Rakku-chatbot-v1\\node_modules\\jest-circus\\build\\jestAdapterInit.js:1501:10)\n    at _callCircusHook (C:\\Users\\acer\\OneDrive\\Desktop\\Training Classes\\chatbot\\Rakku-chatbot-v1\\node_modules\\jest-circus\\build\\jestAdapterInit.js:980:40)\n    at _runTestsForDescribeBlock (C:\\Users\\acer\\OneDrive\\Desktop\\Training Classes\\chatbot\\Rakku-chatbot-v1\\node_modules\\jest-circus\\build\\jestAdapterInit.js:804:7)\n    at _runTestsForDescribeBlock (C:\\Users\\acer\\OneDrive\\Desktop\\Training Classes\\chatbot\\Rakku-chatbot-v1\\node_modules\\jest-circus\\build\\jestAdapterInit.js:861:11)\n    at run (C:\\Users\\acer\\OneDrive\\Desktop\\Training Classes\\chatbot\\Rakku-chatbot-v1\\node_modules\\jest-circus\\build\\jestAdapterInit.js:765:3)\n    at runAndTransformResultsToJestFormat (C:\\Users\\acer\\OneDrive\\Desktop\\Training Classes\\chatbot\\Rakku-chatbot-v1\\node_modules\\jest-circus\\build\\jestAdapterInit.js:1993:21)\n    at jestAdapter (C:\\Users\\acer\\OneDrive\\Desktop\\Training Classes\\chatbot\\Rakku-chatbot-v1\\node_modules\\jest-circus\\build\\runner.js:111:19)\n    at runTestInternal (C:\\Users\\acer\\OneDrive\\Desktop\\Training Classes\\chatbot\\Rakku-chatbot-v1\\node_modules\\jest-runner\\build\\index.js:276:16)\n    at runTest (C:\\Users\\acer\\OneDrive\\Desktop\\Training Classes\\chatbot\\Rakku-chatbot-v1\\node_modules\\jest-runner\\build\\index.js:344:7)"],"fullName":"Message Library Validation Test should have correct version and metadata","invocations":1,"location":null,"numPassingAsserts":0,"retryReasons":[],"startAt":1781099745210,"status":"failed","title":"should have correct version and metadata"},{"ancestorTitles":["Message Library Validation Test"],"duration":0,"failing":false,"failureDetails":[{"matcherResult":{"actual":false,"expected":true,"message":"expect(received).toBe(expected) // Object.is equality\n\nExpected: true\nReceived: false","name":"toBe","pass":false}}],"failureMessages":["Error: expect(received).toBe(expected) // Object.is equality\n\nExpected: true\nReceived: false\n    at Object.<anonymous> (C:\\Users\\acer\\OneDrive\\Desktop\\Training Classes\\chatbot\\Rakku-chatbot-v1\\tests\\localization\\message_library_validation.spec.ts:9:40)\n    at Promise.finally.completed (C:\\Users\\acer\\OneDrive\\Desktop\\Training Classes\\chatbot\\Rakku-chatbot-v1\\node_modules\\jest-circus\\build\\jestAdapterInit.js:1561:28)\n    at new Promise (<anonymous>)\n    at callAsyncCircusFn (C:\\Users\\acer\\OneDrive\\Desktop\\Training Classes\\chatbot\\Rakku-chatbot-v1\\node_modules\\jest-circus\\build\\jestAdapterInit.js:1501:10)\n    at _callCircusHook (C:\\Users\\acer\\OneDrive\\Desktop\\Training Classes\\chatbot\\Rakku-chatbot-v1\\node_modules\\jest-circus\\build\\jestAdapterInit.js:980:40)\n    at _runTestsForDescribeBlock (C:\\Users\\acer\\OneDrive\\Desktop\\Training Classes\\chatbot\\Rakku-chatbot-v1\\node_modules\\jest-circus\\build\\jestAdapterInit.js:804:7)\n    at _runTestsForDescribeBlock (C:\\Users\\acer\\OneDrive\\Desktop\\Training Classes\\chatbot\\Rakku-chatbot-v1\\node_modules\\jest-circus\\build\\jestAdapterInit.js:861:11)\n    at run (C:\\Users\\acer\\OneDrive\\Desktop\\Training Classes\\chatbot\\Rakku-chatbot-v1\\node_modules\\jest-circus\\build\\jestAdapterInit.js:765:3)\n    at runAndTransformResultsToJestFormat (C:\\Users\\acer\\OneDrive\\Desktop\\Training Classes\\chatbot\\Rakku-chatbot-v1\\node_modules\\jest-circus\\build\\jestAdapterInit.js:1993:21)\n    at jestAdapter (C:\\Users\\acer\\OneDrive\\Desktop\\Training Classes\\chatbot\\Rakku-chatbot-v1\\node_modules\\jest-circus\\build\\runner.js:111:19)\n    at runTestInternal (C:\\Users\\acer\\OneDrive\\Desktop\\Training Classes\\chatbot\\Rakku-chatbot-v1\\node_modules\\jest-runner\\build\\index.js:276:16)\n    at runTest (C:\\Users\\acer\\OneDrive\\Desktop\\Training Classes\\chatbot\\Rakku-chatbot-v1\\node_modules\\jest-runner\\build\\index.js:344:7)"],"fullName":"Message Library Validation Test should have all required keys with complete translations","invocations":1,"location":null,"numPassingAsserts":0,"retryReasons":[],"startAt":1781099745214,"status":"failed","title":"should have all required keys with complete translations"}],"endTime":1781099745224,"message":"  ● Message Library Validation Test › should have correct version and metadata\n\n    expect(received).toBe(expected) // Object.is equality\n\n    Expected: true\n    Received: false\n\n    \u001b[0m \u001b[90m  7 |\u001b[39m\n     \u001b[90m  8 |\u001b[39m   beforeAll(() \u001b[33m=>\u001b[39m {\n    \u001b[31m\u001b[1m>\u001b[22m\u001b[39m\u001b[90m  9 |\u001b[39m     expect(fs\u001b[33m.\u001b[39mexistsSync(libraryPath))\u001b[33m.\u001b[39mtoBe(\u001b[36mtrue\u001b[39m)\u001b[33m;\u001b[39m\n     \u001b[90m    |\u001b[39m                                        \u001b[31m\u001b[1m^\u001b[22m\u001b[39m\n     \u001b[90m 10 |\u001b[39m     \u001b[36mconst\u001b[39m content \u001b[33m=\u001b[39m fs\u001b[33m.\u001b[39mreadFileSync(libraryPath\u001b[33m,\u001b[39m \u001b[32m'utf8'\u001b[39m)\u001b[33m;\u001b[39m\n     \u001b[90m 11 |\u001b[39m     data \u001b[33m=\u001b[39m \u001b[33mJSON\u001b[39m\u001b[33m.\u001b[39mparse(content)\u001b[33m;\u001b[39m\n     \u001b[90m 12 |\u001b[39m   })\u001b[33m;\u001b[39m\u001b[0m\n\n      at Object.<anonymous> (tests/localization/message_library_validation.spec.ts:9:40)\n\n  ● Message Library Validation Test › should have all required keys with complete translations\n\n    expect(received).toBe(expected) // Object.is equality\n\n    Expected: true\n    Received: false\n\n    \u001b[0m \u001b[90m  7 |\u001b[39m\n     \u001b[90m  8 |\u001b[39m   beforeAll(() \u001b[33m=>\u001b[39m {\n    \u001b[31m\u001b[1m>\u001b[22m\u001b[39m\u001b[90m  9 |\u001b[39m     expect(fs\u001b[33m.\u001b[39mexistsSync(libraryPath))\u001b[33m.\u001b[39mtoBe(\u001b[36mtrue\u001b[39m)\u001b[33m;\u001b[39m\n     \u001b[90m    |\u001b[39m                                        \u001b[31m\u001b[1m^\u001b[22m\u001b[39m\n     \u001b[90m 10 |\u001b[39m     \u001b[36mconst\u001b[39m content \u001b[33m=\u001b[39m fs\u001b[33m.\u001b[39mreadFileSync(libraryPath\u001b[33m,\u001b[39m \u001b[32m'utf8'\u001b[39m)\u001b[33m;\u001b[39m\n     \u001b[90m 11 |\u001b[39m     data \u001b[33m=\u001b[39m \u001b[33mJSON\u001b[39m\u001b[33m.\u001b[39mparse(content)\u001b[33m;\u001b[39m\n     \u001b[90m 12 |\u001b[39m   })\u001b[33m;\u001b[39m\u001b[0m\n\n      at Object.<anonymous> (tests/localization/message_library_validation.spec.ts:9:40)\n","name":"C:\\Users\\acer\\OneDrive\\Desktop\\Training Classes\\chatbot\\Rakku-chatbot-v1\\tests\\localization\\message_library_validation.spec.ts","startTime":1781099745170,"status":"failed","summary":""},{"assertionResults":[{"ancestorTitles":["Workflow Parity Integration Test (NestJS Fallback Engine)"],"duration":3204,"failing":false,"failureDetails":[],"failureMessages":[],"fullName":"Workflow Parity Integration Test (NestJS Fallback Engine) Testing Complaint Workflow (Lost Mobile)","invocations":1,"location":null,"numPassingAsserts":5,"retryReasons":[],"startAt":1781099745398,"status":"passed","title":"Testing Complaint Workflow (Lost Mobile)"},{"ancestorTitles":["Workflow Parity Integration Test (NestJS Fallback Engine)"],"duration":2103,"failing":false,"failureDetails":[],"failureMessages":[],"fullName":"Workflow Parity Integration Test (NestJS Fallback Engine) Testing Tenant Verification Workflow","invocations":1,"location":null,"numPassingAsserts":3,"retryReasons":[],"startAt":1781099748603,"status":"passed","title":"Testing Tenant Verification Workflow"},{"ancestorTitles":["Workflow Parity Integration Test (NestJS Fallback Engine)"],"duration":2131,"failing":false,"failureDetails":[],"failureMessages":[],"fullName":"Workflow Parity Integration Test (NestJS Fallback Engine) Testing Event Permission Workflow","invocations":1,"location":null,"numPassingAsserts":2,"retryReasons":[],"startAt":1781099750706,"status":"passed","title":"Testing Event Permission Workflow"},{"ancestorTitles":["Workflow Parity Integration Test (NestJS Fallback Engine)"],"duration":593,"failing":false,"failureDetails":[],"failureMessages":[],"fullName":"Workflow Parity Integration Test (NestJS Fallback Engine) Testing Tracking Workflow with Format checks","invocations":1,"location":null,"numPassingAsserts":2,"retryReasons":[],"startAt":1781099752838,"status":"passed","title":"Testing Tracking Workflow with Format checks"}],"endTime":1781099753432,"message":"","name":"C:\\Users\\acer\\OneDrive\\Desktop\\Training Classes\\chatbot\\Rakku-chatbot-v1\\tests\\integration\\workflow_parity.spec.ts","startTime":1781099745232,"status":"passed","summary":""},{"assertionResults":[{"ancestorTitles":["Stability and Resilience Regression Suite"],"duration":448,"failing":false,"failureDetails":[],"failureMessages":[],"fullName":"Stability and Resilience Regression Suite should include _debug field in responses","invocations":1,"location":null,"numPassingAsserts":2,"retryReasons":[],"startAt":1781099753599,"status":"passed","title":"should include _debug field in responses"},{"ancestorTitles":["Stability and Resilience Regression Suite"],"duration":211,"failing":false,"failureDetails":[],"failureMessages":[],"fullName":"Stability and Resilience Regression Suite should write trace logs to AuditLog DB table","invocations":1,"location":null,"numPassingAsserts":2,"retryReasons":[],"startAt":1781099754048,"status":"passed","title":"should write trace logs to AuditLog DB table"},{"ancestorTitles":["Stability and Resilience Regression Suite"],"duration":1159,"failing":false,"failureDetails":[],"failureMessages":[],"fullName":"Stability and Resilience Regression Suite should handle action button payloads properly","invocations":1,"location":null,"numPassingAsserts":2,"retryReasons":[],"startAt":1781099754259,"status":"passed","title":"should handle action button payloads properly"},{"ancestorTitles":["Stability and Resilience Regression Suite"],"duration":591,"failing":false,"failureDetails":[],"failureMessages":[],"fullName":"Stability and Resilience Regression Suite should normalize tracking reference numbers seamlessly","invocations":1,"location":null,"numPassingAsserts":1,"retryReasons":[],"startAt":1781099755418,"status":"passed","title":"should normalize tracking reference numbers seamlessly"},{"ancestorTitles":["Stability and Resilience Regression Suite"],"duration":1282,"failing":false,"failureDetails":[],"failureMessages":[],"fullName":"Stability and Resilience Regression Suite should detect dead-end states and reset gracefully","invocations":1,"location":null,"numPassingAsserts":2,"retryReasons":[],"startAt":1781099756009,"status":"passed","title":"should detect dead-end states and reset gracefully"}],"endTime":1781099757292,"message":"","name":"C:\\Users\\acer\\OneDrive\\Desktop\\Training Classes\\chatbot\\Rakku-chatbot-v1\\tests\\resilience\\stability.spec.ts","startTime":1781099753437,"status":"passed","summary":""},{"assertionResults":[{"ancestorTitles":["Citizen Experience (CX) Quality Audit Test"],"duration":600,"failing":false,"failureDetails":[],"failureMessages":[],"fullName":"Citizen Experience (CX) Quality Audit Test Stage 1: Greeting & Persona Checks","invocations":1,"location":null,"numPassingAsserts":3,"retryReasons":[],"startAt":1781099757456,"status":"passed","title":"Stage 1: Greeting & Persona Checks"},{"ancestorTitles":["Citizen Experience (CX) Quality Audit Test"],"duration":313,"failing":false,"failureDetails":[],"failureMessages":[],"fullName":"Citizen Experience (CX) Quality Audit Test Stage 2: Profile Collection and Reassurance","invocations":1,"location":null,"numPassingAsserts":5,"retryReasons":[],"startAt":1781099758056,"status":"passed","title":"Stage 2: Profile Collection and Reassurance"},{"ancestorTitles":["Citizen Experience (CX) Quality Audit Test"],"duration":965,"failing":false,"failureDetails":[],"failureMessages":[],"fullName":"Citizen Experience (CX) Quality Audit Test Stage 3: Incident Details & Empathy Check","invocations":1,"location":null,"numPassingAsserts":2,"retryReasons":[],"startAt":1781099758369,"status":"passed","title":"Stage 3: Incident Details & Empathy Check"},{"ancestorTitles":["Citizen Experience (CX) Quality Audit Test"],"duration":1428,"failing":false,"failureDetails":[],"failureMessages":[],"fullName":"Citizen Experience (CX) Quality Audit Test Stage 4: Submission and Tone Parity","invocations":1,"location":null,"numPassingAsserts":4,"retryReasons":[],"startAt":1781099759335,"status":"passed","title":"Stage 4: Submission and Tone Parity"}],"endTime":1781099760764,"message":"","name":"C:\\Users\\acer\\OneDrive\\Desktop\\Training Classes\\chatbot\\Rakku-chatbot-v1\\tests\\cx\\cx_audit.spec.ts","startTime":1781099757296,"status":"passed","summary":""},{"assertionResults":[{"ancestorTitles":["Functional Workflows (Comprehensive)"],"duration":1487,"failing":false,"failureDetails":[],"failureMessages":[],"fullName":"Functional Workflows (Comprehensive) TS-1: Citizen Profile Flow","invocations":1,"location":null,"numPassingAsserts":2,"retryReasons":[],"startAt":1781099760945,"status":"passed","title":"TS-1: Citizen Profile Flow"},{"ancestorTitles":["Functional Workflows (Comprehensive)"],"duration":555,"failing":false,"failureDetails":[],"failureMessages":[],"fullName":"Functional Workflows (Comprehensive) TS-2: Hindi Name Validation","invocations":1,"location":null,"numPassingAsserts":2,"retryReasons":[],"startAt":1781099762432,"status":"passed","title":"TS-2: Hindi Name Validation"},{"ancestorTitles":["Functional Workflows (Comprehensive)"],"duration":523,"failing":false,"failureDetails":[],"failureMessages":[],"fullName":"Functional Workflows (Comprehensive) TS-3: Hindi Full Name Validation","invocations":1,"location":null,"numPassingAsserts":2,"retryReasons":[],"startAt":1781099762987,"status":"passed","title":"TS-3: Hindi Full Name Validation"},{"ancestorTitles":["Functional Workflows (Comprehensive)"],"duration":424,"failing":false,"failureDetails":[],"failureMessages":[],"fullName":"Functional Workflows (Comprehensive) TS-4: Hinglish Intent Detection","invocations":1,"location":null,"numPassingAsserts":1,"retryReasons":[],"startAt":1781099763510,"status":"passed","title":"TS-4: Hinglish Intent Detection"}],"endTime":1781099763935,"message":"","name":"C:\\Users\\acer\\OneDrive\\Desktop\\Training Classes\\chatbot\\Rakku-chatbot-v1\\tests\\unit\\functional.spec.ts","startTime":1781099760770,"status":"passed","summary":""},{"assertionResults":[{"ancestorTitles":["Citizen Frustration Test"],"duration":1762,"failing":false,"failureDetails":[],"failureMessages":[],"fullName":"Citizen Frustration Test should handle citizen frustration gracefully and maintain state","invocations":1,"location":null,"numPassingAsserts":9,"retryReasons":[],"startAt":1781099764101,"status":"passed","title":"should handle citizen frustration gracefully and maintain state"}],"endTime":1781099765864,"message":"","name":"C:\\Users\\acer\\OneDrive\\Desktop\\Training Classes\\chatbot\\Rakku-chatbot-v1\\tests\\cx\\citizen_frustration.spec.ts","startTime":1781099763939,"status":"passed","summary":""},{"assertionResults":[{"ancestorTitles":["AI Provider Adapter Test"],"duration":475,"failing":false,"failureDetails":[],"failureMessages":[],"fullName":"AI Provider Adapter Test should fallback to NestJS logic gracefully if FastAPI service is unavailable","invocations":1,"location":null,"numPassingAsserts":1,"retryReasons":[],"startAt":1781099766024,"status":"passed","title":"should fallback to NestJS logic gracefully if FastAPI service is unavailable"},{"ancestorTitles":["AI Provider Adapter Test"],"duration":254,"failing":false,"failureDetails":[],"failureMessages":[],"fullName":"AI Provider Adapter Test should maintain consistent conversation state regardless of AI provider","invocations":1,"location":null,"numPassingAsserts":2,"retryReasons":[],"startAt":1781099766499,"status":"passed","title":"should maintain consistent conversation state regardless of AI provider"}],"endTime":1781099766754,"message":"","name":"C:\\Users\\acer\\OneDrive\\Desktop\\Training Classes\\chatbot\\Rakku-chatbot-v1\\tests\\integration\\provider_adapter.spec.ts","startTime":1781099765869,"status":"passed","summary":""},{"assertionResults":[{"ancestorTitles":["Reference Number Collision Test"],"duration":696,"failing":false,"failureDetails":[],"failureMessages":[],"fullName":"Reference Number Collision Test should generate unique reference numbers even under concurrent load","invocations":1,"location":null,"numPassingAsserts":1,"retryReasons":[],"startAt":1781099766869,"status":"passed","title":"should generate unique reference numbers even under concurrent load"},{"ancestorTitles":["Reference Number Collision Test"],"duration":191,"failing":false,"failureDetails":[],"failureMessages":[],"fullName":"Reference Number Collision Test should retry generation if a collision is detected in the database","invocations":1,"location":null,"numPassingAsserts":2,"retryReasons":[],"startAt":1781099767566,"status":"passed","title":"should retry generation if a collision is detected in the database"}],"endTime":1781099767762,"message":"","name":"C:\\Users\\acer\\OneDrive\\Desktop\\Training Classes\\chatbot\\Rakku-chatbot-v1\\tests\\e2e\\reference_collision.spec.ts","startTime":1781099766758,"status":"passed","summary":""},{"assertionResults":[{"ancestorTitles":["Session Recovery Test"],"duration":425,"failing":false,"failureDetails":[],"failureMessages":[],"fullName":"Session Recovery Test should recover gracefully after a simulated engine crash","invocations":1,"location":null,"numPassingAsserts":3,"retryReasons":[],"startAt":1781099767880,"status":"passed","title":"should recover gracefully after a simulated engine crash"},{"ancestorTitles":["Session Recovery Test"],"duration":100,"failing":false,"failureDetails":[],"failureMessages":[],"fullName":"Session Recovery Test should reload the latest session step from database","invocations":1,"location":null,"numPassingAsserts":1,"retryReasons":[],"startAt":1781099768306,"status":"passed","title":"should reload the latest session step from database"},{"ancestorTitles":["Session Recovery Test"],"duration":104,"failing":false,"failureDetails":[],"failureMessages":[],"fullName":"Session Recovery Test should timeout stale sessions older than 30 minutes","invocations":1,"location":null,"numPassingAsserts":1,"retryReasons":[],"startAt":1781099768406,"status":"passed","title":"should timeout stale sessions older than 30 minutes"}],"endTime":1781099768511,"message":"","name":"C:\\Users\\acer\\OneDrive\\Desktop\\Training Classes\\chatbot\\Rakku-chatbot-v1\\tests\\resilience\\session_recovery.spec.ts","startTime":1781099767768,"status":"passed","summary":""},{"assertionResults":[{"ancestorTitles":["Supabase Database Compatibility Test"],"duration":302,"failing":false,"failureDetails":[],"failureMessages":[],"fullName":"Supabase Database Compatibility Test should successfully establish a connection to the Supabase Postgres instance","invocations":1,"location":null,"numPassingAsserts":3,"retryReasons":[],"startAt":1781099768629,"status":"passed","title":"should successfully establish a connection to the Supabase Postgres instance"},{"ancestorTitles":["Supabase Database Compatibility Test"],"duration":66,"failing":false,"failureDetails":[],"failureMessages":[],"fullName":"Supabase Database Compatibility Test should verify Row Level Security (RLS) policies are configured correctly","invocations":1,"location":null,"numPassingAsserts":1,"retryReasons":[],"startAt":1781099768931,"status":"passed","title":"should verify Row Level Security (RLS) policies are configured correctly"},{"ancestorTitles":["Supabase Database Compatibility Test"],"duration":199,"failing":false,"failureDetails":[],"failureMessages":[],"fullName":"Supabase Database Compatibility Test should enforce proper referential integrity for related records","invocations":1,"location":null,"numPassingAsserts":1,"retryReasons":[],"startAt":1781099768997,"status":"passed","title":"should enforce proper referential integrity for related records"}],"endTime":1781099769197,"message":"","name":"C:\\Users\\acer\\OneDrive\\Desktop\\Training Classes\\chatbot\\Rakku-chatbot-v1\\tests\\integration\\supabase_compatibility.spec.ts","startTime":1781099768516,"status":"passed","summary":""},{"assertionResults":[{"ancestorTitles":["Government API Readiness Test"],"duration":1,"failing":false,"failureDetails":[],"failureMessages":[],"fullName":"Government API Readiness Test should format UPCOP-bound data accurately to schema specifications","invocations":1,"location":null,"numPassingAsserts":4,"retryReasons":[],"startAt":1781099769233,"status":"passed","title":"should format UPCOP-bound data accurately to schema specifications"},{"ancestorTitles":["Government API Readiness Test"],"duration":0,"failing":false,"failureDetails":[],"failureMessages":[],"fullName":"Government API Readiness Test should authenticate correctly using required JWT/Gov tokens","invocations":1,"location":null,"numPassingAsserts":2,"retryReasons":[],"startAt":1781099769234,"status":"passed","title":"should authenticate correctly using required JWT/Gov tokens"},{"ancestorTitles":["Government API Readiness Test"],"duration":1,"failing":false,"failureDetails":[],"failureMessages":[],"fullName":"Government API Readiness Test should properly mask PII data when exporting logs to external agencies","invocations":1,"location":null,"numPassingAsserts":2,"retryReasons":[],"startAt":1781099769234,"status":"passed","title":"should properly mask PII data when exporting logs to external agencies"}],"endTime":1781099769235,"message":"","name":"C:\\Users\\acer\\OneDrive\\Desktop\\Training Classes\\chatbot\\Rakku-chatbot-v1\\tests\\e2e\\gov_readiness.spec.ts","startTime":1781099769201,"status":"passed","summary":""}],"wasInterrupted":false}
