{"C:\\Users\\acer\\OneDrive\\Desktop\\Training Classes\\chatbot\\Rakku-chatbot-v1\\backend\\src\\app.module.ts": {"path":"C:\\Users\\acer\\OneDrive\\Desktop\\Training Classes\\chatbot\\Rakku-chatbot-v1\\backend\\src\\app.module.ts","statementMap":{"0":{"start":{"line":1,"column":0},"end":{"line":1,"column":40}},"1":{"start":{"line":2,"column":0},"end":{"line":2,"column":46}},"2":{"start":{"line":3,"column":0},"end":{"line":3,"column":43}},"3":{"start":{"line":4,"column":0},"end":{"line":4,"column":49}},"4":{"start":{"line":7,"column":0},"end":{"line":7,"column":89}},"5":{"start":{"line":10,"column":0},"end":{"line":10,"column":71}},"6":{"start":{"line":11,"column":0},"end":{"line":11,"column":65}},"7":{"start":{"line":14,"column":0},"end":{"line":14,"column":80}},"8":{"start":{"line":15,"column":0},"end":{"line":15,"column":74}},"9":{"start":{"line":18,"column":0},"end":{"line":18,"column":77}},"10":{"start":{"line":19,"column":0},"end":{"line":19,"column":71}},"11":{"start":{"line":22,"column":0},"end":{"line":22,"column":59}},"12":{"start":{"line":23,"column":0},"end":{"line":23,"column":53}},"13":{"start":{"line":26,"column":0},"end":{"line":26,"column":68}},"14":{"start":{"line":27,"column":0},"end":{"line":27,"column":62}},"15":{"start":{"line":30,"column":0},"end":{"line":30,"column":56}},"16":{"start":{"line":31,"column":0},"end":{"line":31,"column":50}},"17":{"start":{"line":32,"column":0},"end":{"line":32,"column":62}},"18":{"start":{"line":35,"column":0},"end":{"line":35,"column":71}},"19":{"start":{"line":36,"column":0},"end":{"line":36,"column":65}},"20":{"start":{"line":37,"column":0},"end":{"line":37,"column":80}},"21":{"start":{"line":39,"column":0},"end":{"line":39,"column":72}},"22":{"start":{"line":40,"column":0},"end":{"line":40,"column":95}},"23":{"start":{"line":74,"column":7},"end":{"line":74,"column":null}},"24":{"start":{"line":74,"column":13},"end":{"line":74,"column":22}},"25":{"start":{"line":74,"column":13},"end":{"line":74,"column":null}}},"fnMap":{},"branchMap":{},"s":{"0":0,"1":0,"2":0,"3":0,"4":0,"5":0,"6":0,"7":0,"8":0,"9":0,"10":0,"11":0,"12":0,"13":0,"14":0,"15":0,"16":0,"17":0,"18":0,"19":0,"20":0,"21":0,"22":0,"23":0,"24":0,"25":0},"f":{},"b":{}}
,"C:\\Users\\acer\\OneDrive\\Desktop\\Training Classes\\chatbot\\Rakku-chatbot-v1\\backend\\src\\main.ts": {"path":"C:\\Users\\acer\\OneDrive\\Desktop\\Training Classes\\chatbot\\Rakku-chatbot-v1\\backend\\src\\main.ts","statementMap":{"0":{"start":{"line":1,"column":0},"end":{"line":1,"column":43}},"1":{"start":{"line":2,"column":0},"end":{"line":2,"column":41}},"2":{"start":{"line":3,"column":0},"end":{"line":3,"column":48}},"3":{"start":{"line":4,"column":0},"end":{"line":4,"column":33}},"4":{"start":{"line":5,"column":0},"end":{"line":5,"column":66}},"5":{"start":{"line":8,"column":14},"end":{"line":8,"column":49}},"6":{"start":{"line":11,"column":2},"end":{"line":11,"column":25}},"7":{"start":{"line":14,"column":2},"end":{"line":14,"column":54}},"8":{"start":{"line":16,"column":2},"end":{"line":23,"column":5}},"9":{"start":{"line":24,"column":2},"end":{"line":24,"column":29}},"10":{"start":{"line":25,"column":2},"end":{"line":25,"column":62}},"11":{"start":{"line":26,"column":15},"end":{"line":26,"column":39}},"12":{"start":{"line":27,"column":2},"end":{"line":27,"column":25}},"13":{"start":{"line":28,"column":2},"end":{"line":28,"column":73}},"14":{"start":{"line":30,"column":0},"end":{"line":30,"column":12}}},"fnMap":{"0":{"name":"bootstrap","decl":{"start":{"line":7,"column":15},"end":{"line":7,"column":24}},"loc":{"start":{"line":7,"column":24},"end":{"line":29,"column":1}}}},"branchMap":{"0":{"loc":{"start":{"line":26,"column":15},"end":{"line":26,"column":39}},"type":"binary-expr","locations":[{"start":{"line":26,"column":15},"end":{"line":26,"column":31}},{"start":{"line":26,"column":35},"end":{"line":26,"column":39}}]}},"s":{"0":0,"1":0,"2":0,"3":0,"4":0,"5":0,"6":0,"7":0,"8":0,"9":0,"10":0,"11":0,"12":0,"13":0,"14":0},"f":{"0":0},"b":{"0":[0,0]}}
,"C:\\Users\\acer\\OneDrive\\Desktop\\Training Classes\\chatbot\\Rakku-chatbot-v1\\backend\\src\\prisma.service.ts": {"path":"C:\\Users\\acer\\OneDrive\\Desktop\\Training Classes\\chatbot\\Rakku-chatbot-v1\\backend\\src\\prisma.service.ts","statementMap":{"0":{"start":{"line":1,"column":0},"end":{"line":1,"column":75}},"1":{"start":{"line":2,"column":0},"end":{"line":2,"column":46}},"2":{"start":{"line":5,"column":7},"end":{"line":19,"column":null}},"3":{"start":{"line":8,"column":4},"end":{"line":13,"column":5}},"4":{"start":{"line":9,"column":6},"end":{"line":9,"column":28}},"5":{"start":{"line":10,"column":6},"end":{"line":10,"column":53}},"6":{"start":{"line":12,"column":6},"end":{"line":12,"column":111}},"7":{"start":{"line":17,"column":4},"end":{"line":17,"column":29}},"8":{"start":{"line":5,"column":13},"end":{"line":5,"column":26}},"9":{"start":{"line":5,"column":13},"end":{"line":19,"column":null}}},"fnMap":{"0":{"name":"(anonymous_1)","decl":{"start":{"line":6,"column":2},"end":{"line":6,"column":7}},"loc":{"start":{"line":6,"column":20},"end":{"line":14,"column":3}}},"1":{"name":"(anonymous_2)","decl":{"start":{"line":16,"column":2},"end":{"line":16,"column":7}},"loc":{"start":{"line":16,"column":23},"end":{"line":18,"column":3}}}},"branchMap":{},"s":{"0":4,"1":4,"2":4,"3":0,"4":0,"5":0,"6":0,"7":0,"8":4,"9":4},"f":{"0":0,"1":0},"b":{}}
,"C:\\Users\\acer\\OneDrive\\Desktop\\Training Classes\\chatbot\\Rakku-chatbot-v1\\backend\\src\\certificate\\certificate.controller.ts": {"path":"C:\\Users\\acer\\OneDrive\\Desktop\\Training Classes\\chatbot\\Rakku-chatbot-v1\\backend\\src\\certificate\\certificate.controller.ts","statementMap":{"0":{"start":{"line":1,"column":0},"end":{"line":1,"column":92}},"1":{"start":{"line":2,"column":0},"end":{"line":2,"column":59}},"2":{"start":{"line":5,"column":7},"end":{"line":47,"column":null}},"3":{"start":{"line":6,"column":31},"end":{"line":6,"column":51}},"4":{"start":{"line":17,"column":4},"end":{"line":22,"column":6}},"5":{"start":{"line":27,"column":17},"end":{"line":27,"column":69}},"6":{"start":{"line":28,"column":4},"end":{"line":30,"column":5}},"7":{"start":{"line":29,"column":6},"end":{"line":29,"column":101}},"8":{"start":{"line":31,"column":4},"end":{"line":31,"column":16}},"9":{"start":{"line":36,"column":4},"end":{"line":36,"column":56}},"10":{"start":{"line":41,"column":20},"end":{"line":41,"column":94}},"11":{"start":{"line":42,"column":4},"end":{"line":44,"column":5}},"12":{"start":{"line":43,"column":6},"end":{"line":43,"column":101}},"13":{"start":{"line":45,"column":4},"end":{"line":45,"column":19}},"14":{"start":{"line":5,"column":13},"end":{"line":5,"column":34}},"15":{"start":{"line":9,"column":8},"end":{"line":23,"column":null}},"16":{"start":{"line":26,"column":8},"end":{"line":32,"column":null}},"17":{"start":{"line":35,"column":8},"end":{"line":37,"column":null}},"18":{"start":{"line":40,"column":8},"end":{"line":46,"column":null}},"19":{"start":{"line":5,"column":13},"end":{"line":47,"column":null}}},"fnMap":{"0":{"name":"(anonymous_4)","decl":{"start":{"line":6,"column":2},"end":{"line":6,"column":31}},"loc":{"start":{"line":6,"column":69},"end":{"line":6,"column":73}}},"1":{"name":"(anonymous_5)","decl":{"start":{"line":9,"column":8},"end":{"line":9,"column":14}},"loc":{"start":{"line":15,"column":5},"end":{"line":23,"column":3}}},"2":{"name":"(anonymous_6)","decl":{"start":{"line":26,"column":8},"end":{"line":26,"column":11}},"loc":{"start":{"line":26,"column":43},"end":{"line":32,"column":3}}},"3":{"name":"(anonymous_7)","decl":{"start":{"line":35,"column":8},"end":{"line":35,"column":14}},"loc":{"start":{"line":35,"column":14},"end":{"line":37,"column":3}}},"4":{"name":"(anonymous_8)","decl":{"start":{"line":40,"column":8},"end":{"line":40,"column":20}},"loc":{"start":{"line":40,"column":86},"end":{"line":46,"column":3}}}},"branchMap":{"0":{"loc":{"start":{"line":28,"column":4},"end":{"line":30,"column":5}},"type":"if","locations":[{"start":{"line":28,"column":4},"end":{"line":30,"column":5}},{"start":{},"end":{}}]},"1":{"loc":{"start":{"line":42,"column":4},"end":{"line":44,"column":5}},"type":"if","locations":[{"start":{"line":42,"column":4},"end":{"line":44,"column":5}},{"start":{},"end":{}}]},"2":{"loc":{"start":{"line":6,"column":51},"end":{"line":6,"column":72}},"type":"cond-expr","locations":[{"start":{"line":6,"column":69},"end":{"line":6,"column":72}},{"start":{"line":6,"column":69},"end":{"line":6,"column":72}}]},"3":{"loc":{"start":{"line":6,"column":51},"end":{"line":6,"column":69}},"type":"binary-expr","locations":[{"start":{"line":6,"column":51},"end":{"line":6,"column":72}},{"start":{"line":6,"column":51},"end":{"line":6,"column":69}}]}},"s":{"0":0,"1":0,"2":0,"3":0,"4":0,"5":0,"6":0,"7":0,"8":0,"9":0,"10":0,"11":0,"12":0,"13":0,"14":0,"15":0,"16":0,"17":0,"18":0,"19":0},"f":{"0":0,"1":0,"2":0,"3":0,"4":0},"b":{"0":[0,0],"1":[0,0],"2":[0,0],"3":[0,0]}}
,"C:\\Users\\acer\\OneDrive\\Desktop\\Training Classes\\chatbot\\Rakku-chatbot-v1\\backend\\src\\certificate\\certificate.service.ts": {"path":"C:\\Users\\acer\\OneDrive\\Desktop\\Training Classes\\chatbot\\Rakku-chatbot-v1\\backend\\src\\certificate\\certificate.service.ts","statementMap":{"0":{"start":{"line":1,"column":0},"end":{"line":1,"column":52}},"1":{"start":{"line":2,"column":0},"end":{"line":2,"column":50}},"2":{"start":{"line":18,"column":31},"end":{"line":128,"column":null}},"3":{"start":{"line":22,"column":22},"end":{"line":22,"column":30}},"4":{"start":{"line":19,"column":19},"end":{"line":19,"column":64}},"5":{"start":{"line":20,"column":10},"end":{"line":20,"column":43}},"6":{"start":{"line":25,"column":17},"end":{"line":25,"column":41}},"7":{"start":{"line":26,"column":19},"end":{"line":26,"column":62}},"8":{"start":{"line":27,"column":4},"end":{"line":27,"column":38}},"9":{"start":{"line":31,"column":4},"end":{"line":44,"column":5}},"10":{"start":{"line":32,"column":29},"end":{"line":32,"column":66}},"11":{"start":{"line":33,"column":6},"end":{"line":33,"column":51}},"12":{"start":{"line":33,"column":26},"end":{"line":33,"column":51}},"13":{"start":{"line":34,"column":25},"end":{"line":40,"column":8}},"14":{"start":{"line":41,"column":6},"end":{"line":41,"column":27}},"15":{"start":{"line":43,"column":6},"end":{"line":43,"column":39}},"16":{"start":{"line":55,"column":19},"end":{"line":55,"column":65}},"17":{"start":{"line":56,"column":30},"end":{"line":56,"column":83}},"18":{"start":{"line":57,"column":4},"end":{"line":84,"column":5}},"19":{"start":{"line":58,"column":6},"end":{"line":67,"column":39}},"20":{"start":{"line":69,"column":6},"end":{"line":69,"column":77}},"21":{"start":{"line":70,"column":36},"end":{"line":81,"column":8}},"22":{"start":{"line":82,"column":6},"end":{"line":82,"column":43}},"23":{"start":{"line":83,"column":6},"end":{"line":83,"column":18}},"24":{"start":{"line":88,"column":4},"end":{"line":96,"column":5}},"25":{"start":{"line":89,"column":6},"end":{"line":92,"column":39}},"26":{"start":{"line":94,"column":6},"end":{"line":94,"column":79}},"27":{"start":{"line":95,"column":6},"end":{"line":95,"column":87}},"28":{"start":{"line":95,"column":49},"end":{"line":95,"column":77}},"29":{"start":{"line":100,"column":4},"end":{"line":108,"column":5}},"30":{"start":{"line":101,"column":6},"end":{"line":104,"column":41}},"31":{"start":{"line":106,"column":6},"end":{"line":106,"column":79}},"32":{"start":{"line":107,"column":6},"end":{"line":107,"column":106}},"33":{"start":{"line":107,"column":59},"end":{"line":107,"column":104}},"34":{"start":{"line":112,"column":4},"end":{"line":126,"column":5}},"35":{"start":{"line":113,"column":6},"end":{"line":116,"column":9}},"36":{"start":{"line":118,"column":6},"end":{"line":118,"column":80}},"37":{"start":{"line":119,"column":18},"end":{"line":119,"column":88}},"38":{"start":{"line":119,"column":59},"end":{"line":119,"column":87}},"39":{"start":{"line":120,"column":6},"end":{"line":124,"column":7}},"40":{"start":{"line":121,"column":8},"end":{"line":121,"column":55}},"41":{"start":{"line":122,"column":8},"end":{"line":122,"column":62}},"42":{"start":{"line":123,"column":8},"end":{"line":123,"column":46}},"43":{"start":{"line":125,"column":6},"end":{"line":125,"column":18}},"44":{"start":{"line":18,"column":13},"end":{"line":18,"column":31}},"45":{"start":{"line":18,"column":13},"end":{"line":128,"column":null}}},"fnMap":{"0":{"name":"(anonymous_2)","decl":{"start":{"line":22,"column":2},"end":{"line":22,"column":22}},"loc":{"start":{"line":22,"column":43},"end":{"line":22,"column":47}}},"1":{"name":"(anonymous_3)","decl":{"start":{"line":24,"column":10},"end":{"line":24,"column":27}},"loc":{"start":{"line":24,"column":27},"end":{"line":28,"column":3}}},"2":{"name":"(anonymous_4)","decl":{"start":{"line":30,"column":10},"end":{"line":30,"column":15}},"loc":{"start":{"line":30,"column":43},"end":{"line":45,"column":3}}},"3":{"name":"(anonymous_5)","decl":{"start":{"line":47,"column":2},"end":{"line":47,"column":7}},"loc":{"start":{"line":53,"column":22},"end":{"line":85,"column":3}}},"4":{"name":"(anonymous_6)","decl":{"start":{"line":87,"column":2},"end":{"line":87,"column":7}},"loc":{"start":{"line":87,"column":37},"end":{"line":97,"column":3}}},"5":{"name":"(anonymous_7)","decl":{"start":{"line":95,"column":44},"end":{"line":95,"column":45}},"loc":{"start":{"line":95,"column":49},"end":{"line":95,"column":77}}},"6":{"name":"(anonymous_8)","decl":{"start":{"line":99,"column":2},"end":{"line":99,"column":7}},"loc":{"start":{"line":99,"column":26},"end":{"line":109,"column":3}}},"7":{"name":"(anonymous_9)","decl":{"start":{"line":107,"column":49},"end":{"line":107,"column":50}},"loc":{"start":{"line":107,"column":59},"end":{"line":107,"column":104}}},"8":{"name":"(anonymous_10)","decl":{"start":{"line":111,"column":2},"end":{"line":111,"column":7}},"loc":{"start":{"line":111,"column":62},"end":{"line":127,"column":3}}},"9":{"name":"(anonymous_11)","decl":{"start":{"line":119,"column":54},"end":{"line":119,"column":55}},"loc":{"start":{"line":119,"column":59},"end":{"line":119,"column":87}}}},"branchMap":{"0":{"loc":{"start":{"line":33,"column":6},"end":{"line":33,"column":51}},"type":"if","locations":[{"start":{"line":33,"column":6},"end":{"line":33,"column":51}},{"start":{},"end":{}}]},"1":{"loc":{"start":{"line":55,"column":19},"end":{"line":55,"column":65}},"type":"binary-expr","locations":[{"start":{"line":55,"column":19},"end":{"line":55,"column":37}},{"start":{"line":55,"column":41},"end":{"line":55,"column":65}}]},"2":{"loc":{"start":{"line":56,"column":30},"end":{"line":56,"column":83}},"type":"binary-expr","locations":[{"start":{"line":56,"column":30},"end":{"line":56,"column":39}},{"start":{"line":56,"column":43},"end":{"line":56,"column":83}}]},"3":{"loc":{"start":{"line":95,"column":13},"end":{"line":95,"column":86}},"type":"binary-expr","locations":[{"start":{"line":95,"column":13},"end":{"line":95,"column":78}},{"start":{"line":95,"column":82},"end":{"line":95,"column":86}}]},"4":{"loc":{"start":{"line":120,"column":6},"end":{"line":124,"column":7}},"type":"if","locations":[{"start":{"line":120,"column":6},"end":{"line":124,"column":7}},{"start":{},"end":{}}]},"5":{"loc":{"start":{"line":22,"column":30},"end":{"line":22,"column":46}},"type":"cond-expr","locations":[{"start":{"line":22,"column":43},"end":{"line":22,"column":46}},{"start":{"line":22,"column":43},"end":{"line":22,"column":46}}]},"6":{"loc":{"start":{"line":22,"column":30},"end":{"line":22,"column":43}},"type":"binary-expr","locations":[{"start":{"line":22,"column":30},"end":{"line":22,"column":46}},{"start":{"line":22,"column":30},"end":{"line":22,"column":43}}]}},"s":{"0":0,"1":0,"2":0,"3":0,"4":0,"5":0,"6":0,"7":0,"8":0,"9":0,"10":0,"11":0,"12":0,"13":0,"14":0,"15":0,"16":0,"17":0,"18":0,"19":0,"20":0,"21":0,"22":0,"23":0,"24":0,"25":0,"26":0,"27":0,"28":0,"29":0,"30":0,"31":0,"32":0,"33":0,"34":0,"35":0,"36":0,"37":0,"38":0,"39":0,"40":0,"41":0,"42":0,"43":0,"44":0,"45":0},"f":{"0":0,"1":0,"2":0,"3":0,"4":0,"5":0,"6":0,"7":0,"8":0,"9":0},"b":{"0":[0,0],"1":[0,0],"2":[0,0],"3":[0,0],"4":[0,0],"5":[0,0],"6":[0,0]}}
,"C:\\Users\\acer\\OneDrive\\Desktop\\Training Classes\\chatbot\\Rakku-chatbot-v1\\backend\\src\\chat\\audit_runner.ts": {"path":"C:\\Users\\acer\\OneDrive\\Desktop\\Training Classes\\chatbot\\Rakku-chatbot-v1\\backend\\src\\chat\\audit_runner.ts","statementMap":{"0":{"start":{"line":1,"column":0},"end":{"line":1,"column":45}},"1":{"start":{"line":2,"column":0},"end":{"line":2,"column":50}},"2":{"start":{"line":3,"column":0},"end":{"line":3,"column":57}},"3":{"start":{"line":4,"column":0},"end":{"line":4,"column":66}},"4":{"start":{"line":5,"column":0},"end":{"line":5,"column":75}},"5":{"start":{"line":6,"column":0},"end":{"line":6,"column":72}},"6":{"start":{"line":7,"column":0},"end":{"line":7,"column":54}},"7":{"start":{"line":8,"column":0},"end":{"line":8,"column":63}},"8":{"start":{"line":9,"column":0},"end":{"line":9,"column":75}},"9":{"start":{"line":10,"column":0},"end":{"line":10,"column":47}},"10":{"start":{"line":11,"column":0},"end":{"line":11,"column":44}},"11":{"start":{"line":12,"column":0},"end":{"line":12,"column":81}},"12":{"start":{"line":15,"column":2},"end":{"line":15,"column":59}},"13":{"start":{"line":16,"column":17},"end":{"line":16,"column":36}},"14":{"start":{"line":17,"column":17},"end":{"line":17,"column":36}},"15":{"start":{"line":18,"column":21},"end":{"line":18,"column":44}},"16":{"start":{"line":19,"column":20},"end":{"line":19,"column":48}},"17":{"start":{"line":20,"column":23},"end":{"line":20,"column":54}},"18":{"start":{"line":21,"column":22},"end":{"line":21,"column":52}},"19":{"start":{"line":22,"column":16},"end":{"line":22,"column":40}},"20":{"start":{"line":23,"column":19},"end":{"line":23,"column":46}},"21":{"start":{"line":24,"column":23},"end":{"line":24,"column":54}},"22":{"start":{"line":25,"column":20},"end":{"line":25,"column":42}},"23":{"start":{"line":26,"column":22},"end":{"line":26,"column":39}},"24":{"start":{"line":28,"column":22},"end":{"line":39,"column":null}},"25":{"start":{"line":42,"column":20},"end":{"line":42,"column":78}},"26":{"start":{"line":45,"column":15},"end":{"line":50,"column":3}},"27":{"start":{"line":46,"column":16},"end":{"line":46,"column":61}},"28":{"start":{"line":47,"column":4},"end":{"line":47,"column":36}},"29":{"start":{"line":48,"column":4},"end":{"line":48,"column":65}},"30":{"start":{"line":49,"column":4},"end":{"line":49,"column":15}},"31":{"start":{"line":52,"column":2},"end":{"line":78,"column":3}},"32":{"start":{"line":54,"column":4},"end":{"line":54,"column":24}},"33":{"start":{"line":56,"column":4},"end":{"line":56,"column":26}},"34":{"start":{"line":58,"column":4},"end":{"line":58,"column":24}},"35":{"start":{"line":60,"column":4},"end":{"line":60,"column":29}},"36":{"start":{"line":62,"column":4},"end":{"line":62,"column":42}},"37":{"start":{"line":63,"column":4},"end":{"line":63,"column":26}},"38":{"start":{"line":65,"column":4},"end":{"line":65,"column":22}},"39":{"start":{"line":67,"column":4},"end":{"line":67,"column":38}},"40":{"start":{"line":69,"column":4},"end":{"line":69,"column":22}},"41":{"start":{"line":71,"column":4},"end":{"line":71,"column":38}},"42":{"start":{"line":73,"column":4},"end":{"line":73,"column":69}},"43":{"start":{"line":75,"column":4},"end":{"line":75,"column":53}},"44":{"start":{"line":77,"column":4},"end":{"line":77,"column":31}},"45":{"start":{"line":81,"column":0},"end":{"line":81,"column":11}}},"fnMap":{"0":{"name":"runAudit","decl":{"start":{"line":14,"column":15},"end":{"line":14,"column":23}},"loc":{"start":{"line":14,"column":23},"end":{"line":79,"column":1}}},"1":{"name":"(anonymous_1)","decl":{"start":{"line":45,"column":15},"end":{"line":45,"column":20}},"loc":{"start":{"line":45,"column":37},"end":{"line":50,"column":3}}}},"branchMap":{},"s":{"0":0,"1":0,"2":0,"3":0,"4":0,"5":0,"6":0,"7":0,"8":0,"9":0,"10":0,"11":0,"12":0,"13":0,"14":0,"15":0,"16":0,"17":0,"18":0,"19":0,"20":0,"21":0,"22":0,"23":0,"24":0,"25":0,"26":0,"27":0,"28":0,"29":0,"30":0,"31":0,"32":0,"33":0,"34":0,"35":0,"36":0,"37":0,"38":0,"39":0,"40":0,"41":0,"42":0,"43":0,"44":0,"45":0},"f":{"0":0,"1":0},"b":{}}
,"C:\\Users\\acer\\OneDrive\\Desktop\\Training Classes\\chatbot\\Rakku-chatbot-v1\\backend\\src\\chat\\chat.controller.ts": {"path":"C:\\Users\\acer\\OneDrive\\Desktop\\Training Classes\\chatbot\\Rakku-chatbot-v1\\backend\\src\\chat\\chat.controller.ts","statementMap":{"0":{"start":{"line":1,"column":0},"end":{"line":1,"column":56}},"1":{"start":{"line":2,"column":0},"end":{"line":2,"column":45}},"2":{"start":{"line":5,"column":7},"end":{"line":23,"column":null}},"3":{"start":{"line":6,"column":31},"end":{"line":6,"column":44}},"4":{"start":{"line":12,"column":4},"end":{"line":12,"column":84}},"5":{"start":{"line":13,"column":19},"end":{"line":13,"column":54}},"6":{"start":{"line":14,"column":4},"end":{"line":21,"column":5}},"7":{"start":{"line":15,"column":21},"end":{"line":15,"column":123}},"8":{"start":{"line":16,"column":6},"end":{"line":16,"column":65}},"9":{"start":{"line":17,"column":6},"end":{"line":17,"column":20}},"10":{"start":{"line":19,"column":6},"end":{"line":19,"column":66}},"11":{"start":{"line":20,"column":6},"end":{"line":20,"column":18}},"12":{"start":{"line":5,"column":13},"end":{"line":5,"column":27}},"13":{"start":{"line":9,"column":8},"end":{"line":22,"column":null}},"14":{"start":{"line":5,"column":13},"end":{"line":23,"column":null}}},"fnMap":{"0":{"name":"(anonymous_4)","decl":{"start":{"line":6,"column":2},"end":{"line":6,"column":31}},"loc":{"start":{"line":6,"column":55},"end":{"line":6,"column":59}}},"1":{"name":"(anonymous_5)","decl":{"start":{"line":9,"column":8},"end":{"line":9,"column":19}},"loc":{"start":{"line":10,"column":114},"end":{"line":22,"column":3}}}},"branchMap":{"0":{"loc":{"start":{"line":13,"column":19},"end":{"line":13,"column":54}},"type":"binary-expr","locations":[{"start":{"line":13,"column":19},"end":{"line":13,"column":33}},{"start":{"line":13,"column":37},"end":{"line":13,"column":54}}]},"1":{"loc":{"start":{"line":6,"column":44},"end":{"line":6,"column":58}},"type":"cond-expr","locations":[{"start":{"line":6,"column":55},"end":{"line":6,"column":58}},{"start":{"line":6,"column":55},"end":{"line":6,"column":58}}]},"2":{"loc":{"start":{"line":6,"column":44},"end":{"line":6,"column":55}},"type":"binary-expr","locations":[{"start":{"line":6,"column":44},"end":{"line":6,"column":58}},{"start":{"line":6,"column":44},"end":{"line":6,"column":55}}]}},"s":{"0":0,"1":0,"2":0,"3":0,"4":0,"5":0,"6":0,"7":0,"8":0,"9":0,"10":0,"11":0,"12":0,"13":0,"14":0},"f":{"0":0,"1":0},"b":{"0":[0,0],"1":[0,0],"2":[0,0]}}
,"C:\\Users\\acer\\OneDrive\\Desktop\\Training Classes\\chatbot\\Rakku-chatbot-v1\\backend\\src\\chat\\chat.service.ts": {"path":"C:\\Users\\acer\\OneDrive\\Desktop\\Training Classes\\chatbot\\Rakku-chatbot-v1\\backend\\src\\chat\\chat.service.ts","statementMap":{"0":{"start":{"line":1,"column":0},"end":{"line":1,"column":52}},"1":{"start":{"line":2,"column":0},"end":{"line":2,"column":44}},"2":{"start":{"line":3,"column":0},"end":{"line":3,"column":47}},"3":{"start":{"line":4,"column":0},"end":{"line":4,"column":38}},"4":{"start":{"line":5,"column":0},"end":{"line":5,"column":50}},"5":{"start":{"line":6,"column":0},"end":{"line":6,"column":57}},"6":{"start":{"line":7,"column":0},"end":{"line":7,"column":66}},"7":{"start":{"line":8,"column":0},"end":{"line":8,"column":75}},"8":{"start":{"line":9,"column":0},"end":{"line":9,"column":72}},"9":{"start":{"line":10,"column":0},"end":{"line":10,"column":54}},"10":{"start":{"line":11,"column":0},"end":{"line":11,"column":63}},"11":{"start":{"line":12,"column":0},"end":{"line":12,"column":91}},"12":{"start":{"line":13,"column":0},"end":{"line":13,"column":89}},"13":{"start":{"line":14,"column":0},"end":{"line":14,"column":57}},"14":{"start":{"line":15,"column":0},"end":{"line":15,"column":64}},"15":{"start":{"line":16,"column":0},"end":{"line":16,"column":61}},"16":{"start":{"line":17,"column":0},"end":{"line":17,"column":75}},"17":{"start":{"line":18,"column":0},"end":{"line":18,"column":81}},"18":{"start":{"line":19,"column":0},"end":{"line":19,"column":83}},"19":{"start":{"line":20,"column":0},"end":{"line":20,"column":102}},"20":{"start":{"line":21,"column":0},"end":{"line":21,"column":92}},"21":{"start":{"line":22,"column":0},"end":{"line":22,"column":89}},"22":{"start":{"line":23,"column":0},"end":{"line":23,"column":86}},"23":{"start":{"line":24,"column":0},"end":{"line":24,"column":103}},"24":{"start":{"line":25,"column":0},"end":{"line":25,"column":113}},"25":{"start":{"line":26,"column":0},"end":{"line":26,"column":54}},"26":{"start":{"line":59,"column":21},"end":{"line":75,"column":2}},"27":{"start":{"line":78,"column":24},"end":{"line":3207,"column":null}},"28":{"start":{"line":87,"column":21},"end":{"line":87,"column":34}},"29":{"start":{"line":88,"column":21},"end":{"line":88,"column":36}},"30":{"start":{"line":89,"column":21},"end":{"line":89,"column":39}},"31":{"start":{"line":90,"column":21},"end":{"line":90,"column":42}},"32":{"start":{"line":91,"column":21},"end":{"line":91,"column":41}},"33":{"start":{"line":92,"column":21},"end":{"line":92,"column":35}},"34":{"start":{"line":93,"column":21},"end":{"line":93,"column":38}},"35":{"start":{"line":94,"column":21},"end":{"line":94,"column":39}},"36":{"start":{"line":95,"column":21},"end":{"line":95,"column":29}},"37":{"start":{"line":96,"column":21},"end":{"line":96,"column":40}},"38":{"start":{"line":97,"column":21},"end":{"line":97,"column":42}},"39":{"start":{"line":79,"column":19},"end":{"line":79,"column":57}},"40":{"start":{"line":81,"column":10},"end":{"line":81,"column":37}},"41":{"start":{"line":102,"column":4},"end":{"line":102,"column":100}},"42":{"start":{"line":103,"column":4},"end":{"line":110,"column":6}},"43":{"start":{"line":111,"column":4},"end":{"line":114,"column":6}},"44":{"start":{"line":115,"column":4},"end":{"line":115,"column":98}},"45":{"start":{"line":116,"column":4},"end":{"line":116,"column":30}},"46":{"start":{"line":120,"column":4},"end":{"line":132,"column":5}},"47":{"start":{"line":121,"column":17},"end":{"line":121,"column":30}},"48":{"start":{"line":122,"column":19},"end":{"line":122,"column":34}},"49":{"start":{"line":123,"column":23},"end":{"line":123,"column":67}},"50":{"start":{"line":124,"column":6},"end":{"line":129,"column":7}},"51":{"start":{"line":125,"column":8},"end":{"line":125,"column":76}},"52":{"start":{"line":126,"column":8},"end":{"line":126,"column":112}},"53":{"start":{"line":128,"column":8},"end":{"line":128,"column":75}},"54":{"start":{"line":131,"column":6},"end":{"line":131,"column":72}},"55":{"start":{"line":141,"column":4},"end":{"line":143,"column":5}},"56":{"start":{"line":142,"column":6},"end":{"line":142,"column":32}},"57":{"start":{"line":144,"column":21},"end":{"line":144,"column":56}},"58":{"start":{"line":145,"column":19},"end":{"line":145,"column":32}},"59":{"start":{"line":147,"column":19},"end":{"line":147,"column":21}},"60":{"start":{"line":148,"column":20},"end":{"line":148,"column":24}},"61":{"start":{"line":150,"column":4},"end":{"line":153,"column":5}},"62":{"start":{"line":151,"column":6},"end":{"line":151,"column":51}},"63":{"start":{"line":152,"column":6},"end":{"line":152,"column":17}},"64":{"start":{"line":155,"column":4},"end":{"line":173,"column":5}},"65":{"start":{"line":156,"column":6},"end":{"line":156,"column":30}},"66":{"start":{"line":158,"column":6},"end":{"line":158,"column":51}},"67":{"start":{"line":159,"column":6},"end":{"line":172,"column":7}},"68":{"start":{"line":160,"column":8},"end":{"line":166,"column":9}},"69":{"start":{"line":161,"column":10},"end":{"line":161,"column":40}},"70":{"start":{"line":162,"column":10},"end":{"line":162,"column":33}},"71":{"start":{"line":163,"column":15},"end":{"line":166,"column":9}},"72":{"start":{"line":164,"column":10},"end":{"line":164,"column":34}},"73":{"start":{"line":165,"column":10},"end":{"line":165,"column":27}},"74":{"start":{"line":167,"column":13},"end":{"line":172,"column":7}},"75":{"start":{"line":168,"column":8},"end":{"line":171,"column":9}},"76":{"start":{"line":169,"column":10},"end":{"line":169,"column":34}},"77":{"start":{"line":170,"column":10},"end":{"line":170,"column":27}},"78":{"start":{"line":175,"column":4},"end":{"line":177,"column":5}},"79":{"start":{"line":176,"column":6},"end":{"line":176,"column":30}},"80":{"start":{"line":179,"column":4},"end":{"line":188,"column":5}},"81":{"start":{"line":180,"column":19},"end":{"line":180,"column":38}},"82":{"start":{"line":181,"column":6},"end":{"line":186,"column":7}},"83":{"start":{"line":182,"column":8},"end":{"line":185,"column":9}},"84":{"start":{"line":183,"column":10},"end":{"line":183,"column":31}},"85":{"start":{"line":184,"column":10},"end":{"line":184,"column":16}},"86":{"start":{"line":187,"column":6},"end":{"line":187,"column":32}},"87":{"start":{"line":187,"column":21},"end":{"line":187,"column":32}},"88":{"start":{"line":190,"column":20},"end":{"line":190,"column":28}},"89":{"start":{"line":191,"column":4},"end":{"line":195,"column":5}},"90":{"start":{"line":192,"column":6},"end":{"line":194,"column":7}},"91":{"start":{"line":193,"column":8},"end":{"line":193,"column":86}},"92":{"start":{"line":197,"column":4},"end":{"line":197,"column":21}},"93":{"start":{"line":201,"column":4},"end":{"line":211,"column":5}},"94":{"start":{"line":202,"column":6},"end":{"line":208,"column":9}},"95":{"start":{"line":210,"column":6},"end":{"line":210,"column":82}},"96":{"start":{"line":219,"column":21},"end":{"line":219,"column":49}},"97":{"start":{"line":220,"column":40},"end":{"line":220,"column":44}},"98":{"start":{"line":222,"column":4},"end":{"line":255,"column":5}},"99":{"start":{"line":230,"column":6},"end":{"line":230,"column":48}},"100":{"start":{"line":231,"column":11},"end":{"line":255,"column":5}},"101":{"start":{"line":239,"column":6},"end":{"line":239,"column":47}},"102":{"start":{"line":240,"column":11},"end":{"line":255,"column":5}},"103":{"start":{"line":247,"column":6},"end":{"line":247,"column":50}},"104":{"start":{"line":248,"column":11},"end":{"line":255,"column":5}},"105":{"start":{"line":254,"column":6},"end":{"line":254,"column":50}},"106":{"start":{"line":257,"column":4},"end":{"line":259,"column":5}},"107":{"start":{"line":258,"column":6},"end":{"line":258,"column":18}},"108":{"start":{"line":261,"column":28},"end":{"line":261,"column":97}},"109":{"start":{"line":263,"column":65},"end":{"line":263,"column":81}},"110":{"start":{"line":265,"column":4},"end":{"line":287,"column":5}},"111":{"start":{"line":266,"column":6},"end":{"line":266,"column":68}},"112":{"start":{"line":268,"column":6},"end":{"line":286,"column":7}},"113":{"start":{"line":270,"column":10},"end":{"line":270,"column":64}},"114":{"start":{"line":271,"column":10},"end":{"line":271,"column":16}},"115":{"start":{"line":273,"column":10},"end":{"line":273,"column":67}},"116":{"start":{"line":274,"column":10},"end":{"line":274,"column":16}},"117":{"start":{"line":276,"column":10},"end":{"line":276,"column":66}},"118":{"start":{"line":277,"column":10},"end":{"line":277,"column":16}},"119":{"start":{"line":279,"column":10},"end":{"line":279,"column":60}},"120":{"start":{"line":280,"column":10},"end":{"line":280,"column":16}},"121":{"start":{"line":282,"column":10},"end":{"line":282,"column":63}},"122":{"start":{"line":283,"column":10},"end":{"line":283,"column":16}},"123":{"start":{"line":285,"column":10},"end":{"line":285,"column":65}},"124":{"start":{"line":289,"column":4},"end":{"line":292,"column":6}},"125":{"start":{"line":296,"column":4},"end":{"line":307,"column":5}},"126":{"start":{"line":297,"column":22},"end":{"line":299,"column":8}},"127":{"start":{"line":300,"column":6},"end":{"line":304,"column":7}},"128":{"start":{"line":301,"column":8},"end":{"line":303,"column":61}},"129":{"start":{"line":306,"column":6},"end":{"line":306,"column":71}},"130":{"start":{"line":309,"column":4},"end":{"line":333,"column":6}},"131":{"start":{"line":337,"column":4},"end":{"line":354,"column":5}},"132":{"start":{"line":338,"column":6},"end":{"line":351,"column":9}},"133":{"start":{"line":353,"column":6},"end":{"line":353,"column":69}},"134":{"start":{"line":364,"column":4},"end":{"line":364,"column":96}},"135":{"start":{"line":365,"column":4},"end":{"line":365,"column":45}},"136":{"start":{"line":368,"column":29},"end":{"line":368,"column":74}},"137":{"start":{"line":372,"column":18},"end":{"line":372,"column":58}},"138":{"start":{"line":373,"column":23},"end":{"line":373,"column":41}},"139":{"start":{"line":376,"column":4},"end":{"line":379,"column":5}},"140":{"start":{"line":377,"column":6},"end":{"line":377,"column":38}},"141":{"start":{"line":378,"column":6},"end":{"line":378,"column":36}},"142":{"start":{"line":382,"column":4},"end":{"line":384,"column":5}},"143":{"start":{"line":383,"column":6},"end":{"line":383,"column":40}},"144":{"start":{"line":385,"column":4},"end":{"line":387,"column":5}},"145":{"start":{"line":386,"column":6},"end":{"line":386,"column":42}},"146":{"start":{"line":389,"column":4},"end":{"line":505,"column":5}},"147":{"start":{"line":390,"column":6},"end":{"line":390,"column":101}},"148":{"start":{"line":391,"column":23},"end":{"line":398,"column":null}},"149":{"start":{"line":401,"column":27},"end":{"line":401,"column":40}},"150":{"start":{"line":403,"column":6},"end":{"line":405,"column":7}},"151":{"start":{"line":404,"column":8},"end":{"line":404,"column":49}},"152":{"start":{"line":408,"column":6},"end":{"line":408,"column":141}},"153":{"start":{"line":411,"column":6},"end":{"line":451,"column":7}},"154":{"start":{"line":412,"column":26},"end":{"line":412,"column":50}},"155":{"start":{"line":413,"column":25},"end":{"line":413,"column":47}},"156":{"start":{"line":414,"column":21},"end":{"line":414,"column":43}},"157":{"start":{"line":417,"column":8},"end":{"line":424,"column":10}},"158":{"start":{"line":427,"column":32},"end":{"line":427,"column":41}},"159":{"start":{"line":428,"column":22},"end":{"line":428,"column":31}},"160":{"start":{"line":429,"column":25},"end":{"line":429,"column":55}},"161":{"start":{"line":430,"column":8},"end":{"line":436,"column":9}},"162":{"start":{"line":431,"column":10},"end":{"line":431,"column":41}},"163":{"start":{"line":432,"column":10},"end":{"line":432,"column":33}},"164":{"start":{"line":433,"column":15},"end":{"line":436,"column":9}},"165":{"start":{"line":434,"column":10},"end":{"line":434,"column":41}},"166":{"start":{"line":435,"column":10},"end":{"line":435,"column":28}},"167":{"start":{"line":437,"column":8},"end":{"line":437,"column":101}},"168":{"start":{"line":440,"column":8},"end":{"line":443,"column":9}},"169":{"start":{"line":441,"column":10},"end":{"line":441,"column":87}},"170":{"start":{"line":442,"column":10},"end":{"line":442,"column":135}},"171":{"start":{"line":446,"column":8},"end":{"line":448,"column":9}},"172":{"start":{"line":447,"column":10},"end":{"line":447,"column":115}},"173":{"start":{"line":450,"column":8},"end":{"line":450,"column":83}},"174":{"start":{"line":453,"column":6},"end":{"line":464,"column":7}},"175":{"start":{"line":454,"column":25},"end":{"line":454,"column":75}},"176":{"start":{"line":455,"column":8},"end":{"line":460,"column":9}},"177":{"start":{"line":456,"column":10},"end":{"line":456,"column":41}},"178":{"start":{"line":457,"column":10},"end":{"line":459,"column":11}},"179":{"start":{"line":458,"column":12},"end":{"line":458,"column":56}},"180":{"start":{"line":461,"column":8},"end":{"line":463,"column":9}},"181":{"start":{"line":462,"column":10},"end":{"line":462,"column":60}},"182":{"start":{"line":466,"column":6},"end":{"line":478,"column":7}},"183":{"start":{"line":467,"column":21},"end":{"line":467,"column":42}},"184":{"start":{"line":468,"column":8},"end":{"line":468,"column":91}},"185":{"start":{"line":468,"column":34},"end":{"line":468,"column":91}},"186":{"start":{"line":469,"column":8},"end":{"line":469,"column":93}},"187":{"start":{"line":469,"column":35},"end":{"line":469,"column":93}},"188":{"start":{"line":470,"column":8},"end":{"line":470,"column":93}},"189":{"start":{"line":470,"column":35},"end":{"line":470,"column":93}},"190":{"start":{"line":471,"column":8},"end":{"line":471,"column":93}},"191":{"start":{"line":471,"column":35},"end":{"line":471,"column":93}},"192":{"start":{"line":473,"column":8},"end":{"line":475,"column":9}},"193":{"start":{"line":474,"column":10},"end":{"line":474,"column":57}},"194":{"start":{"line":477,"column":8},"end":{"line":477,"column":93}},"195":{"start":{"line":481,"column":6},"end":{"line":481,"column":47}},"196":{"start":{"line":482,"column":6},"end":{"line":482,"column":97}},"197":{"start":{"line":483,"column":6},"end":{"line":487,"column":8}},"198":{"start":{"line":489,"column":6},"end":{"line":489,"column":114}},"199":{"start":{"line":490,"column":6},"end":{"line":490,"column":123}},"200":{"start":{"line":491,"column":6},"end":{"line":491,"column":149}},"201":{"start":{"line":492,"column":26},"end":{"line":492,"column":92}},"202":{"start":{"line":493,"column":6},"end":{"line":495,"column":7}},"203":{"start":{"line":494,"column":8},"end":{"line":494,"column":91}},"204":{"start":{"line":497,"column":6},"end":{"line":497,"column":142}},"205":{"start":{"line":498,"column":6},"end":{"line":498,"column":47}},"206":{"start":{"line":499,"column":6},"end":{"line":499,"column":92}},"207":{"start":{"line":500,"column":6},"end":{"line":504,"column":8}},"208":{"start":{"line":507,"column":4},"end":{"line":507,"column":31}},"209":{"start":{"line":507,"column":19},"end":{"line":507,"column":31}},"210":{"start":{"line":508,"column":27},"end":{"line":516,"column":5}},"211":{"start":{"line":509,"column":6},"end":{"line":509,"column":27}},"212":{"start":{"line":509,"column":17},"end":{"line":509,"column":27}},"213":{"start":{"line":510,"column":16},"end":{"line":510,"column":30}},"214":{"start":{"line":511,"column":18},"end":{"line":511,"column":29}},"215":{"start":{"line":512,"column":21},"end":{"line":512,"column":143}},"216":{"start":{"line":513,"column":20},"end":{"line":513,"column":40}},"217":{"start":{"line":514,"column":19},"end":{"line":514,"column":34}},"218":{"start":{"line":515,"column":6},"end":{"line":515,"column":39}},"219":{"start":{"line":518,"column":33},"end":{"line":531,"column":5}},"220":{"start":{"line":519,"column":6},"end":{"line":519,"column":38}},"221":{"start":{"line":519,"column":17},"end":{"line":519,"column":38}},"222":{"start":{"line":520,"column":20},"end":{"line":520,"column":59}},"223":{"start":{"line":521,"column":6},"end":{"line":521,"column":57}},"224":{"start":{"line":521,"column":36},"end":{"line":521,"column":57}},"225":{"start":{"line":522,"column":6},"end":{"line":522,"column":91}},"226":{"start":{"line":522,"column":68},"end":{"line":522,"column":91}},"227":{"start":{"line":523,"column":6},"end":{"line":523,"column":56}},"228":{"start":{"line":523,"column":35},"end":{"line":523,"column":56}},"229":{"start":{"line":524,"column":6},"end":{"line":524,"column":56}},"230":{"start":{"line":524,"column":36},"end":{"line":524,"column":56}},"231":{"start":{"line":525,"column":6},"end":{"line":525,"column":65}},"232":{"start":{"line":525,"column":36},"end":{"line":525,"column":65}},"233":{"start":{"line":526,"column":6},"end":{"line":526,"column":69}},"234":{"start":{"line":526,"column":38},"end":{"line":526,"column":69}},"235":{"start":{"line":527,"column":6},"end":{"line":527,"column":100}},"236":{"start":{"line":527,"column":64},"end":{"line":527,"column":100}},"237":{"start":{"line":528,"column":6},"end":{"line":528,"column":103}},"238":{"start":{"line":528,"column":72},"end":{"line":528,"column":103}},"239":{"start":{"line":529,"column":6},"end":{"line":529,"column":93}},"240":{"start":{"line":529,"column":67},"end":{"line":529,"column":93}},"241":{"start":{"line":530,"column":6},"end":{"line":530,"column":19}},"242":{"start":{"line":533,"column":42},"end":{"line":579,"column":5}},"243":{"start":{"line":539,"column":30},"end":{"line":539,"column":39}},"244":{"start":{"line":540,"column":6},"end":{"line":554,"column":7}},"245":{"start":{"line":541,"column":25},"end":{"line":541,"column":62}},"246":{"start":{"line":542,"column":8},"end":{"line":553,"column":9}},"247":{"start":{"line":543,"column":10},"end":{"line":543,"column":42}},"248":{"start":{"line":545,"column":25},"end":{"line":551,"column":12}},"249":{"start":{"line":552,"column":10},"end":{"line":552,"column":40}},"250":{"start":{"line":556,"column":22},"end":{"line":556,"column":96}},"251":{"start":{"line":557,"column":18},"end":{"line":557,"column":35}},"252":{"start":{"line":558,"column":18},"end":{"line":558,"column":36}},"253":{"start":{"line":559,"column":21},"end":{"line":559,"column":71}},"254":{"start":{"line":560,"column":29},"end":{"line":560,"column":74}},"255":{"start":{"line":562,"column":32},"end":{"line":562,"column":65}},"256":{"start":{"line":564,"column":25},"end":{"line":570,"column":8}},"257":{"start":{"line":572,"column":24},"end":{"line":575,"column":null}},"258":{"start":{"line":578,"column":6},"end":{"line":578,"column":23}},"259":{"start":{"line":581,"column":4},"end":{"line":840,"column":5}},"260":{"start":{"line":582,"column":6},"end":{"line":591,"column":7}},"261":{"start":{"line":583,"column":28},"end":{"line":583,"column":32}},"262":{"start":{"line":584,"column":8},"end":{"line":589,"column":9}},"263":{"start":{"line":585,"column":22},"end":{"line":585,"column":56}},"264":{"start":{"line":586,"column":10},"end":{"line":588,"column":11}},"265":{"start":{"line":587,"column":12},"end":{"line":587,"column":32}},"266":{"start":{"line":590,"column":8},"end":{"line":590,"column":29}},"267":{"start":{"line":592,"column":6},"end":{"line":592,"column":63}},"268":{"start":{"line":593,"column":6},"end":{"line":837,"column":7}},"269":{"start":{"line":595,"column":10},"end":{"line":601,"column":13}},"270":{"start":{"line":602,"column":10},"end":{"line":602,"column":16}},"271":{"start":{"line":604,"column":26},"end":{"line":634,"column":12}},"272":{"start":{"line":635,"column":10},"end":{"line":635,"column":25}},"273":{"start":{"line":637,"column":23},"end":{"line":641,"column":null}},"274":{"start":{"line":644,"column":53},"end":{"line":644,"column":57}},"275":{"start":{"line":645,"column":10},"end":{"line":655,"column":11}},"276":{"start":{"line":646,"column":31},"end":{"line":650,"column":null}},"277":{"start":{"line":652,"column":12},"end":{"line":652,"column":50}},"278":{"start":{"line":654,"column":12},"end":{"line":654,"column":90}},"279":{"start":{"line":657,"column":10},"end":{"line":667,"column":13}},"280":{"start":{"line":668,"column":10},"end":{"line":679,"column":13}},"281":{"start":{"line":680,"column":10},"end":{"line":680,"column":16}},"282":{"start":{"line":682,"column":22},"end":{"line":689,"column":null}},"283":{"start":{"line":692,"column":56},"end":{"line":692,"column":60}},"284":{"start":{"line":693,"column":10},"end":{"line":703,"column":11}},"285":{"start":{"line":694,"column":31},"end":{"line":698,"column":null}},"286":{"start":{"line":700,"column":12},"end":{"line":700,"column":53}},"287":{"start":{"line":702,"column":12},"end":{"line":702,"column":90}},"288":{"start":{"line":705,"column":10},"end":{"line":710,"column":13}},"289":{"start":{"line":712,"column":10},"end":{"line":723,"column":13}},"290":{"start":{"line":724,"column":10},"end":{"line":724,"column":16}},"291":{"start":{"line":726,"column":23},"end":{"line":732,"column":null}},"292":{"start":{"line":735,"column":55},"end":{"line":735,"column":59}},"293":{"start":{"line":736,"column":10},"end":{"line":746,"column":11}},"294":{"start":{"line":737,"column":31},"end":{"line":741,"column":null}},"295":{"start":{"line":743,"column":12},"end":{"line":743,"column":52}},"296":{"start":{"line":745,"column":12},"end":{"line":745,"column":90}},"297":{"start":{"line":748,"column":10},"end":{"line":753,"column":13}},"298":{"start":{"line":755,"column":10},"end":{"line":766,"column":13}},"299":{"start":{"line":767,"column":10},"end":{"line":767,"column":16}},"300":{"start":{"line":769,"column":22},"end":{"line":776,"column":null}},"301":{"start":{"line":779,"column":49},"end":{"line":779,"column":53}},"302":{"start":{"line":780,"column":10},"end":{"line":790,"column":11}},"303":{"start":{"line":781,"column":31},"end":{"line":785,"column":null}},"304":{"start":{"line":787,"column":12},"end":{"line":787,"column":46}},"305":{"start":{"line":789,"column":12},"end":{"line":789,"column":90}},"306":{"start":{"line":792,"column":10},"end":{"line":797,"column":13}},"307":{"start":{"line":799,"column":10},"end":{"line":810,"column":13}},"308":{"start":{"line":811,"column":10},"end":{"line":811,"column":16}},"309":{"start":{"line":813,"column":28},"end":{"line":813,"column":91}},"310":{"start":{"line":814,"column":10},"end":{"line":821,"column":11}},"311":{"start":{"line":815,"column":35},"end":{"line":819,"column":14}},"312":{"start":{"line":820,"column":12},"end":{"line":820,"column":88}},"313":{"start":{"line":822,"column":28},"end":{"line":826,"column":12}},"314":{"start":{"line":827,"column":10},"end":{"line":827,"column":81}},"315":{"start":{"line":829,"column":10},"end":{"line":835,"column":12}},"316":{"start":{"line":836,"column":10},"end":{"line":836,"column":16}},"317":{"start":{"line":839,"column":6},"end":{"line":839,"column":73}},"318":{"start":{"line":841,"column":4},"end":{"line":841,"column":16}},"319":{"start":{"line":850,"column":21},"end":{"line":850,"column":49}},"320":{"start":{"line":853,"column":27},"end":{"line":853,"column":81}},"321":{"start":{"line":854,"column":4},"end":{"line":856,"column":5}},"322":{"start":{"line":855,"column":6},"end":{"line":855,"column":28}},"323":{"start":{"line":858,"column":20},"end":{"line":858,"column":38}},"324":{"start":{"line":859,"column":23},"end":{"line":859,"column":30}},"325":{"start":{"line":860,"column":26},"end":{"line":864,"column":23}},"326":{"start":{"line":867,"column":33},"end":{"line":868,"column":null}},"327":{"start":{"line":872,"column":26},"end":{"line":872,"column":51}},"328":{"start":{"line":873,"column":4},"end":{"line":910,"column":5}},"329":{"start":{"line":874,"column":19},"end":{"line":874,"column":41}},"330":{"start":{"line":875,"column":6},"end":{"line":909,"column":7}},"331":{"start":{"line":877,"column":10},"end":{"line":877,"column":65}},"332":{"start":{"line":880,"column":10},"end":{"line":880,"column":47}},"333":{"start":{"line":881,"column":10},"end":{"line":884,"column":12}},"334":{"start":{"line":887,"column":10},"end":{"line":889,"column":11}},"335":{"start":{"line":888,"column":12},"end":{"line":888,"column":63}},"336":{"start":{"line":890,"column":10},"end":{"line":890,"column":16}},"337":{"start":{"line":892,"column":10},"end":{"line":892,"column":32}},"338":{"start":{"line":893,"column":10},"end":{"line":893,"column":31}},"339":{"start":{"line":894,"column":10},"end":{"line":894,"column":26}},"340":{"start":{"line":895,"column":10},"end":{"line":898,"column":12}},"341":{"start":{"line":900,"column":10},"end":{"line":900,"column":38}},"342":{"start":{"line":901,"column":10},"end":{"line":901,"column":31}},"343":{"start":{"line":902,"column":10},"end":{"line":902,"column":53}},"344":{"start":{"line":904,"column":10},"end":{"line":904,"column":41}},"345":{"start":{"line":905,"column":10},"end":{"line":908,"column":12}},"346":{"start":{"line":912,"column":35},"end":{"line":916,"column":6}},"347":{"start":{"line":918,"column":33},"end":{"line":922,"column":6}},"348":{"start":{"line":925,"column":4},"end":{"line":1009,"column":5}},"349":{"start":{"line":926,"column":6},"end":{"line":975,"column":7}},"350":{"start":{"line":927,"column":21},"end":{"line":927,"column":22}},"351":{"start":{"line":928,"column":25},"end":{"line":928,"column":54}},"352":{"start":{"line":929,"column":8},"end":{"line":941,"column":9}},"353":{"start":{"line":930,"column":10},"end":{"line":930,"column":41}},"354":{"start":{"line":931,"column":15},"end":{"line":941,"column":9}},"355":{"start":{"line":932,"column":10},"end":{"line":932,"column":21}},"356":{"start":{"line":933,"column":15},"end":{"line":941,"column":9}},"357":{"start":{"line":934,"column":10},"end":{"line":934,"column":21}},"358":{"start":{"line":935,"column":15},"end":{"line":941,"column":9}},"359":{"start":{"line":936,"column":10},"end":{"line":936,"column":21}},"360":{"start":{"line":937,"column":15},"end":{"line":941,"column":9}},"361":{"start":{"line":938,"column":10},"end":{"line":938,"column":21}},"362":{"start":{"line":939,"column":15},"end":{"line":941,"column":9}},"363":{"start":{"line":940,"column":10},"end":{"line":940,"column":21}},"364":{"start":{"line":943,"column":8},"end":{"line":948,"column":9}},"365":{"start":{"line":944,"column":10},"end":{"line":947,"column":12}},"366":{"start":{"line":950,"column":8},"end":{"line":974,"column":9}},"367":{"start":{"line":951,"column":10},"end":{"line":951,"column":119}},"368":{"start":{"line":952,"column":10},"end":{"line":952,"column":31}},"369":{"start":{"line":953,"column":10},"end":{"line":953,"column":32}},"370":{"start":{"line":954,"column":10},"end":{"line":954,"column":26}},"371":{"start":{"line":955,"column":10},"end":{"line":958,"column":12}},"372":{"start":{"line":959,"column":15},"end":{"line":974,"column":9}},"373":{"start":{"line":960,"column":10},"end":{"line":960,"column":51}},"374":{"start":{"line":961,"column":10},"end":{"line":961,"column":45}},"375":{"start":{"line":962,"column":26},"end":{"line":962,"column":69}},"376":{"start":{"line":963,"column":10},"end":{"line":966,"column":12}},"377":{"start":{"line":968,"column":10},"end":{"line":968,"column":51}},"378":{"start":{"line":969,"column":10},"end":{"line":969,"column":45}},"379":{"start":{"line":970,"column":10},"end":{"line":973,"column":12}},"380":{"start":{"line":977,"column":6},"end":{"line":989,"column":7}},"381":{"start":{"line":978,"column":23},"end":{"line":978,"column":53}},"382":{"start":{"line":979,"column":23},"end":{"line":979,"column":129}},"383":{"start":{"line":980,"column":24},"end":{"line":980,"column":45}},"384":{"start":{"line":981,"column":8},"end":{"line":981,"column":122}},"385":{"start":{"line":982,"column":8},"end":{"line":982,"column":29}},"386":{"start":{"line":983,"column":8},"end":{"line":983,"column":30}},"387":{"start":{"line":984,"column":8},"end":{"line":984,"column":24}},"388":{"start":{"line":985,"column":8},"end":{"line":988,"column":10}},"389":{"start":{"line":991,"column":6},"end":{"line":1008,"column":7}},"390":{"start":{"line":992,"column":23},"end":{"line":992,"column":53}},"391":{"start":{"line":993,"column":23},"end":{"line":993,"column":129}},"392":{"start":{"line":994,"column":8},"end":{"line":999,"column":9}},"393":{"start":{"line":995,"column":10},"end":{"line":998,"column":12}},"394":{"start":{"line":1000,"column":8},"end":{"line":1000,"column":122}},"395":{"start":{"line":1001,"column":8},"end":{"line":1001,"column":29}},"396":{"start":{"line":1002,"column":8},"end":{"line":1002,"column":30}},"397":{"start":{"line":1003,"column":8},"end":{"line":1003,"column":24}},"398":{"start":{"line":1004,"column":8},"end":{"line":1007,"column":10}},"399":{"start":{"line":1013,"column":25},"end":{"line":1013,"column":84}},"400":{"start":{"line":1014,"column":38},"end":{"line":1025,"column":null}},"401":{"start":{"line":1027,"column":4},"end":{"line":1090,"column":5}},"402":{"start":{"line":1028,"column":6},"end":{"line":1028,"column":40}},"403":{"start":{"line":1029,"column":6},"end":{"line":1029,"column":44}},"404":{"start":{"line":1032,"column":6},"end":{"line":1044,"column":7}},"405":{"start":{"line":1033,"column":8},"end":{"line":1043,"column":9}},"406":{"start":{"line":1034,"column":10},"end":{"line":1040,"column":13}},"407":{"start":{"line":1042,"column":10},"end":{"line":1042,"column":88}},"408":{"start":{"line":1047,"column":6},"end":{"line":1057,"column":7}},"409":{"start":{"line":1048,"column":8},"end":{"line":1054,"column":11}},"410":{"start":{"line":1056,"column":8},"end":{"line":1056,"column":91}},"411":{"start":{"line":1060,"column":6},"end":{"line":1068,"column":27}},"412":{"start":{"line":1061,"column":8},"end":{"line":1067,"column":11}},"413":{"start":{"line":1070,"column":6},"end":{"line":1089,"column":7}},"414":{"start":{"line":1071,"column":8},"end":{"line":1075,"column":9}},"415":{"start":{"line":1072,"column":10},"end":{"line":1072,"column":42}},"416":{"start":{"line":1074,"column":10},"end":{"line":1074,"column":52}},"417":{"start":{"line":1076,"column":13},"end":{"line":1089,"column":7}},"418":{"start":{"line":1077,"column":8},"end":{"line":1077,"column":60}},"419":{"start":{"line":1078,"column":13},"end":{"line":1089,"column":7}},"420":{"start":{"line":1079,"column":8},"end":{"line":1079,"column":40}},"421":{"start":{"line":1080,"column":8},"end":{"line":1083,"column":10}},"422":{"start":{"line":1085,"column":8},"end":{"line":1088,"column":10}},"423":{"start":{"line":1093,"column":30},"end":{"line":1097,"column":6}},"424":{"start":{"line":1098,"column":4},"end":{"line":1106,"column":5}},"425":{"start":{"line":1098,"column":42},"end":{"line":1098,"column":68}},"426":{"start":{"line":1099,"column":6},"end":{"line":1099,"column":28}},"427":{"start":{"line":1100,"column":6},"end":{"line":1100,"column":27}},"428":{"start":{"line":1101,"column":6},"end":{"line":1101,"column":22}},"429":{"start":{"line":1102,"column":6},"end":{"line":1105,"column":8}},"430":{"start":{"line":1109,"column":4},"end":{"line":1171,"column":5}},"431":{"start":{"line":1110,"column":24},"end":{"line":1110,"column":29}},"432":{"start":{"line":1111,"column":6},"end":{"line":1123,"column":7}},"433":{"start":{"line":1112,"column":8},"end":{"line":1112,"column":30}},"434":{"start":{"line":1113,"column":8},"end":{"line":1113,"column":38}},"435":{"start":{"line":1114,"column":8},"end":{"line":1114,"column":27}},"436":{"start":{"line":1115,"column":13},"end":{"line":1123,"column":7}},"437":{"start":{"line":1116,"column":8},"end":{"line":1116,"column":30}},"438":{"start":{"line":1117,"column":8},"end":{"line":1117,"column":38}},"439":{"start":{"line":1118,"column":8},"end":{"line":1118,"column":27}},"440":{"start":{"line":1119,"column":13},"end":{"line":1123,"column":7}},"441":{"start":{"line":1120,"column":8},"end":{"line":1120,"column":36}},"442":{"start":{"line":1121,"column":8},"end":{"line":1121,"column":38}},"443":{"start":{"line":1122,"column":8},"end":{"line":1122,"column":27}},"444":{"start":{"line":1125,"column":6},"end":{"line":1131,"column":7}},"445":{"start":{"line":1126,"column":8},"end":{"line":1126,"column":60}},"446":{"start":{"line":1127,"column":8},"end":{"line":1130,"column":10}},"447":{"start":{"line":1134,"column":23},"end":{"line":1134,"column":58}},"448":{"start":{"line":1135,"column":6},"end":{"line":1170,"column":7}},"449":{"start":{"line":1136,"column":8},"end":{"line":1136,"column":34}},"450":{"start":{"line":1137,"column":8},"end":{"line":1137,"column":38}},"451":{"start":{"line":1138,"column":8},"end":{"line":1138,"column":60}},"452":{"start":{"line":1140,"column":8},"end":{"line":1164,"column":9}},"453":{"start":{"line":1141,"column":10},"end":{"line":1145,"column":11}},"454":{"start":{"line":1142,"column":12},"end":{"line":1142,"column":52}},"455":{"start":{"line":1143,"column":17},"end":{"line":1145,"column":11}},"456":{"start":{"line":1144,"column":12},"end":{"line":1144,"column":46}},"457":{"start":{"line":1146,"column":15},"end":{"line":1164,"column":9}},"458":{"start":{"line":1147,"column":10},"end":{"line":1155,"column":11}},"459":{"start":{"line":1148,"column":12},"end":{"line":1148,"column":52}},"460":{"start":{"line":1149,"column":17},"end":{"line":1155,"column":11}},"461":{"start":{"line":1150,"column":12},"end":{"line":1150,"column":48}},"462":{"start":{"line":1151,"column":17},"end":{"line":1155,"column":11}},"463":{"start":{"line":1152,"column":12},"end":{"line":1152,"column":59}},"464":{"start":{"line":1153,"column":17},"end":{"line":1155,"column":11}},"465":{"start":{"line":1154,"column":12},"end":{"line":1154,"column":54}},"466":{"start":{"line":1156,"column":15},"end":{"line":1164,"column":9}},"467":{"start":{"line":1157,"column":10},"end":{"line":1163,"column":11}},"468":{"start":{"line":1158,"column":12},"end":{"line":1158,"column":49}},"469":{"start":{"line":1159,"column":17},"end":{"line":1163,"column":11}},"470":{"start":{"line":1160,"column":12},"end":{"line":1160,"column":51}},"471":{"start":{"line":1161,"column":17},"end":{"line":1163,"column":11}},"472":{"start":{"line":1162,"column":12},"end":{"line":1162,"column":48}},"473":{"start":{"line":1166,"column":8},"end":{"line":1169,"column":10}},"474":{"start":{"line":1173,"column":17},"end":{"line":1173,"column":31}},"475":{"start":{"line":1176,"column":4},"end":{"line":1184,"column":5}},"476":{"start":{"line":1177,"column":6},"end":{"line":1177,"column":28}},"477":{"start":{"line":1178,"column":6},"end":{"line":1178,"column":27}},"478":{"start":{"line":1179,"column":6},"end":{"line":1179,"column":22}},"479":{"start":{"line":1180,"column":6},"end":{"line":1183,"column":8}},"480":{"start":{"line":1187,"column":4},"end":{"line":1219,"column":5}},"481":{"start":{"line":1188,"column":25},"end":{"line":1188,"column":60}},"482":{"start":{"line":1189,"column":6},"end":{"line":1218,"column":7}},"483":{"start":{"line":1190,"column":8},"end":{"line":1190,"column":36}},"484":{"start":{"line":1191,"column":8},"end":{"line":1191,"column":29}},"485":{"start":{"line":1193,"column":8},"end":{"line":1217,"column":9}},"486":{"start":{"line":1194,"column":10},"end":{"line":1198,"column":11}},"487":{"start":{"line":1195,"column":12},"end":{"line":1195,"column":52}},"488":{"start":{"line":1196,"column":17},"end":{"line":1198,"column":11}},"489":{"start":{"line":1197,"column":12},"end":{"line":1197,"column":46}},"490":{"start":{"line":1199,"column":15},"end":{"line":1217,"column":9}},"491":{"start":{"line":1200,"column":10},"end":{"line":1208,"column":11}},"492":{"start":{"line":1201,"column":12},"end":{"line":1201,"column":52}},"493":{"start":{"line":1202,"column":17},"end":{"line":1208,"column":11}},"494":{"start":{"line":1203,"column":12},"end":{"line":1203,"column":48}},"495":{"start":{"line":1204,"column":17},"end":{"line":1208,"column":11}},"496":{"start":{"line":1205,"column":12},"end":{"line":1205,"column":59}},"497":{"start":{"line":1206,"column":17},"end":{"line":1208,"column":11}},"498":{"start":{"line":1207,"column":12},"end":{"line":1207,"column":54}},"499":{"start":{"line":1209,"column":15},"end":{"line":1217,"column":9}},"500":{"start":{"line":1210,"column":10},"end":{"line":1216,"column":11}},"501":{"start":{"line":1211,"column":12},"end":{"line":1211,"column":49}},"502":{"start":{"line":1212,"column":17},"end":{"line":1216,"column":11}},"503":{"start":{"line":1213,"column":12},"end":{"line":1213,"column":51}},"504":{"start":{"line":1214,"column":17},"end":{"line":1216,"column":11}},"505":{"start":{"line":1215,"column":12},"end":{"line":1215,"column":48}},"506":{"start":{"line":1221,"column":4},"end":{"line":1247,"column":5}},"507":{"start":{"line":1223,"column":22},"end":{"line":1232,"column":8}},"508":{"start":{"line":1234,"column":6},"end":{"line":1241,"column":7}},"509":{"start":{"line":1235,"column":8},"end":{"line":1240,"column":9}},"510":{"start":{"line":1235,"column":31},"end":{"line":1235,"column":51}},"511":{"start":{"line":1236,"column":10},"end":{"line":1239,"column":12}},"512":{"start":{"line":1243,"column":6},"end":{"line":1246,"column":8}},"513":{"start":{"line":1250,"column":4},"end":{"line":1252,"column":5}},"514":{"start":{"line":1251,"column":6},"end":{"line":1251,"column":63}},"515":{"start":{"line":1255,"column":4},"end":{"line":1257,"column":5}},"516":{"start":{"line":1256,"column":6},"end":{"line":1256,"column":23}},"517":{"start":{"line":1260,"column":25},"end":{"line":1260,"column":27}},"518":{"start":{"line":1261,"column":4},"end":{"line":1266,"column":5}},"519":{"start":{"line":1262,"column":6},"end":{"line":1262,"column":82}},"520":{"start":{"line":1263,"column":6},"end":{"line":1265,"column":7}},"521":{"start":{"line":1264,"column":8},"end":{"line":1264,"column":39}},"522":{"start":{"line":1269,"column":4},"end":{"line":1287,"column":5}},"523":{"start":{"line":1271,"column":8},"end":{"line":1271,"column":62}},"524":{"start":{"line":1272,"column":8},"end":{"line":1272,"column":14}},"525":{"start":{"line":1274,"column":8},"end":{"line":1274,"column":65}},"526":{"start":{"line":1275,"column":8},"end":{"line":1275,"column":14}},"527":{"start":{"line":1277,"column":8},"end":{"line":1277,"column":64}},"528":{"start":{"line":1278,"column":8},"end":{"line":1278,"column":14}},"529":{"start":{"line":1280,"column":8},"end":{"line":1280,"column":58}},"530":{"start":{"line":1281,"column":8},"end":{"line":1281,"column":14}},"531":{"start":{"line":1283,"column":8},"end":{"line":1283,"column":61}},"532":{"start":{"line":1284,"column":8},"end":{"line":1284,"column":14}},"533":{"start":{"line":1286,"column":8},"end":{"line":1286,"column":84}},"534":{"start":{"line":1290,"column":4},"end":{"line":1290,"column":81}},"535":{"start":{"line":1292,"column":4},"end":{"line":1294,"column":5}},"536":{"start":{"line":1293,"column":6},"end":{"line":1293,"column":51}},"537":{"start":{"line":1295,"column":4},"end":{"line":1295,"column":15}},"538":{"start":{"line":1299,"column":4},"end":{"line":1301,"column":5}},"539":{"start":{"line":1300,"column":6},"end":{"line":1300,"column":25}},"540":{"start":{"line":1302,"column":4},"end":{"line":1304,"column":5}},"541":{"start":{"line":1303,"column":6},"end":{"line":1303,"column":28}},"542":{"start":{"line":1305,"column":4},"end":{"line":1307,"column":5}},"543":{"start":{"line":1306,"column":6},"end":{"line":1306,"column":27}},"544":{"start":{"line":1308,"column":4},"end":{"line":1310,"column":5}},"545":{"start":{"line":1309,"column":6},"end":{"line":1309,"column":21}},"546":{"start":{"line":1311,"column":4},"end":{"line":1313,"column":5}},"547":{"start":{"line":1312,"column":6},"end":{"line":1312,"column":24}},"548":{"start":{"line":1314,"column":4},"end":{"line":1314,"column":16}},"549":{"start":{"line":1327,"column":4},"end":{"line":1344,"column":5}},"550":{"start":{"line":1328,"column":6},"end":{"line":1341,"column":9}},"551":{"start":{"line":1343,"column":6},"end":{"line":1343,"column":69}},"552":{"start":{"line":1349,"column":4},"end":{"line":1352,"column":38}},"553":{"start":{"line":1350,"column":21},"end":{"line":1350,"column":40}},"554":{"start":{"line":1351,"column":6},"end":{"line":1351,"column":49}},"555":{"start":{"line":1351,"column":35},"end":{"line":1351,"column":49}},"556":{"start":{"line":1353,"column":4},"end":{"line":1355,"column":5}},"557":{"start":{"line":1354,"column":6},"end":{"line":1354,"column":53}},"558":{"start":{"line":1356,"column":4},"end":{"line":1356,"column":16}},"559":{"start":{"line":1364,"column":4},"end":{"line":1375,"column":5}},"560":{"start":{"line":1366,"column":8},"end":{"line":1366,"column":70}},"561":{"start":{"line":1368,"column":8},"end":{"line":1368,"column":73}},"562":{"start":{"line":1370,"column":8},"end":{"line":1370,"column":72}},"563":{"start":{"line":1372,"column":8},"end":{"line":1372,"column":66}},"564":{"start":{"line":1374,"column":8},"end":{"line":1374,"column":110}},"565":{"start":{"line":1379,"column":4},"end":{"line":1379,"column":79}},"566":{"start":{"line":1383,"column":23},"end":{"line":1383,"column":57}},"567":{"start":{"line":1384,"column":4},"end":{"line":1384,"column":64}},"568":{"start":{"line":1394,"column":22},"end":{"line":1399,"column":38}},"569":{"start":{"line":1401,"column":4},"end":{"line":1415,"column":5}},"570":{"start":{"line":1402,"column":6},"end":{"line":1406,"column":8}},"571":{"start":{"line":1408,"column":6},"end":{"line":1408,"column":27}},"572":{"start":{"line":1409,"column":6},"end":{"line":1414,"column":8}},"573":{"start":{"line":1416,"column":4},"end":{"line":1416,"column":18}},"574":{"start":{"line":1423,"column":21},"end":{"line":1423,"column":49}},"575":{"start":{"line":1424,"column":22},"end":{"line":1424,"column":72}},"576":{"start":{"line":1426,"column":4},"end":{"line":1428,"column":5}},"577":{"start":{"line":1427,"column":6},"end":{"line":1427,"column":50}},"578":{"start":{"line":1429,"column":4},"end":{"line":1431,"column":5}},"579":{"start":{"line":1430,"column":6},"end":{"line":1430,"column":58}},"580":{"start":{"line":1432,"column":4},"end":{"line":1435,"column":5}},"581":{"start":{"line":1433,"column":6},"end":{"line":1433,"column":46}},"582":{"start":{"line":1434,"column":6},"end":{"line":1434,"column":50}},"583":{"start":{"line":1438,"column":20},"end":{"line":1438,"column":38}},"584":{"start":{"line":1439,"column":4},"end":{"line":1456,"column":5}},"585":{"start":{"line":1440,"column":27},"end":{"line":1440,"column":71}},"586":{"start":{"line":1441,"column":6},"end":{"line":1455,"column":7}},"587":{"start":{"line":1442,"column":8},"end":{"line":1442,"column":40}},"588":{"start":{"line":1443,"column":30},"end":{"line":1443,"column":93}},"589":{"start":{"line":1444,"column":31},"end":{"line":1444,"column":134}},"590":{"start":{"line":1445,"column":25},"end":{"line":1445,"column":34}},"591":{"start":{"line":1446,"column":24},"end":{"line":1446,"column":41}},"592":{"start":{"line":1447,"column":8},"end":{"line":1450,"column":9}},"593":{"start":{"line":1448,"column":10},"end":{"line":1448,"column":37}},"594":{"start":{"line":1449,"column":10},"end":{"line":1449,"column":36}},"595":{"start":{"line":1451,"column":8},"end":{"line":1454,"column":10}},"596":{"start":{"line":1459,"column":4},"end":{"line":1785,"column":5}},"597":{"start":{"line":1460,"column":6},"end":{"line":1784,"column":5}},"598":{"start":{"line":1461,"column":24},"end":{"line":1461,"column":78}},"599":{"start":{"line":1462,"column":8},"end":{"line":1483,"column":7}},"600":{"start":{"line":1463,"column":10},"end":{"line":1463,"column":50}},"601":{"start":{"line":1464,"column":10},"end":{"line":1466,"column":11}},"602":{"start":{"line":1465,"column":12},"end":{"line":1465,"column":46}},"603":{"start":{"line":1467,"column":8},"end":{"line":1467,"column":39}},"604":{"start":{"line":1468,"column":21},"end":{"line":1468,"column":43}},"605":{"start":{"line":1469,"column":25},"end":{"line":1469,"column":113}},"606":{"start":{"line":1470,"column":8},"end":{"line":1473,"column":9}},"607":{"start":{"line":1471,"column":10},"end":{"line":1471,"column":157}},"608":{"start":{"line":1472,"column":10},"end":{"line":1472,"column":44}},"609":{"start":{"line":1474,"column":8},"end":{"line":1477,"column":10}},"610":{"start":{"line":1479,"column":8},"end":{"line":1482,"column":10}},"611":{"start":{"line":1484,"column":11},"end":{"line":1784,"column":5}},"612":{"start":{"line":1485,"column":6},"end":{"line":1503,"column":7}},"613":{"start":{"line":1486,"column":8},"end":{"line":1486,"column":71}},"614":{"start":{"line":1487,"column":8},"end":{"line":1489,"column":9}},"615":{"start":{"line":1488,"column":10},"end":{"line":1488,"column":44}},"616":{"start":{"line":1490,"column":8},"end":{"line":1490,"column":38}},"617":{"start":{"line":1491,"column":13},"end":{"line":1503,"column":7}},"618":{"start":{"line":1492,"column":8},"end":{"line":1492,"column":37}},"619":{"start":{"line":1493,"column":8},"end":{"line":1493,"column":38}},"620":{"start":{"line":1494,"column":8},"end":{"line":1497,"column":10}},"621":{"start":{"line":1499,"column":8},"end":{"line":1502,"column":10}},"622":{"start":{"line":1504,"column":11},"end":{"line":1784,"column":5}},"623":{"start":{"line":1505,"column":6},"end":{"line":1517,"column":7}},"624":{"start":{"line":1506,"column":8},"end":{"line":1506,"column":86}},"625":{"start":{"line":1507,"column":8},"end":{"line":1507,"column":41}},"626":{"start":{"line":1508,"column":8},"end":{"line":1511,"column":10}},"627":{"start":{"line":1513,"column":8},"end":{"line":1516,"column":10}},"628":{"start":{"line":1518,"column":11},"end":{"line":1784,"column":5}},"629":{"start":{"line":1519,"column":25},"end":{"line":1519,"column":39}},"630":{"start":{"line":1520,"column":6},"end":{"line":1528,"column":7}},"631":{"start":{"line":1522,"column":8},"end":{"line":1522,"column":36}},"632":{"start":{"line":1523,"column":8},"end":{"line":1523,"column":51}},"633":{"start":{"line":1524,"column":8},"end":{"line":1527,"column":10}},"634":{"start":{"line":1529,"column":6},"end":{"line":1550,"column":7}},"635":{"start":{"line":1530,"column":8},"end":{"line":1530,"column":44}},"636":{"start":{"line":1531,"column":8},"end":{"line":1531,"column":48}},"637":{"start":{"line":1532,"column":8},"end":{"line":1532,"column":40}},"638":{"start":{"line":1533,"column":30},"end":{"line":1533,"column":93}},"639":{"start":{"line":1534,"column":31},"end":{"line":1534,"column":134}},"640":{"start":{"line":1535,"column":25},"end":{"line":1535,"column":34}},"641":{"start":{"line":1536,"column":24},"end":{"line":1536,"column":41}},"642":{"start":{"line":1537,"column":8},"end":{"line":1540,"column":9}},"643":{"start":{"line":1538,"column":10},"end":{"line":1538,"column":37}},"644":{"start":{"line":1539,"column":10},"end":{"line":1539,"column":36}},"645":{"start":{"line":1541,"column":8},"end":{"line":1544,"column":10}},"646":{"start":{"line":1546,"column":8},"end":{"line":1549,"column":10}},"647":{"start":{"line":1551,"column":11},"end":{"line":1784,"column":5}},"648":{"start":{"line":1552,"column":24},"end":{"line":1552,"column":38}},"649":{"start":{"line":1553,"column":6},"end":{"line":1577,"column":7}},"650":{"start":{"line":1554,"column":24},"end":{"line":1554,"column":72}},"651":{"start":{"line":1555,"column":8},"end":{"line":1555,"column":39}},"652":{"start":{"line":1556,"column":8},"end":{"line":1556,"column":43}},"653":{"start":{"line":1557,"column":8},"end":{"line":1557,"column":67}},"654":{"start":{"line":1558,"column":8},"end":{"line":1558,"column":45}},"655":{"start":{"line":1559,"column":8},"end":{"line":1559,"column":40}},"656":{"start":{"line":1560,"column":30},"end":{"line":1560,"column":93}},"657":{"start":{"line":1561,"column":31},"end":{"line":1561,"column":134}},"658":{"start":{"line":1562,"column":25},"end":{"line":1562,"column":34}},"659":{"start":{"line":1563,"column":24},"end":{"line":1563,"column":41}},"660":{"start":{"line":1564,"column":8},"end":{"line":1567,"column":9}},"661":{"start":{"line":1565,"column":10},"end":{"line":1565,"column":37}},"662":{"start":{"line":1566,"column":10},"end":{"line":1566,"column":36}},"663":{"start":{"line":1568,"column":8},"end":{"line":1571,"column":10}},"664":{"start":{"line":1573,"column":8},"end":{"line":1576,"column":10}},"665":{"start":{"line":1578,"column":11},"end":{"line":1784,"column":5}},"666":{"start":{"line":1579,"column":6},"end":{"line":1619,"column":7}},"667":{"start":{"line":1580,"column":8},"end":{"line":1580,"column":40}},"668":{"start":{"line":1581,"column":30},"end":{"line":1581,"column":93}},"669":{"start":{"line":1582,"column":31},"end":{"line":1582,"column":133}},"670":{"start":{"line":1583,"column":8},"end":{"line":1586,"column":10}},"671":{"start":{"line":1587,"column":13},"end":{"line":1619,"column":7}},"672":{"start":{"line":1588,"column":8},"end":{"line":1588,"column":32}},"673":{"start":{"line":1589,"column":8},"end":{"line":1589,"column":36}},"674":{"start":{"line":1590,"column":8},"end":{"line":1590,"column":41}},"675":{"start":{"line":1591,"column":8},"end":{"line":1594,"column":10}},"676":{"start":{"line":1596,"column":20},"end":{"line":1596,"column":70}},"677":{"start":{"line":1597,"column":8},"end":{"line":1618,"column":9}},"678":{"start":{"line":1598,"column":10},"end":{"line":1598,"column":44}},"679":{"start":{"line":1599,"column":10},"end":{"line":1599,"column":48}},"680":{"start":{"line":1600,"column":10},"end":{"line":1600,"column":42}},"681":{"start":{"line":1601,"column":10},"end":{"line":1604,"column":12}},"682":{"start":{"line":1606,"column":32},"end":{"line":1606,"column":95}},"683":{"start":{"line":1607,"column":33},"end":{"line":1607,"column":136}},"684":{"start":{"line":1608,"column":27},"end":{"line":1608,"column":36}},"685":{"start":{"line":1609,"column":26},"end":{"line":1609,"column":43}},"686":{"start":{"line":1610,"column":10},"end":{"line":1613,"column":11}},"687":{"start":{"line":1611,"column":12},"end":{"line":1611,"column":39}},"688":{"start":{"line":1612,"column":12},"end":{"line":1612,"column":38}},"689":{"start":{"line":1614,"column":10},"end":{"line":1617,"column":12}},"690":{"start":{"line":1620,"column":11},"end":{"line":1784,"column":5}},"691":{"start":{"line":1621,"column":21},"end":{"line":1621,"column":69}},"692":{"start":{"line":1622,"column":6},"end":{"line":1622,"column":55}},"693":{"start":{"line":1623,"column":6},"end":{"line":1623,"column":61}},"694":{"start":{"line":1624,"column":6},"end":{"line":1624,"column":51}},"695":{"start":{"line":1625,"column":6},"end":{"line":1625,"column":37}},"696":{"start":{"line":1626,"column":11},"end":{"line":1784,"column":5}},"697":{"start":{"line":1627,"column":6},"end":{"line":1697,"column":7}},"698":{"start":{"line":1628,"column":8},"end":{"line":1628,"column":41}},"699":{"start":{"line":1631,"column":8},"end":{"line":1651,"column":9}},"700":{"start":{"line":1632,"column":32},"end":{"line":1647,"column":12}},"701":{"start":{"line":1648,"column":10},"end":{"line":1648,"column":46}},"702":{"start":{"line":1650,"column":10},"end":{"line":1650,"column":87}},"703":{"start":{"line":1653,"column":28},"end":{"line":1660,"column":35}},"704":{"start":{"line":1662,"column":8},"end":{"line":1662,"column":107}},"705":{"start":{"line":1665,"column":8},"end":{"line":1665,"column":25}},"706":{"start":{"line":1667,"column":8},"end":{"line":1675,"column":9}},"707":{"start":{"line":1668,"column":10},"end":{"line":1668,"column":59}},"708":{"start":{"line":1669,"column":15},"end":{"line":1675,"column":9}},"709":{"start":{"line":1670,"column":10},"end":{"line":1670,"column":62}},"710":{"start":{"line":1671,"column":15},"end":{"line":1675,"column":9}},"711":{"start":{"line":1672,"column":10},"end":{"line":1672,"column":61}},"712":{"start":{"line":1673,"column":15},"end":{"line":1675,"column":9}},"713":{"start":{"line":1674,"column":10},"end":{"line":1674,"column":55}},"714":{"start":{"line":1677,"column":8},"end":{"line":1690,"column":9}},"715":{"start":{"line":1678,"column":10},"end":{"line":1678,"column":84}},"716":{"start":{"line":1679,"column":10},"end":{"line":1682,"column":12}},"717":{"start":{"line":1684,"column":10},"end":{"line":1684,"column":82}},"718":{"start":{"line":1685,"column":10},"end":{"line":1685,"column":31}},"719":{"start":{"line":1686,"column":10},"end":{"line":1689,"column":12}},"720":{"start":{"line":1691,"column":13},"end":{"line":1697,"column":7}},"721":{"start":{"line":1692,"column":8},"end":{"line":1692,"column":45}},"722":{"start":{"line":1693,"column":8},"end":{"line":1696,"column":10}},"723":{"start":{"line":1698,"column":11},"end":{"line":1784,"column":5}},"724":{"start":{"line":1699,"column":21},"end":{"line":1699,"column":29}},"725":{"start":{"line":1700,"column":6},"end":{"line":1733,"column":7}},"726":{"start":{"line":1701,"column":8},"end":{"line":1701,"column":44}},"727":{"start":{"line":1702,"column":8},"end":{"line":1702,"column":53}},"728":{"start":{"line":1703,"column":8},"end":{"line":1706,"column":10}},"729":{"start":{"line":1707,"column":13},"end":{"line":1733,"column":7}},"730":{"start":{"line":1708,"column":8},"end":{"line":1708,"column":44}},"731":{"start":{"line":1709,"column":8},"end":{"line":1709,"column":57}},"732":{"start":{"line":1710,"column":8},"end":{"line":1713,"column":10}},"733":{"start":{"line":1714,"column":13},"end":{"line":1733,"column":7}},"734":{"start":{"line":1715,"column":8},"end":{"line":1715,"column":44}},"735":{"start":{"line":1716,"column":8},"end":{"line":1716,"column":49}},"736":{"start":{"line":1717,"column":8},"end":{"line":1720,"column":10}},"737":{"start":{"line":1721,"column":13},"end":{"line":1733,"column":7}},"738":{"start":{"line":1722,"column":8},"end":{"line":1722,"column":44}},"739":{"start":{"line":1723,"column":8},"end":{"line":1723,"column":57}},"740":{"start":{"line":1724,"column":8},"end":{"line":1727,"column":10}},"741":{"start":{"line":1729,"column":8},"end":{"line":1732,"column":10}},"742":{"start":{"line":1734,"column":11},"end":{"line":1784,"column":5}},"743":{"start":{"line":1735,"column":20},"end":{"line":1735,"column":57}},"744":{"start":{"line":1736,"column":6},"end":{"line":1780,"column":7}},"745":{"start":{"line":1737,"column":24},"end":{"line":1737,"column":78}},"746":{"start":{"line":1738,"column":8},"end":{"line":1746,"column":9}},"747":{"start":{"line":1739,"column":10},"end":{"line":1739,"column":50}},"748":{"start":{"line":1740,"column":10},"end":{"line":1740,"column":41}},"749":{"start":{"line":1742,"column":10},"end":{"line":1745,"column":12}},"750":{"start":{"line":1747,"column":13},"end":{"line":1780,"column":7}},"751":{"start":{"line":1748,"column":8},"end":{"line":1756,"column":9}},"752":{"start":{"line":1749,"column":10},"end":{"line":1749,"column":88}},"753":{"start":{"line":1750,"column":10},"end":{"line":1750,"column":41}},"754":{"start":{"line":1752,"column":10},"end":{"line":1755,"column":12}},"755":{"start":{"line":1757,"column":13},"end":{"line":1780,"column":7}},"756":{"start":{"line":1758,"column":20},"end":{"line":1758,"column":70}},"757":{"start":{"line":1759,"column":20},"end":{"line":1759,"column":50}},"758":{"start":{"line":1760,"column":8},"end":{"line":1773,"column":9}},"759":{"start":{"line":1761,"column":10},"end":{"line":1761,"column":35}},"760":{"start":{"line":1762,"column":10},"end":{"line":1762,"column":39}},"761":{"start":{"line":1763,"column":10},"end":{"line":1763,"column":42}},"762":{"start":{"line":1764,"column":10},"end":{"line":1767,"column":12}},"763":{"start":{"line":1769,"column":10},"end":{"line":1772,"column":12}},"764":{"start":{"line":1774,"column":13},"end":{"line":1780,"column":7}},"765":{"start":{"line":1775,"column":23},"end":{"line":1775,"column":71}},"766":{"start":{"line":1776,"column":8},"end":{"line":1776,"column":57}},"767":{"start":{"line":1777,"column":8},"end":{"line":1777,"column":63}},"768":{"start":{"line":1778,"column":8},"end":{"line":1778,"column":53}},"769":{"start":{"line":1779,"column":8},"end":{"line":1779,"column":39}},"770":{"start":{"line":1782,"column":6},"end":{"line":1782,"column":45}},"771":{"start":{"line":1783,"column":6},"end":{"line":1783,"column":48}},"772":{"start":{"line":1788,"column":17},"end":{"line":1788,"column":39}},"773":{"start":{"line":1789,"column":17},"end":{"line":1789,"column":30}},"774":{"start":{"line":1790,"column":23},"end":{"line":1790,"column":42}},"775":{"start":{"line":1793,"column":4},"end":{"line":1799,"column":5}},"776":{"start":{"line":1794,"column":6},"end":{"line":1794,"column":35}},"777":{"start":{"line":1795,"column":6},"end":{"line":1798,"column":8}},"778":{"start":{"line":1801,"column":4},"end":{"line":1814,"column":5}},"779":{"start":{"line":1802,"column":6},"end":{"line":1802,"column":37}},"780":{"start":{"line":1803,"column":23},"end":{"line":1803,"column":111}},"781":{"start":{"line":1804,"column":6},"end":{"line":1809,"column":7}},"782":{"start":{"line":1805,"column":8},"end":{"line":1807,"column":157}},"783":{"start":{"line":1808,"column":8},"end":{"line":1808,"column":42}},"784":{"start":{"line":1810,"column":6},"end":{"line":1813,"column":8}},"785":{"start":{"line":1817,"column":4},"end":{"line":1837,"column":5}},"786":{"start":{"line":1818,"column":6},"end":{"line":1836,"column":7}},"787":{"start":{"line":1819,"column":8},"end":{"line":1819,"column":39}},"788":{"start":{"line":1820,"column":8},"end":{"line":1820,"column":43}},"789":{"start":{"line":1821,"column":8},"end":{"line":1821,"column":40}},"790":{"start":{"line":1822,"column":8},"end":{"line":1827,
[...]
,"C:\\Users\\acer\\OneDrive\\Desktop\\Training Classes\\chatbot\\Rakku-chatbot-v1\\frontend\\src\\hooks\\useSessionPersistence.ts": {"path":"C:\\Users\\acer\\OneDrive\\Desktop\\Training Classes\\chatbot\\Rakku-chatbot-v1\\frontend\\src\\hooks\\useSessionPersistence.ts","statementMap":{"0":{"start":{"line":3,"column":0},"end":{"line":3,"column":16}},"1":{"start":{"line":1,"column":0},"end":{"line":1,"column":44}},"2":{"start":{"line":4,"column":28},"end":{"line":13,"column":4}},"3":{"start":{"line":5,"column":4},"end":{"line":5,"column":59}},"4":{"start":{"line":5,"column":39},"end":{"line":5,"column":59}},"5":{"start":{"line":6,"column":4},"end":{"line":12,"column":5}},"6":{"start":{"line":7,"column":21},"end":{"line":7,"column":46}},"7":{"start":{"line":8,"column":6},"end":{"line":8,"column":56}},"8":{"start":{"line":10,"column":6},"end":{"line":10,"column":67}},"9":{"start":{"line":11,"column":6},"end":{"line":11,"column":26}},"10":{"start":{"line":15,"column":2},"end":{"line":23,"column":19}},"11":{"start":{"line":16,"column":4},"end":{"line":22,"column":5}},"12":{"start":{"line":17,"column":6},"end":{"line":21,"column":7}},"13":{"start":{"line":18,"column":8},"end":{"line":18,"column":57}},"14":{"start":{"line":20,"column":8},"end":{"line":20,"column":69}},"15":{"start":{"line":25,"column":2},"end":{"line":25,"column":27}}},"fnMap":{"0":{"name":"useSessionPersistence","decl":{"start":{"line":3,"column":16},"end":{"line":3,"column":37}},"loc":{"start":{"line":3,"column":69},"end":{"line":26,"column":1}}},"1":{"name":"(anonymous_1)","decl":{"start":{"line":4,"column":40},"end":{"line":4,"column":43}},"loc":{"start":{"line":4,"column":45},"end":{"line":13,"column":3}}},"2":{"name":"(anonymous_2)","decl":{"start":{"line":15,"column":12},"end":{"line":15,"column":15}},"loc":{"start":{"line":15,"column":17},"end":{"line":23,"column":3}}}},"branchMap":{"0":{"loc":{"start":{"line":5,"column":4},"end":{"line":5,"column":59}},"type":"if","locations":[{"start":{"line":5,"column":4},"end":{"line":5,"column":59}},{"start":{},"end":{}}]},"1":{"loc":{"start":{"line":8,"column":13},"end":{"line":8,"column":55}},"type":"cond-expr","locations":[{"start":{"line":8,"column":22},"end":{"line":8,"column":40}},{"start":{"line":8,"column":43},"end":{"line":8,"column":55}}]},"2":{"loc":{"start":{"line":16,"column":4},"end":{"line":22,"column":5}},"type":"if","locations":[{"start":{"line":16,"column":4},"end":{"line":22,"column":5}},{"start":{},"end":{}}]}},"s":{"0":0,"1":0,"2":0,"3":0,"4":0,"5":0,"6":0,"7":0,"8":0,"9":0,"10":0,"11":0,"12":0,"13":0,"14":0,"15":0},"f":{"0":0,"1":0,"2":0},"b":{"0":[0,0],"1":[0,0],"2":[0,0]}}
,"C:\\Users\\acer\\OneDrive\\Desktop\\Training Classes\\chatbot\\Rakku-chatbot-v1\\frontend\\src\\services\\api.ts": {"path":"C:\\Users\\acer\\OneDrive\\Desktop\\Training Classes\\chatbot\\Rakku-chatbot-v1\\frontend\\src\\services\\api.ts","statementMap":{"0":{"start":{"line":1,"column":22},"end":{"line":9,"column":1}},"1":{"start":{"line":2,"column":2},"end":{"line":4,"column":3}},"2":{"start":{"line":3,"column":4},"end":{"line":3,"column":94}},"3":{"start":{"line":5,"column":22},"end":{"line":5,"column":106}},"4":{"start":{"line":6,"column":2},"end":{"line":8,"column":50}},"5":{"start":{"line":11,"column":20},"end":{"line":11,"column":35}},"6":{"start":{"line":15,"column":2},"end":{"line":29,"column":3}},"7":{"start":{"line":16,"column":21},"end":{"line":21,"column":6}},"8":{"start":{"line":22,"column":4},"end":{"line":24,"column":5}},"9":{"start":{"line":23,"column":6},"end":{"line":23,"column":64}},"10":{"start":{"line":25,"column":4},"end":{"line":25,"column":33}},"11":{"start":{"line":27,"column":4},"end":{"line":27,"column":107}},"12":{"start":{"line":28,"column":4},"end":{"line":28,"column":12}},"13":{"start":{"line":33,"column":13},"end":{"line":79,"column":2}},"14":{"start":{"line":35,"column":4},"end":{"line":50,"column":5}},"15":{"start":{"line":36,"column":6},"end":{"line":39,"column":9}},"16":{"start":{"line":41,"column":21},"end":{"line":41,"column":81}},"17":{"start":{"line":42,"column":6},"end":{"line":49,"column":8}},"18":{"start":{"line":54,"column":4},"end":{"line":58,"column":5}},"19":{"start":{"line":55,"column":6},"end":{"line":55,"column":52}},"20":{"start":{"line":57,"column":6},"end":{"line":57,"column":18}},"21":{"start":{"line":62,"column":4},"end":{"line":66,"column":5}},"22":{"start":{"line":63,"column":6},"end":{"line":63,"column":42}},"23":{"start":{"line":65,"column":6},"end":{"line":65,"column":16}},"24":{"start":{"line":70,"column":4},"end":{"line":77,"column":5}},"25":{"start":{"line":71,"column":6},"end":{"line":74,"column":9}},"26":{"start":{"line":76,"column":6},"end":{"line":76,"column":14}},"27":{"start":{"line":82,"column":13},"end":{"line":131,"column":2}},"28":{"start":{"line":84,"column":4},"end":{"line":102,"column":5}},"29":{"start":{"line":85,"column":6},"end":{"line":88,"column":9}},"30":{"start":{"line":90,"column":21},"end":{"line":90,"column":81}},"31":{"start":{"line":91,"column":6},"end":{"line":101,"column":8}},"32":{"start":{"line":106,"column":4},"end":{"line":110,"column":5}},"33":{"start":{"line":107,"column":6},"end":{"line":107,"column":55}},"34":{"start":{"line":109,"column":6},"end":{"line":109,"column":18}},"35":{"start":{"line":114,"column":4},"end":{"line":118,"column":5}},"36":{"start":{"line":115,"column":6},"end":{"line":115,"column":45}},"37":{"start":{"line":117,"column":6},"end":{"line":117,"column":16}},"38":{"start":{"line":122,"column":4},"end":{"line":129,"column":5}},"39":{"start":{"line":123,"column":6},"end":{"line":126,"column":9}},"40":{"start":{"line":128,"column":6},"end":{"line":128,"column":14}},"41":{"start":{"line":134,"column":13},"end":{"line":182,"column":2}},"42":{"start":{"line":136,"column":4},"end":{"line":153,"column":5}},"43":{"start":{"line":137,"column":6},"end":{"line":140,"column":9}},"44":{"start":{"line":142,"column":21},"end":{"line":142,"column":81}},"45":{"start":{"line":143,"column":6},"end":{"line":152,"column":8}},"46":{"start":{"line":157,"column":4},"end":{"line":161,"column":5}},"47":{"start":{"line":158,"column":6},"end":{"line":158,"column":54}},"48":{"start":{"line":160,"column":6},"end":{"line":160,"column":18}},"49":{"start":{"line":165,"column":4},"end":{"line":169,"column":5}},"50":{"start":{"line":166,"column":6},"end":{"line":166,"column":44}},"51":{"start":{"line":168,"column":6},"end":{"line":168,"column":16}},"52":{"start":{"line":173,"column":4},"end":{"line":180,"column":5}},"53":{"start":{"line":174,"column":6},"end":{"line":177,"column":9}},"54":{"start":{"line":179,"column":6},"end":{"line":179,"column":14}},"55":{"start":{"line":185,"column":13},"end":{"line":212,"column":2}},"56":{"start":{"line":187,"column":4},"end":{"line":191,"column":5}},"57":{"start":{"line":188,"column":6},"end":{"line":188,"column":48}},"58":{"start":{"line":190,"column":6},"end":{"line":190,"column":18}},"59":{"start":{"line":195,"column":4},"end":{"line":199,"column":5}},"60":{"start":{"line":196,"column":6},"end":{"line":196,"column":38}},"61":{"start":{"line":198,"column":6},"end":{"line":198,"column":16}},"62":{"start":{"line":203,"column":4},"end":{"line":210,"column":5}},"63":{"start":{"line":204,"column":6},"end":{"line":207,"column":9}},"64":{"start":{"line":209,"column":6},"end":{"line":209,"column":14}},"65":{"start":{"line":215,"column":13},"end":{"line":243,"column":2}},"66":{"start":{"line":217,"column":4},"end":{"line":241,"column":5}},"67":{"start":{"line":218,"column":6},"end":{"line":218,"column":51}},"68":{"start":{"line":221,"column":23},"end":{"line":221,"column":50}},"69":{"start":{"line":222,"column":20},"end":{"line":227,"column":50}},"70":{"start":{"line":227,"column":20},"end":{"line":227,"column":49}},"71":{"start":{"line":229,"column":6},"end":{"line":239,"column":7}},"72":{"start":{"line":230,"column":25},"end":{"line":230,"column":102}},"73":{"start":{"line":231,"column":21},"end":{"line":231,"column":90}},"74":{"start":{"line":231,"column":62},"end":{"line":231,"column":86}},"75":{"start":{"line":232,"column":8},"end":{"line":238,"column":10}},"76":{"start":{"line":240,"column":6},"end":{"line":240,"column":18}},"77":{"start":{"line":246,"column":13},"end":{"line":291,"column":2}},"78":{"start":{"line":248,"column":4},"end":{"line":289,"column":5}},"79":{"start":{"line":249,"column":6},"end":{"line":252,"column":9}},"80":{"start":{"line":255,"column":6},"end":{"line":288,"column":9}},"81":{"start":{"line":256,"column":8},"end":{"line":287,"column":16}},"82":{"start":{"line":257,"column":27},"end":{"line":257,"column":48}},"83":{"start":{"line":259,"column":10},"end":{"line":265,"column":11}},"84":{"start":{"line":260,"column":12},"end":{"line":263,"column":15}},"85":{"start":{"line":264,"column":12},"end":{"line":264,"column":19}},"86":{"start":{"line":267,"column":10},"end":{"line":273,"column":11}},"87":{"start":{"line":268,"column":12},"end":{"line":271,"column":15}},"88":{"start":{"line":272,"column":12},"end":{"line":272,"column":19}},"89":{"start":{"line":275,"column":10},"end":{"line":281,"column":11}},"90":{"start":{"line":276,"column":12},"end":{"line":279,"column":15}},"91":{"start":{"line":280,"column":12},"end":{"line":280,"column":19}},"92":{"start":{"line":283,"column":10},"end":{"line":286,"column":13}},"93":{"start":{"line":294,"column":13},"end":{"line":303,"column":2}},"94":{"start":{"line":296,"column":4},"end":{"line":301,"column":6}}},"fnMap":{"0":{"name":"(anonymous_0)","decl":{"start":{"line":1,"column":22},"end":{"line":1,"column":25}},"loc":{"start":{"line":1,"column":27},"end":{"line":9,"column":1}}},"1":{"name":"fetchApi","decl":{"start":{"line":14,"column":15},"end":{"line":14,"column":23}},"loc":{"start":{"line":14,"column":63},"end":{"line":30,"column":1}}},"2":{"name":"(anonymous_2)","decl":{"start":{"line":34,"column":2},"end":{"line":34,"column":7}},"loc":{"start":{"line":34,"column":44},"end":{"line":51,"column":3}}},"3":{"name":"(anonymous_3)","decl":{"start":{"line":53,"column":2},"end":{"line":53,"column":7}},"loc":{"start":{"line":53,"column":26},"end":{"line":59,"column":3}}},"4":{"name":"(anonymous_4)","decl":{"start":{"line":61,"column":2},"end":{"line":61,"column":7}},"loc":{"start":{"line":61,"column":14},"end":{"line":67,"column":3}}},"5":{"name":"(anonymous_5)","decl":{"start":{"line":69,"column":2},"end":{"line":69,"column":7}},"loc":{"start":{"line":69,"column":51},"end":{"line":78,"column":3}}},"6":{"name":"(anonymous_6)","decl":{"start":{"line":83,"column":2},"end":{"line":83,"column":7}},"loc":{"start":{"line":83,"column":99},"end":{"line":103,"column":3}}},"7":{"name":"(anonymous_7)","decl":{"start":{"line":105,"column":2},"end":{"line":105,"column":7}},"loc":{"start":{"line":105,"column":26},"end":{"line":111,"column":3}}},"8":{"name":"(anonymous_8)","decl":{"start":{"line":113,"column":2},"end":{"line":113,"column":7}},"loc":{"start":{"line":113,"column":14},"end":{"line":119,"column":3}}},"9":{"name":"(anonymous_9)","decl":{"start":{"line":121,"column":2},"end":{"line":121,"column":7}},"loc":{"start":{"line":121,"column":51},"end":{"line":130,"column":3}}},"10":{"name":"(anonymous_10)","decl":{"start":{"line":135,"column":2},"end":{"line":135,"column":7}},"loc":{"start":{"line":135,"column":79},"end":{"line":154,"column":3}}},"11":{"name":"(anonymous_11)","decl":{"start":{"line":156,"column":2},"end":{"line":156,"column":7}},"loc":{"start":{"line":156,"column":26},"end":{"line":162,"column":3}}},"12":{"name":"(anonymous_12)","decl":{"start":{"line":164,"column":2},"end":{"line":164,"column":7}},"loc":{"start":{"line":164,"column":14},"end":{"line":170,"column":3}}},"13":{"name":"(anonymous_13)","decl":{"start":{"line":172,"column":2},"end":{"line":172,"column":7}},"loc":{"start":{"line":172,"column":51},"end":{"line":181,"column":3}}},"14":{"name":"(anonymous_14)","decl":{"start":{"line":186,"column":2},"end":{"line":186,"column":7}},"loc":{"start":{"line":186,"column":26},"end":{"line":192,"column":3}}},"15":{"name":"(anonymous_15)","decl":{"start":{"line":194,"column":2},"end":{"line":194,"column":7}},"loc":{"start":{"line":194,"column":14},"end":{"line":200,"column":3}}},"16":{"name":"(anonymous_16)","decl":{"start":{"line":202,"column":2},"end":{"line":202,"column":7}},"loc":{"start":{"line":202,"column":51},"end":{"line":211,"column":3}}},"17":{"name":"(anonymous_17)","decl":{"start":{"line":216,"column":2},"end":{"line":216,"column":7}},"loc":{"start":{"line":216,"column":28},"end":{"line":242,"column":3}}},"18":{"name":"(anonymous_18)","decl":{"start":{"line":227,"column":13},"end":{"line":227,"column":14}},"loc":{"start":{"line":227,"column":20},"end":{"line":227,"column":49}}},"19":{"name":"(anonymous_19)","decl":{"start":{"line":231,"column":47},"end":{"line":231,"column":48}},"loc":{"start":{"line":231,"column":62},"end":{"line":231,"column":86}}},"20":{"name":"(anonymous_20)","decl":{"start":{"line":247,"column":2},"end":{"line":247,"column":7}},"loc":{"start":{"line":247,"column":112},"end":{"line":290,"column":3}}},"21":{"name":"(anonymous_21)","decl":{"start":{"line":255,"column":71},"end":{"line":255,"column":72}},"loc":{"start":{"line":255,"column":83},"end":{"line":288,"column":7}}},"22":{"name":"(anonymous_22)","decl":{"start":{"line":256,"column":19},"end":{"line":256,"column":22}},"loc":{"start":{"line":256,"column":24},"end":{"line":287,"column":9}}},"23":{"name":"(anonymous_23)","decl":{"start":{"line":295,"column":2},"end":{"line":295,"column":7}},"loc":{"start":{"line":295,"column":21},"end":{"line":302,"column":3}}}},"branchMap":{"0":{"loc":{"start":{"line":2,"column":2},"end":{"line":4,"column":3}},"type":"if","locations":[{"start":{"line":2,"column":2},"end":{"line":4,"column":3}},{"start":{},"end":{}}]},"1":{"loc":{"start":{"line":3,"column":11},"end":{"line":3,"column":93}},"type":"binary-expr","locations":[{"start":{"line":3,"column":11},"end":{"line":3,"column":46}},{"start":{"line":3,"column":50},"end":{"line":3,"column":93}}]},"2":{"loc":{"start":{"line":5,"column":22},"end":{"line":5,"column":106}},"type":"binary-expr","locations":[{"start":{"line":5,"column":22},"end":{"line":5,"column":62}},{"start":{"line":5,"column":66},"end":{"line":5,"column":106}}]},"3":{"loc":{"start":{"line":6,"column":9},"end":{"line":8,"column":49}},"type":"cond-expr","locations":[{"start":{"line":7,"column":6},"end":{"line":7,"column":33}},{"start":{"line":8,"column":6},"end":{"line":8,"column":49}}]},"4":{"loc":{"start":{"line":14,"column":38},"end":{"line":14,"column":63}},"type":"default-arg","locations":[{"start":{"line":14,"column":61},"end":{"line":14,"column":63}}]},"5":{"loc":{"start":{"line":22,"column":4},"end":{"line":24,"column":5}},"type":"if","locations":[{"start":{"line":22,"column":4},"end":{"line":24,"column":5}},{"start":{},"end":{}}]},"6":{"loc":{"start":{"line":27,"column":49},"end":{"line":27,"column":63}},"type":"binary-expr","locations":[{"start":{"line":27,"column":49},"end":{"line":27,"column":58}},{"start":{"line":27,"column":62},"end":{"line":27,"column":63}}]},"7":{"loc":{"start":{"line":229,"column":6},"end":{"line":239,"column":7}},"type":"if","locations":[{"start":{"line":229,"column":6},"end":{"line":239,"column":7}},{"start":{},"end":{}}]},"8":{"loc":{"start":{"line":259,"column":10},"end":{"line":265,"column":11}},"type":"if","locations":[{"start":{"line":259,"column":10},"end":{"line":265,"column":11}},{"start":{},"end":{}}]},"9":{"loc":{"start":{"line":259,"column":14},"end":{"line":259,"column":138}},"type":"binary-expr","locations":[{"start":{"line":259,"column":14},"end":{"line":259,"column":41}},{"start":{"line":259,"column":45},"end":{"line":259,"column":73}},{"start":{"line":259,"column":77},"end":{"line":259,"column":107}},{"start":{"line":259,"column":111},"end":{"line":259,"column":138}}]},"10":{"loc":{"start":{"line":267,"column":10},"end":{"line":273,"column":11}},"type":"if","locations":[{"start":{"line":267,"column":10},"end":{"line":273,"column":11}},{"start":{},"end":{}}]},"11":{"loc":{"start":{"line":267,"column":14},"end":{"line":267,"column":72}},"type":"binary-expr","locations":[{"start":{"line":267,"column":14},"end":{"line":267,"column":41}},{"start":{"line":267,"column":45},"end":{"line":267,"column":72}}]},"12":{"loc":{"start":{"line":275,"column":10},"end":{"line":281,"column":11}},"type":"if","locations":[{"start":{"line":275,"column":10},"end":{"line":281,"column":11}},{"start":{},"end":{}}]},"13":{"loc":{"start":{"line":275,"column":14},"end":{"line":275,"column":77}},"type":"binary-expr","locations":[{"start":{"line":275,"column":14},"end":{"line":275,"column":44}},{"start":{"line":275,"column":48},"end":{"line":275,"column":77}}]}},"s":{"0":0,"1":0,"2":0,"3":0,"4":0,"5":0,"6":0,"7":0,"8":0,"9":0,"10":0,"11":0,"12":0,"13":0,"14":0,"15":0,"16":0,"17":0,"18":0,"19":0,"20":0,"21":0,"22":0,"23":0,"24":0,"25":0,"26":0,"27":0,"28":0,"29":0,"30":0,"31":0,"32":0,"33":0,"34":0,"35":0,"36":0,"37":0,"38":0,"39":0,"40":0,"41":0,"42":0,"43":0,"44":0,"45":0,"46":0,"47":0,"48":0,"49":0,"50":0,"51":0,"52":0,"53":0,"54":0,"55":0,"56":0,"57":0,"58":0,"59":0,"60":0,"61":0,"62":0,"63":0,"64":0,"65":0,"66":0,"67":0,"68":0,"69":0,"70":0,"71":0,"72":0,"73":0,"74":0,"75":0,"76":0,"77":0,"78":0,"79":0,"80":0,"81":0,"82":0,"83":0,"84":0,"85":0,"86":0,"87":0,"88":0,"89":0,"90":0,"91":0,"92":0,"93":0,"94":0},"f":{"0":0,"1":0,"2":0,"3":0,"4":0,"5":0,"6":0,"7":0,"8":0,"9":0,"10":0,"11":0,"12":0,"13":0,"14":0,"15":0,"16":0,"17":0,"18":0,"19":0,"20":0,"21":0,"22":0,"23":0},"b":{"0":[0,0],"1":[0,0],"2":[0,0],"3":[0,0],"4":[0],"5":[0,0],"6":[0,0],"7":[0,0],"8":[0,0],"9":[0,0,0,0],"10":[0,0],"11":[0,0],"12":[0,0],"13":[0,0]}}
,"C:\\Users\\acer\\OneDrive\\Desktop\\Training Classes\\chatbot\\Rakku-chatbot-v1\\frontend\\src\\utils\\avatarConfig.ts": {"path":"C:\\Users\\acer\\OneDrive\\Desktop\\Training Classes\\chatbot\\Rakku-chatbot-v1\\frontend\\src\\utils\\avatarConfig.ts","statementMap":{"0":{"start":{"line":1,"column":13},"end":{"line":14,"column":2}},"1":{"start":{"line":22,"column":13},"end":{"line":35,"column":2}}},"fnMap":{},"branchMap":{},"s":{"0":0,"1":0},"f":{},"b":{}}
,"C:\\Users\\acer\\OneDrive\\Desktop\\Training Classes\\chatbot\\Rakku-chatbot-v1\\frontend\\src\\utils\\iconMap.ts": {"path":"C:\\Users\\acer\\OneDrive\\Desktop\\Training Classes\\chatbot\\Rakku-chatbot-v1\\frontend\\src\\utils\\iconMap.ts","statementMap":{"0":{"start":{"line":1,"column":0},"end":{"line":1,"column":null}},"1":{"start":{"line":14,"column":13},"end":{"line":24,"column":2}}},"fnMap":{},"branchMap":{},"s":{"0":0,"1":0},"f":{},"b":{}}
}
