TN:
SF:backend\src\app.module.ts
FNF:0
FNH:0
DA:1,0
DA:2,0
DA:3,0
DA:4,0
DA:7,0
DA:10,0
DA:11,0
DA:14,0
DA:15,0
DA:18,0
DA:19,0
DA:22,0
DA:23,0
DA:26,0
DA:27,0
DA:30,0
DA:31,0
DA:32,0
DA:35,0
DA:36,0
DA:37,0
DA:39,0
DA:40,0
DA:74,0
LF:24
LH:0
BRF:0
BRH:0
end_of_record
TN:
SF:backend\src\main.ts
FN:7,bootstrap
FNF:1
FNH:0
FNDA:0,bootstrap
DA:1,0
DA:2,0
DA:3,0
DA:4,0
DA:5,0
DA:8,0
DA:11,0
DA:14,0
DA:16,0
DA:24,0
DA:25,0
DA:26,0
DA:27,0
DA:28,0
DA:30,0
LF:15
LH:0
BRDA:26,0,0,0
BRDA:26,0,1,0
BRF:2
BRH:0
end_of_record
TN:
SF:backend\src\prisma.service.ts
FN:6,(anonymous_1)
FN:16,(anonymous_2)
FNF:2
FNH:0
FNDA:0,(anonymous_1)
FNDA:0,(anonymous_2)
DA:1,4
DA:2,4
DA:5,4
DA:8,0
DA:9,0
DA:10,0
DA:12,0
DA:17,0
LF:8
LH:3
BRF:0
BRH:0
end_of_record
TN:
SF:backend\src\certificate\certificate.controller.ts
FN:6,(anonymous_4)
FN:9,(anonymous_5)
FN:26,(anonymous_6)
FN:35,(anonymous_7)
FN:40,(anonymous_8)
FNF:5
FNH:0
FNDA:0,(anonymous_4)
FNDA:0,(anonymous_5)
FNDA:0,(anonymous_6)
FNDA:0,(anonymous_7)
FNDA:0,(anonymous_8)
DA:1,0
DA:2,0
DA:5,0
DA:6,0
DA:9,0
DA:17,0
DA:26,0
DA:27,0
DA:28,0
DA:29,0
DA:31,0
DA:35,0
DA:36,0
DA:40,0
DA:41,0
DA:42,0
DA:43,0
DA:45,0
LF:18
LH:0
BRDA:28,0,0,0
BRDA:28,0,1,0
BRDA:42,1,0,0
BRDA:42,1,1,0
BRDA:6,2,0,0
BRDA:6,2,1,0
BRDA:6,3,0,0
BRDA:6,3,1,0
BRF:8
BRH:0
end_of_record
TN:
SF:backend\src\certificate\certificate.service.ts
FN:22,(anonymous_2)
FN:24,(anonymous_3)
FN:30,(anonymous_4)
FN:47,(anonymous_5)
FN:87,(anonymous_6)
FN:95,(anonymous_7)
FN:99,(anonymous_8)
FN:107,(anonymous_9)
FN:111,(anonymous_10)
FN:119,(anonymous_11)
FNF:10
FNH:0
FNDA:0,(anonymous_2)
FNDA:0,(anonymous_3)
FNDA:0,(anonymous_4)
FNDA:0,(anonymous_5)
FNDA:0,(anonymous_6)
FNDA:0,(anonymous_7)
FNDA:0,(anonymous_8)
FNDA:0,(anonymous_9)
FNDA:0,(anonymous_10)
FNDA:0,(anonymous_11)
DA:1,0
DA:2,0
DA:18,0
DA:19,0
DA:20,0
DA:22,0
DA:25,0
DA:26,0
DA:27,0
DA:31,0
DA:32,0
DA:33,0
DA:34,0
DA:41,0
DA:43,0
DA:55,0
DA:56,0
DA:57,0
DA:58,0
DA:69,0
DA:70,0
DA:82,0
DA:83,0
DA:88,0
DA:89,0
DA:94,0
DA:95,0
DA:100,0
DA:101,0
DA:106,0
DA:107,0
DA:112,0
DA:113,0
DA:118,0
DA:119,0
DA:120,0
DA:121,0
DA:122,0
DA:123,0
DA:125,0
LF:40
LH:0
BRDA:33,0,0,0
BRDA:33,0,1,0
BRDA:55,1,0,0
BRDA:55,1,1,0
BRDA:56,2,0,0
BRDA:56,2,1,0
BRDA:95,3,0,0
BRDA:95,3,1,0
BRDA:120,4,0,0
BRDA:120,4,1,0
BRDA:22,5,0,0
BRDA:22,5,1,0
BRDA:22,6,0,0
BRDA:22,6,1,0
BRF:14
BRH:0
end_of_record
TN:
SF:backend\src\chat\audit_runner.ts
FN:14,runAudit
FN:45,(anonymous_1)
FNF:2
FNH:0
FNDA:0,runAudit
FNDA:0,(anonymous_1)
DA:1,0
DA:2,0
DA:3,0
DA:4,0
DA:5,0
DA:6,0
DA:7,0
DA:8,0
DA:9,0
DA:10,0
DA:11,0
DA:12,0
DA:15,0
DA:16,0
DA:17,0
DA:18,0
DA:19,0
DA:20,0
DA:21,0
DA:22,0
DA:23,0
DA:24,0
DA:25,0
DA:26,0
DA:28,0
DA:42,0
DA:45,0
DA:46,0
DA:47,0
DA:48,0
DA:49,0
DA:52,0
DA:54,0
DA:56,0
DA:58,0
DA:60,0
DA:62,0
DA:63,0
DA:65,0
DA:67,0
DA:69,0
DA:71,0
DA:73,0
DA:75,0
DA:77,0
DA:81,0
LF:46
LH:0
BRF:0
BRH:0
end_of_record
TN:
SF:backend\src\chat\chat.controller.ts
FN:6,(anonymous_4)
FN:9,(anonymous_5)
FNF:2
FNH:0
FNDA:0,(anonymous_4)
FNDA:0,(anonymous_5)
DA:1,0
DA:2,0
DA:5,0
DA:6,0
DA:9,0
DA:12,0
DA:13,0
DA:14,0
DA:15,0
DA:16,0
DA:17,0
DA:19,0
DA:20,0
LF:13
LH:0
BRDA:13,0,0,0
BRDA:13,0,1,0
BRDA:6,1,0,0
BRDA:6,1,1,0
BRDA:6,2,0,0
BRDA:6,2,1,0
BRF:6
BRH:0
end_of_record
TN:
SF:backend\src\chat\chat.service.ts
FN:86,(anonymous_2)
FN:119,(anonymous_3)
FN:135,(anonymous_4)
FN:200,(anonymous_5)
FN:214,(anonymous_6)
FN:295,(anonymous_7)
FN:336,(anonymous_8)
FN:357,(anonymous_9)
FN:506,(anonymous_10)
FN:508,(anonymous_11)
FN:518,(anonymous_12)
FN:533,(anonymous_13)
FN:845,(anonymous_14)
FN:1098,(anonymous_15)
FN:1235,(anonymous_16)
FN:1298,(anonymous_17)
FN:1318,(anonymous_18)
FN:1348,(anonymous_19)
FN:1360,(anonymous_20)
FN:1378,(anonymous_21)
FN:1382,(anonymous_22)
FN:1388,(anonymous_23)
FN:1419,(anonymous_24)
FN:1854,(anonymous_25)
FN:1888,(anonymous_26)
FN:1920,(anonymous_27)
FN:1925,(anonymous_28)
FN:1948,(anonymous_29)
FN:2209,(anonymous_30)
FN:2365,(anonymous_31)
FN:2369,(anonymous_32)
FN:2492,(anonymous_33)
FN:2671,(anonymous_34)
FN:2884,(anonymous_35)
FN:3039,(anonymous_36)
FN:3173,(anonymous_37)
FN:3188,(anonymous_38)
FNF:37
FNH:0
FNDA:0,(anonymous_2)
FNDA:0,(anonymous_3)
FNDA:0,(anonymous_4)
FNDA:0,(anonymous_5)
FNDA:0,(anonymous_6)
FNDA:0,(anonymous_7)
FNDA:0,(anonymous_8)
FNDA:0,(anonymous_9)
FNDA:0,(anonymous_10)
FNDA:0,(anonymous_11)
FNDA:0,(anonymous_12)
FNDA:0,(anonymous_13)
FNDA:0,(anonymous_14)
FNDA:0,(anonymous_15)
FNDA:0,(anonymous_16)
FNDA:0,(anonymous_17)
FNDA:0,(anonymous_18)
FNDA:0,(anonymous_19)
FNDA:0,(anonymous_20)
FNDA:0,(anonymous_21)
FNDA:0,(anonymous_22)
FNDA:0,(anonymous_23)
FNDA:0,(anonymous_24)
FNDA:0,(anonymous_25)
FNDA:0,(anonymous_26)
FNDA:0,(anonymous_27)
FNDA:0,(anonymous_28)
FNDA:0,(anonymous_29)
FNDA:0,(anonymous_30)
FNDA:0,(anonymous_31)
FNDA:0,(anonymous_32)
FNDA:0,(anonymous_33)
FNDA:0,(anonymous_34)
FNDA:0,(anonymous_35)
FNDA:0,(anonymous_36)
FNDA:0,(anonymous_37)
FNDA:0,(anonymous_38)
DA:1,0
DA:2,0
DA:3,0
DA:4,0
DA:5,0
DA:6,0
DA:7,0
DA:8,0
DA:9,0
DA:10,0
DA:11,0
DA:12,0
DA:13,0
DA:14,0
DA:15,0
DA:16,0
DA:17,0
DA:18,0
DA:19,0
DA:20,0
DA:21,0
DA:22,0
DA:23,0
DA:24,0
DA:25,0
DA:26,0
DA:59,0
DA:78,0
DA:79,0
DA:81,0
DA:87,0
DA:88,0
DA:89,0
DA:90,0
DA:91,0
DA:92,0
DA:93,0
DA:94,0
DA:95,0
DA:96,0
DA:97,0
DA:102,0
DA:103,0
DA:111,0
DA:115,0
DA:116,0
DA:120,0
DA:121,0
DA:122,0
DA:123,0
DA:124,0
DA:125,0
DA:126,0
DA:128,0
DA:131,0
DA:141,0
DA:142,0
DA:144,0
DA:145,0
DA:147,0
DA:148,0
DA:150,0
DA:151,0
DA:152,0
DA:155,0
DA:156,0
DA:158,0
DA:159,0
DA:160,0
DA:161,0
DA:162,0
DA:163,0
DA:164,0
DA:165,0
DA:167,0
DA:168,0
DA:169,0
DA:170,0
DA:175,0
DA:176,0
DA:179,0
DA:180,0
DA:181,0
DA:182,0
DA:183,0
DA:184,0
DA:187,0
DA:190,0
DA:191,0
DA:192,0
DA:193,0
DA:197,0
DA:201,0
DA:202,0
DA:210,0
DA:219,0
DA:220,0
DA:222,0
DA:230,0
DA:231,0
DA:239,0
DA:240,0
DA:247,0
DA:248,0
DA:254,0
DA:257,0
DA:258,0
DA:261,0
DA:263,0
DA:265,0
DA:266,0
DA:268,0
DA:270,0
DA:271,0
DA:273,0
DA:274,0
DA:276,0
DA:277,0
DA:279,0
DA:280,0
DA:282,0
DA:283,0
DA:285,0
DA:289,0
DA:296,0
DA:297,0
DA:300,0
DA:301,0
DA:306,0
DA:309,0
DA:337,0
DA:338,0
DA:353,0
DA:364,0
DA:365,0
DA:368,0
DA:372,0
DA:373,0
DA:376,0
DA:377,0
DA:378,0
DA:382,0
DA:383,0
DA:385,0
DA:386,0
DA:389,0
DA:390,0
DA:391,0
DA:401,0
DA:403,0
DA:404,0
DA:408,0
DA:411,0
DA:412,0
DA:413,0
DA:414,0
DA:417,0
DA:427,0
DA:428,0
DA:429,0
DA:430,0
DA:431,0
DA:432,0
DA:433,0
DA:434,0
DA:435,0
DA:437,0
DA:440,0
DA:441,0
DA:442,0
DA:446,0
DA:447,0
DA:450,0
DA:453,0
DA:454,0
DA:455,0
DA:456,0
DA:457,0
DA:458,0
DA:461,0
DA:462,0
DA:466,0
DA:467,0
DA:468,0
DA:469,0
DA:470,0
DA:471,0
DA:473,0
DA:474,0
DA:477,0
DA:481,0
DA:482,0
DA:483,0
DA:489,0
DA:490,0
DA:491,0
DA:492,0
DA:493,0
DA:494,0
DA:497,0
DA:498,0
DA:499,0
DA:500,0
DA:507,0
DA:508,0
DA:509,0
DA:510,0
DA:511,0
DA:512,0
DA:513,0
DA:514,0
DA:515,0
DA:518,0
DA:519,0
DA:520,0
DA:521,0
DA:522,0
DA:523,0
DA:524,0
DA:525,0
DA:526,0
DA:527,0
DA:528,0
DA:529,0
DA:530,0
DA:533,0
DA:539,0
DA:540,0
DA:541,0
DA:542,0
DA:543,0
DA:545,0
DA:552,0
DA:556,0
DA:557,0
DA:558,0
DA:559,0
DA:560,0
DA:562,0
DA:564,0
DA:572,0
DA:578,0
DA:581,0
DA:582,0
DA:583,0
DA:584,0
DA:585,0
DA:586,0
DA:587,0
DA:590,0
DA:592,0
DA:593,0
DA:595,0
DA:602,0
DA:604,0
DA:635,0
DA:637,0
DA:644,0
DA:645,0
DA:646,0
DA:652,0
DA:654,0
DA:657,0
DA:668,0
DA:680,0
DA:682,0
DA:692,0
DA:693,0
DA:694,0
DA:700,0
DA:702,0
DA:705,0
DA:712,0
DA:724,0
DA:726,0
DA:735,0
DA:736,0
DA:737,0
DA:743,0
DA:745,0
DA:748,0
DA:755,0
DA:767,0
DA:769,0
DA:779,0
DA:780,0
DA:781,0
DA:787,0
DA:789,0
DA:792,0
DA:799,0
DA:811,0
DA:813,0
DA:814,0
DA:815,0
DA:820,0
DA:822,0
DA:827,0
DA:829,0
DA:836,0
DA:839,0
DA:841,0
DA:850,0
DA:853,0
DA:854,0
DA:855,0
DA:858,0
DA:859,0
DA:860,0
DA:867,0
DA:872,0
DA:873,0
DA:874,0
DA:875,0
DA:877,0
DA:880,0
DA:881,0
DA:887,0
DA:888,0
DA:890,0
DA:892,0
DA:893,0
DA:894,0
DA:895,0
DA:900,0
DA:901,0
DA:902,0
DA:904,0
DA:905,0
DA:912,0
DA:918,0
DA:925,0
DA:926,0
DA:927,0
DA:928,0
DA:929,0
DA:930,0
DA:931,0
DA:932,0
DA:933,0
DA:934,0
DA:935,0
DA:936,0
DA:937,0
DA:938,0
DA:939,0
DA:940,0
DA:943,0
DA:944,0
DA:950,0
DA:951,0
DA:952,0
DA:953,0
DA:954,0
DA:955,0
DA:959,0
DA:960,0
DA:961,0
DA:962,0
DA:963,0
DA:968,0
DA:969,0
DA:970,0
DA:977,0
DA:978,0
DA:979,0
DA:980,0
DA:981,0
DA:982,0
DA:983,0
DA:984,0
DA:985,0
DA:991,0
DA:992,0
DA:993,0
DA:994,0
DA:995,0
DA:1000,0
DA:1001,0
DA:1002,0
DA:1003,0
DA:1004,0
DA:1013,0
DA:1014,0
DA:1027,0
DA:1028,0
DA:1029,0
DA:1032,0
DA:1033,0
DA:1034,0
DA:1042,0
DA:1047,0
DA:1048,0
DA:1056,0
DA:1060,0
DA:1061,0
DA:1070,0
DA:1071,0
DA:1072,0
DA:1074,0
DA:1076,0
DA:1077,0
DA:1078,0
DA:1079,0
DA:1080,0
DA:1085,0
DA:1093,0
DA:1098,0
DA:1099,0
DA:1100,0
DA:1101,0
DA:1102,0
DA:1109,0
DA:1110,0
DA:1111,0
DA:1112,0
DA:1113,0
DA:1114,0
DA:1115,0
DA:1116,0
DA:1117,0
DA:1118,0
DA:1119,0
DA:1120,0
DA:1121,0
DA:1122,0
DA:1125,0
DA:1126,0
DA:1127,0
DA:1134,0
DA:1135,0
DA:1136,0
DA:1137,0
DA:1138,0
DA:1140,0
DA:1141,0
DA:1142,0
DA:1143,0
DA:1144,0
DA:1146,0
DA:1147,0
DA:1148,0
DA:1149,0
DA:1150,0
DA:1151,0
DA:1152,0
DA:1153,0
DA:1154,0
DA:1156,0
DA:1157,0
DA:1158,0
DA:1159,0
DA:1160,0
DA:1161,0
DA:1162,0
DA:1166,0
DA:1173,0
DA:1176,0
DA:1177,0
DA:1178,0
DA:1179,0
DA:1180,0
DA:1187,0
DA:1188,0
DA:1189,0
DA:1190,0
DA:1191,0
DA:1193,0
DA:1194,0
DA:1195,0
DA:1196,0
DA:1197,0
DA:1199,0
DA:1200,0
DA:1201,0
DA:1202,0
DA:1203,0
DA:1204,0
DA:1205,0
DA:1206,0
DA:1207,0
DA:1209,0
DA:1210,0
DA:1211,0
DA:1212,0
DA:1213,0
DA:1214,0
DA:1215,0
DA:1221,0
DA:1223,0
DA:1234,0
DA:1235,0
DA:1236,0
DA:1243,0
DA:1250,0
DA:1251,0
DA:1255,0
DA:1256,0
DA:1260,0
DA:1261,0
DA:1262,0
DA:1263,0
DA:1264,0
DA:1269,0
DA:1271,0
DA:1272,0
DA:1274,0
DA:1275,0
DA:1277,0
DA:1278,0
DA:1280,0
DA:1281,0
DA:1283,0
DA:1284,0
DA:1286,0
DA:1290,0
DA:1292,0
DA:1293,0
DA:1295,0
DA:1299,0
DA:1300,0
DA:1302,0
DA:1303,0
DA:1305,0
DA:1306,0
DA:1308,0
DA:1309,0
DA:1311,0
DA:1312,0
DA:1314,0
DA:1327,0
DA:1328,0
DA:1343,0
DA:1349,0
DA:1350,0
DA:1351,0
DA:1353,0
DA:1354,0
DA:1356,0
DA:1364,0
DA:1366,0
DA:1368,0
DA:1370,0
DA:1372,0
DA:1374,0
DA:1379,0
DA:1383,0
DA:1384,0
DA:1394,0
DA:1401,0
DA:1402,0
DA:1408,0
DA:1409,0
DA:1416,0
DA:1423,0
DA:1424,0
DA:1426,0
DA:1427,0
DA:1429,0
DA:1430,0
DA:1432,0
DA:1433,0
DA:1434,0
DA:1438,0
DA:1439,0
DA:1440,0
DA:1441,0
DA:1442,0
DA:1443,0
DA:1444,0
DA:1445,0
DA:1446,0
DA:1447,0
DA:1448,0
DA:1449,0
DA:1451,0
DA:1459,0
DA:1460,0
DA:1461,0
DA:1462,0
DA:1463,0
DA:1464,0
DA:1465,0
DA:1467,0
DA:1468,0
DA:1469,0
DA:1470,0
DA:1471,0
DA:1472,0
DA:1474,0
DA:1479,0
DA:1484,0
DA:1485,0
DA:1486,0
DA:1487,0
DA:1488,0
DA:1490,0
DA:1491,0
DA:1492,0
DA:1493,0
DA:1494,0
DA:1499,0
DA:1504,0
DA:1505,0
DA:1506,0
DA:1507,0
DA:1508,0
DA:1513,0
DA:1518,0
DA:1519,0
DA:1520,0
DA:1522,0
DA:1523,0
DA:1524,0
DA:1529,0
DA:1530,0
DA:1531,0
DA:1532,0
DA:1533,0
DA:1534,0
DA:1535,0
DA:1536,0
DA:1537,0
DA:1538,0
DA:1539,0
DA:1541,0
DA:1546,0
DA:1551,0
DA:1552,0
DA:1553,0
DA:1554,0
DA:1555,0
DA:1556,0
DA:1557,0
DA:1558,0
DA:1559,0
DA:1560,0
DA:1561,0
DA:1562,0
DA:1563,0
DA:1564,0
DA:1565,0
DA:1566,0
DA:1568,0
DA:1573,0
DA:1578,0
DA:1579,0
DA:1580,0
DA:1581,0
DA:1582,0
DA:1583,0
DA:1587,0
DA:1588,0
DA:1589,0
DA:1590,0
DA:1591,0
DA:1596,0
DA:1597,0
DA:1598,0
DA:1599,0
DA:1600,0
DA:1601,0
DA:1606,0
DA:1607,0
DA:1608,0
DA:1609,0
DA:1610,0
DA:1611,0
DA:1612,0
DA:1614,0
DA:1620,0
DA:1621,0
DA:1622,0
DA:1623,0
DA:1624,0
DA:1625,0
DA:1626,0
DA:1627,0
DA:1628,0
DA:1631,0
DA:1632,0
DA:1648,0
DA:1650,0
DA:1653,0
DA:1662,0
DA:1665,0
DA:1667,0
DA:1668,0
DA:1669,0
DA:1670,0
DA:1671,0
DA:1672,0
DA:1673,0
DA:1674,0
DA:1677,0
DA:1678,0
DA:1679,0
DA:1684,0
DA:1685,0
DA:1686,0
DA:1691,0
DA:1692,0
DA:1693,0
DA:1698,0
DA:1699,0
DA:1700,0
DA:1701,0
DA:1702,0
DA:1703,0
DA:1707,0
DA:1708,0
DA:1709,0
DA:1710,0
DA:1714,0
DA:1715,0
DA:1716,0
DA:1717,0
DA:1721,0
DA:1722,0
DA:1723,0
DA:1724,0
DA:1729,0
DA:1734,0
DA:1735,0
DA:1736,0
DA:1737,0
DA:1738,0
DA:1739,0
DA:1740,0
DA:1742,0
DA:1747,0
DA:1748,0
DA:1749,0
DA:1750,0
DA:1752,0
DA:1757,0
DA:1758,0
DA:1759,0
DA:1760,0
DA:1761,0
DA:1762,0
DA:1763,0
DA:1764,0
DA:1769,0
DA:1774,0
DA:1775,0
DA:1776,0
DA:1777,0
DA:1778,0
DA:1779,0
DA:1782,0
DA:1783,0
DA:1788,0
DA:1789,0
DA:1790,0
DA:1793,0
DA:1794,0
DA:1795,0
DA:1801,0
DA:1802,0
DA:1803,0
DA:1804,0
DA:1805,0
DA:1808,0
DA:1810,0
DA:1817,0
DA:1818,0
DA:1819,0
DA:1820,0
DA:1821,0
DA:1822,0
DA:1829,0
DA:1830,0
DA:1839,0
DA:1840,0
DA:1841,0
DA:1850,0
DA:1851,0
DA:1855,0
DA:1858,0
DA:1859,0
DA:1860,0
DA:1861,0
DA:1862,0
DA:1863,0
DA:1868,0
DA:1869,0
DA:1870,0
DA:1871,0
DA:1872,0
DA:1873,0
DA:1878,0
DA:1879,0
DA:1880,0
DA:1881,0
DA:1882,0
DA:1885,0
DA:1889,0
DA:1890,0
DA:1891,0
DA:1893,0
DA:1894,0
DA:1897,0
DA:1898,0
DA:1900,0
DA:1907,0
DA:1908,0
DA:1909,0
DA:1910,0
DA:1911,0
DA:1914,0
DA:1921,0
DA:1922,0
DA:1923,0
DA:1924,0
DA:1925,0
DA:1927,0
DA:1928,0
DA:1929,0
DA:1930,0
DA:1931,0
DA:1933,0
DA:1934,0
DA:1935,0
DA:1936,0
DA:1938,0
DA:1944,0
DA:1949,0
DA:1950,0
DA:1951,0
DA:1953,0
DA:1974,0
DA:1975,0
DA:1976,0
DA:1977,0
DA:1978,0
DA:1979,0
DA:1984,0
DA:1985,0
DA:1986,0
DA:1987,0
DA:1989,0
DA:1990,0
DA:1991,0
DA:2003,0
DA:2006,0
DA:2008,0
DA:2011,0
DA:2015,0
DA:2016,0
DA:2023,0
DA:2024,0
DA:2025,0
DA:2026,0
DA:2028,0
DA:2029,0
DA:2035,0
DA:2036,0
DA:2038,0
DA:2039,0
DA:2040,0
DA:2041,0
DA:2043,0
DA:2044,0
DA:2050,0
DA:2051,0
DA:2056,0
DA:2057,0
DA:2058,0
DA:2059,0
DA:2067,0
DA:2068,0
DA:2069,0
DA:2070,0
DA:2078,0
DA:2079,0
DA:2080,0
DA:2081,0
DA:2089,0
DA:2090,0
DA:2091,0
DA:2092,0
DA:2100,0
DA:2101,0
DA:2102,0
DA:2103,0
DA:2104,0
DA:2105,0
DA:2112,0
DA:2113,0
DA:2114,0
DA:2115,0
DA:2120,0
DA:2121,0
DA:2122,0
DA:2123,0
DA:2128,0
DA:2129,0
DA:2130,0
DA:2134,0
DA:2135,0
DA:2136,0
DA:2141,0
DA:2142,0
DA:2143,0
DA:2147,0
DA:2148,0
DA:2150,0
DA:2152,0
DA:2160,0
DA:2161,0
DA:2162,0
DA:2163,0
DA:2164,0
DA:2166,0
DA:2167,0
DA:2169,0
DA:2170,0
DA:2172,0
DA:2175,0
DA:2186,0
DA:2187,0
DA:2191,0
DA:2193,0
DA:2196,0
DA:2199,0
DA:2205,0
DA:2210,0
DA:2211,0
DA:2212,0
DA:2214,0
DA:2238,0
DA:2239,0
DA:2240,0
DA:2241,0
DA:2242,0
DA:2251,0
DA:2263,0
DA:2265,0
DA:2266,0
DA:2267,0
DA:2268,0
DA:2270,0
DA:2273,0
DA:2277,0
DA:2278,0
DA:2279,0
DA:2280,0
DA:2287,0
DA:2288,0
DA:2289,0
DA:2295,0
DA:2296,0
DA:2297,0
DA:2298,0
DA:2301,0
DA:2302,0
DA:2303,0
DA:2307,0
DA:2308,0
DA:2309,0
DA:2312,0
DA:2313,0
DA:2314,0
DA:2315,0
DA:2318,0
DA:2319,0
DA:2320,0
DA:2324,0
DA:2325,0
DA:2326,0
DA:2329,0
DA:2330,0
DA:2331,0
DA:2333,0
DA:2356,0
DA:2362,0
DA:2366,0
DA:2380,0
DA:2381,0
DA:2382,0
DA:2384,0
DA:2391,0
DA:2412,0
DA:2413,0
DA:2414,0
DA:2420,0
DA:2421,0
DA:2422,0
DA:2424,0
DA:2425,0
DA:2426,0
DA:2427,0
DA:2428,0
DA:2429,0
DA:2430,0
DA:2431,0
DA:2432,0
DA:2433,0
DA:2434,0
DA:2435,0
DA:2437,0
DA:2438,0
DA:2442,0
DA:2443,0
DA:2444,0
DA:2445,0
DA:2446,0
DA:2447,0
DA:2449,0
DA:2450,0
DA:2455,0
DA:2462,0
DA:2463,0
DA:2464,0
DA:2466,0
DA:2467,0
DA:2468,0
DA:2469,0
DA:2470,0
DA:2471,0
DA:2472,0
DA:2473,0
DA:2475,0
DA:2476,0
DA:2481,0
DA:2488,0
DA:2493,0
DA:2494,0
DA:2495,0
DA:2497,0
DA:2518,0
DA:2519,0
DA:2529,0
DA:2530,0
DA:2533,0
DA:2534,0
DA:2540,0
DA:2541,0
DA:2542,0
DA:2543,0
DA:2544,0
DA:2552,0
DA:2564,0
DA:2566,0
DA:2567,0
DA:2568,0
DA:2569,0
DA:2571,0
DA:2574,0
DA:2578,0
DA:2579,0
DA:2580,0
DA:2581,0
DA:2591,0
DA:2595,0
DA:2596,0
DA:2597,0
DA:2601,0
DA:2602,0
DA:2603,0
DA:2606,0
DA:2607,0
DA:2608,0
DA:2609,0
DA:2615,0
DA:2616,0
DA:2617,0
DA:2618,0
DA:2624,0
DA:2625,0
DA:2626,0
DA:2631,0
DA:2632,0
DA:2634,0
DA:2635,0
DA:2636,0
DA:2661,0
DA:2667,0
DA:2672,0
DA:2673,0
DA:2674,0
DA:2676,0
DA:2700,0
DA:2701,0
DA:2702,0
DA:2703,0
DA:2704,0
DA:2717,0
DA:2729,0
DA:2731,0
DA:2732,0
DA:2733,0
DA:2734,0
DA:2736,0
DA:2739,0
DA:2743,0
DA:2744,0
DA:2745,0
DA:2746,0
DA:2753,0
DA:2754,0
DA:2755,0
DA:2761,0
DA:2762,0
DA:2763,0
DA:2766,0
DA:2767,0
DA:2777,0
DA:2778,0
DA:2780,0
DA:2781,0
DA:2784,0
DA:2785,0
DA:2786,0
DA:2790,0
DA:2791,0
DA:2792,0
DA:2795,0
DA:2796,0
DA:2797,0
DA:2798,0
DA:2801,0
DA:2802,0
DA:2803,0
DA:2807,0
DA:2808,0
DA:2809,0
DA:2812,0
DA:2813,0
DA:2814,0
DA:2815,0
DA:2818,0
DA:2819,0
DA:2820,0
DA:2821,0
DA:2824,0
DA:2825,0
DA:2826,0
DA:2830,0
DA:2831,0
DA:2832,0
DA:2835,0
DA:2836,0
DA:2837,0
DA:2841,0
DA:2842,0
DA:2844,0
DA:2845,0
DA:2846,0
DA:2875,0
DA:2881,0
DA:2885,0
DA:2886,0
DA:2887,0
DA:2889,0
DA:2890,0
DA:2891,0
DA:2893,0
DA:2894,0
DA:2895,0
DA:2896,0
DA:2897,0
DA:2898,0
DA:2899,0
DA:2900,0
DA:2902,0
DA:2903,0
DA:2904,0
DA:2905,0
DA:2906,0
DA:2908,0
DA:2909,0
DA:2911,0
DA:2912,0
DA:2914,0
DA:2917,0
DA:2918,0
DA:2919,0
DA:2920,0
DA:2922,0
DA:2925,0
DA:2926,0
DA:2927,0
DA:2929,0
DA:2930,0
DA:2932,0
DA:2936,0
DA:2937,0
DA:2938,0
DA:2939,0
DA:2940,0
DA:2942,0
DA:2944,0
DA:2945,0
DA:2946,0
DA:2947,0
DA:2948,0
DA:2950,0
DA:2951,0
DA:2952,0
DA:2953,0
DA:2954,0
DA:2956,0
DA:2957,0
DA:2959,0
DA:2963,0
DA:2964,0
DA:2965,0
DA:2966,0
DA:2967,0
DA:2968,0
DA:2969,0
DA:2973,0
DA:2975,0
DA:2976,0
DA:2977,0
DA:2978,0
DA:2980,0
DA:2981,0
DA:2982,0
DA:2983,0
DA:2984,0
DA:2985,0
DA:2987,0
DA:2988,0
DA:2990,0
DA:2994,0
DA:2995,0
DA:2996,0
DA:2997,0
DA:2998,0
DA:3000,0
DA:3001,0
DA:3002,0
DA:3004,0
DA:3005,0
DA:3009,0
DA:3011,0
DA:3012,0
DA:3013,0
DA:3014,0
DA:3016,0
DA:3017,0
DA:3018,0
DA:3019,0
DA:3021,0
DA:3022,0
DA:3023,0
DA:3024,0
DA:3025,0
DA:3027,0
DA:3028,0
DA:3030,0
DA:3035,0
DA:3040,0
DA:3041,0
DA:3043,0
DA:3049,0
DA:3050,0
DA:3051,0
DA:3052,0
DA:3053,0
DA:3054,0
DA:3059,0
DA:3064,0
DA:3065,0
DA:3067,0
DA:3068,0
DA:3069,0
DA:3074,0
DA:3080,0
DA:3088,0
DA:3096,0
DA:3102,0
DA:3108,0
DA:3109,0
DA:3110,0
DA:3113,0
DA:3114,0
DA:3115,0
DA:3116,0
DA:3121,0
DA:3126,0
DA:3127,0
DA:3129,0
DA:3130,0
DA:3131,0
DA:3136,0
DA:3142,0
DA:3150,0
DA:3158,0
DA:3164,0
DA:3170,0
DA:3174,0
DA:3175,0
DA:3176,0
DA:3185,0
DA:3189,0
DA:3190,0
DA:3198,0
LF:1301
LH:0
BRDA:102,0,0,0
BRDA:102,0,1,0
BRDA:103,1,0,0
BRDA:103,1,1,0
BRDA:111,2,0,0
BRDA:111,2,1,0
BRDA:124,3,0,0
BRDA:124,3,1,0
BRDA:126,4,0,0
BRDA:126,4,1,0
BRDA:141,5,0,0
BRDA:141,5,1,0
BRDA:144,6,0,0
BRDA:144,6,1,0
BRDA:150,7,0,0
BRDA:150,7,1,0
BRDA:155,8,0,0
BRDA:155,8,1,0
BRDA:155,9,0,0
BRDA:155,9,1,0
BRDA:159,10,0,0
BRDA:159,10,1,0
BRDA:160,11,0,0
BRDA:160,11,1,0
BRDA:160,12,0,0
BRDA:160,12,1,0
BRDA:163,13,0,0
BRDA:163,13,1,0
BRDA:163,14,0,0
BRDA:163,14,1,0
BRDA:167,15,0,0
BRDA:167,15,1,0
BRDA:168,16,0,0
BRDA:168,16,1,0
BRDA:168,17,0,0
BRDA:168,17,1,0
BRDA:175,18,0,0
BRDA:175,18,1,0
BRDA:175,19,0,0
BRDA:175,19,1,0
BRDA:179,20,0,0
BRDA:179,20,1,0
BRDA:182,21,0,0
BRDA:182,21,1,0
BRDA:182,22,0,0
BRDA:182,22,1,0
BRDA:187,23,0,0
BRDA:187,23,1,0
BRDA:191,24,0,0
BRDA:191,24,1,0
BRDA:193,25,0,0
BRDA:193,25,1,0
BRDA:204,26,0,0
BRDA:204,26,1,0
BRDA:222,27,0,0
BRDA:222,27,1,0
BRDA:223,28,0,0
BRDA:223,28,1,0
BRDA:223,28,2,0
BRDA:223,28,3,0
BRDA:223,28,4,0
BRDA:223,28,5,0
BRDA:231,29,0,0
BRDA:231,29,1,0
BRDA:232,30,0,0
BRDA:232,30,1,0
BRDA:232,30,2,0
BRDA:232,30,3,0
BRDA:232,30,4,0
BRDA:232,30,5,0
BRDA:240,31,0,0
BRDA:240,31,1,0
BRDA:241,32,0,0
BRDA:241,32,1,0
BRDA:241,32,2,0
BRDA:241,32,3,0
BRDA:241,32,4,0
BRDA:248,33,0,0
BRDA:248,33,1,0
BRDA:249,34,0,0
BRDA:249,34,1,0
BRDA:249,34,2,0
BRDA:249,34,3,0
BRDA:257,35,0,0
BRDA:257,35,1,0
BRDA:261,36,0,0
BRDA:261,36,1,0
BRDA:265,37,0,0
BRDA:265,37,1,0
BRDA:265,38,0,0
BRDA:265,38,1,0
BRDA:268,39,0,0
BRDA:268,39,1,0
BRDA:268,39,2,0
BRDA:268,39,3,0
BRDA:268,39,4,0
BRDA:268,39,5,0
BRDA:300,40,0,0
BRDA:300,40,1,0
BRDA:301,41,0,0
BRDA:301,41,1,0
BRDA:342,42,0,0
BRDA:342,42,1,0
BRDA:343,43,0,0
BRDA:343,43,1,0
BRDA:348,44,0,0
BRDA:348,44,1,0
BRDA:349,45,0,0
BRDA:349,45,1,0
BRDA:376,46,0,0
BRDA:376,46,1,0
BRDA:376,47,0,0
BRDA:376,47,1,0
BRDA:382,48,0,0
BRDA:382,48,1,0
BRDA:382,49,0,0
BRDA:382,49,1,0
BRDA:385,50,0,0
BRDA:385,50,1,0
BRDA:385,51,0,0
BRDA:385,51,1,0
BRDA:403,52,0,0
BRDA:403,52,1,0
BRDA:403,53,0,0
BRDA:403,53,1,0
BRDA:412,54,0,0
BRDA:412,54,1,0
BRDA:413,55,0,0
BRDA:413,55,1,0
BRDA:414,56,0,0
BRDA:414,56,1,0
BRDA:421,57,0,0
BRDA:421,57,1,0
BRDA:430,58,0,0
BRDA:430,58,1,0
BRDA:430,59,0,0
BRDA:430,59,1,0
BRDA:430,59,2,0
BRDA:430,59,3,0
BRDA:433,60,0,0
BRDA:433,60,1,0
BRDA:433,61,0,0
BRDA:433,61,1,0
BRDA:433,61,2,0
BRDA:433,61,3,0
BRDA:440,62,0,0
BRDA:440,62,1,0
BRDA:440,63,0,0
BRDA:440,63,1,0
BRDA:446,64,0,0
BRDA:446,64,1,0
BRDA:453,65,0,0
BRDA:453,65,1,0
BRDA:453,66,0,0
BRDA:453,66,1,0
BRDA:455,67,0,0
BRDA:455,67,1,0
BRDA:455,68,0,0
BRDA:455,68,1,0
BRDA:457,69,0,0
BRDA:457,69,1,0
BRDA:457,70,0,0
BRDA:457,70,1,0
BRDA:461,71,0,0
BRDA:461,71,1,0
BRDA:461,72,0,0
BRDA:461,72,1,0
BRDA:466,73,0,0
BRDA:466,73,1,0
BRDA:466,74,0,0
BRDA:466,74,1,0
BRDA:468,75,0,0
BRDA:468,75,1,0
BRDA:469,76,0,0
BRDA:469,76,1,0
BRDA:470,77,0,0
BRDA:470,77,1,0
BRDA:471,78,0,0
BRDA:471,78,1,0
BRDA:473,79,0,0
BRDA:473,79,1,0
BRDA:473,80,0,0
BRDA:473,80,1,0
BRDA:473,80,2,0
BRDA:485,81,0,0
BRDA:485,81,1,0
BRDA:493,82,0,0
BRDA:493,82,1,0
BRDA:493,83,0,0
BRDA:493,83,1,0
BRDA:502,84,0,0
BRDA:502,84,1,0
BRDA:507,85,0,0
BRDA:507,85,1,0
BRDA:509,86,0,0
BRDA:509,86,1,0
BRDA:519,87,0,0
BRDA:519,87,1,0
BRDA:521,88,0,0
BRDA:521,88,1,0
BRDA:522,89,0,0
BRDA:522,89,1,0
BRDA:522,90,0,0
BRDA:522,90,1,0
BRDA:523,91,0,0
BRDA:523,91,1,0
BRDA:524,92,0,0
BRDA:524,92,1,0
BRDA:525,93,0,0
BRDA:525,93,1,0
BRDA:526,94,0,0
BRDA:526,94,1,0
BRDA:527,95,0,0
BRDA:527,95,1,0
BRDA:527,96,0,0
BRDA:527,96,1,0
BRDA:528,97,0,0
BRDA:528,97,1,0
BRDA:528,98,0,0
BRDA:528,98,1,0
BRDA:529,99,0,0
BRDA:529,99,1,0
BRDA:529,100,0,0
BRDA:529,100,1,0
BRDA:540,101,0,0
BRDA:540,101,1,0
BRDA:540,102,0,0
BRDA:540,102,1,0
BRDA:540,102,2,0
BRDA:542,103,0,0
BRDA:542,103,1,0
BRDA:559,104,0,0
BRDA:559,104,1,0
BRDA:560,105,0,0
BRDA:560,105,1,0
BRDA:567,106,0,0
BRDA:567,106,1,0
BRDA:567,106,2,0
BRDA:568,107,0,0
BRDA:568,107,1,0
BRDA:582,108,0,0
BRDA:582,108,1,0
BRDA:586,109,0,0
BRDA:586,109,1,0
BRDA:586,110,0,0
BRDA:586,110,1,0
BRDA:593,111,0,0
BRDA:593,111,1,0
BRDA:593,111,2,0
BRDA:593,111,3,0
BRDA:593,111,4,0
BRDA:593,111,5,0
BRDA:593,111,6,0
BRDA:593,111,7,0
BRDA:597,112,0,0
BRDA:597,112,1,0
BRDA:599,113,0,0
BRDA:599,113,1,0
BRDA:605,114,0,0
BRDA:605,114,1,0
BRDA:605,115,0,0
BRDA:605,115,1,0
BRDA:605,115,2,0
BRDA:660,116,0,0
BRDA:660,116,1,0
BRDA:661,117,0,0
BRDA:661,117,1,0
BRDA:662,118,0,0
BRDA:662,118,1,0
BRDA:663,119,0,0
BRDA:663,119,1,0
BRDA:664,120,0,0
BRDA:664,120,1,0
BRDA:673,121,0,0
BRDA:673,121,1,0
BRDA:673,122,0,0
BRDA:673,122,1,0
BRDA:697,123,0,0
BRDA:697,123,1,0
BRDA:697,123,2,0
BRDA:717,124,0,0
BRDA:717,124,1,0
BRDA:717,125,0,0
BRDA:717,125,1,0
BRDA:740,126,0,0
BRDA:740,126,1,0
BRDA:740,126,2,0
BRDA:760,127,0,0
BRDA:760,127,1,0
BRDA:760,128,0,0
BRDA:760,128,1,0
BRDA:784,129,0,0
BRDA:784,129,1,0
BRDA:804,130,0,0
BRDA:804,130,1,0
BRDA:804,131,0,0
BRDA:804,131,1,0
BRDA:814,132,0,0
BRDA:814,132,1,0
BRDA:820,133,0,0
BRDA:820,133,1,0
BRDA:827,134,0,0
BRDA:827,134,1,0
BRDA:831,135,0,0
BRDA:831,135,1,0
BRDA:834,136,0,0
BRDA:834,136,1,0
BRDA:854,137,0,0
BRDA:854,137,1,0
BRDA:867,138,0,0
BRDA:867,138,1,0
BRDA:867,138,2,0
BRDA:873,139,0,0
BRDA:873,139,1,0
BRDA:874,140,0,0
BRDA:874,140,1,0
BRDA:875,141,0,0
BRDA:875,141,1,0
BRDA:875,141,2,0
BRDA:875,141,3,0
BRDA:875,141,4,0
BRDA:875,141,5,0
BRDA:875,141,6,0
BRDA:887,142,0,0
BRDA:887,142,1,0
BRDA:887,143,0,0
BRDA:887,143,1,0
BRDA:925,144,0,0
BRDA:925,144,1,0
BRDA:925,145,0,0
BRDA:925,145,1,0
BRDA:926,146,0,0
BRDA:926,146,1,0
BRDA:929,147,0,0
BRDA:929,147,1,0
BRDA:931,148,0,0
BRDA:931,148,1,0
BRDA:931,149,0,0
BRDA:931,149,1,0
BRDA:933,150,0,0
BRDA:933,150,1,0
BRDA:933,151,0,0
BRDA:933,151,1,0
BRDA:935,152,0,0
BRDA:935,152,1,0
BRDA:935,153,0,0
BRDA:935,153,1,0
BRDA:937,154,0,0
BRDA:937,154,1,0
BRDA:937,155,0,0
BRDA:937,155,1,0
BRDA:939,156,0,0
BRDA:939,156,1,0
BRDA:939,157,0,0
BRDA:939,157,1,0
BRDA:943,158,0,0
BRDA:943,158,1,0
BRDA:945,159,0,0
BRDA:945,159,1,0
BRDA:946,160,0,0
BRDA:946,160,1,0
BRDA:950,161,0,0
BRDA:950,161,1,0
BRDA:951,162,0,0
BRDA:951,162,1,0
BRDA:956,163,0,0
BRDA:956,163,1,0
BRDA:959,164,0,0
BRDA:959,164,1,0
BRDA:962,165,0,0
BRDA:962,165,1,0
BRDA:964,166,0,0
BRDA:964,166,1,0
BRDA:971,167,0,0
BRDA:971,167,1,0
BRDA:977,168,0,0
BRDA:977,168,1,0
BRDA:978,169,0,0
BRDA:978,169,1,0
BRDA:979,170,0,0
BRDA:979,170,1,0
BRDA:979,170,2,0
BRDA:979,170,3,0
BRDA:980,171,0,0
BRDA:980,171,1,0
BRDA:981,172,0,0
BRDA:981,172,1,0
BRDA:986,173,0,0
BRDA:986,173,1,0
BRDA:991,174,0,0
BRDA:991,174,1,0
BRDA:992,175,0,0
BRDA:992,175,1,0
BRDA:993,176,0,0
BRDA:993,176,1,0
BRDA:993,176,2,0
BRDA:993,176,3,0
BRDA:994,177,0,0
BRDA:994,177,1,0
BRDA:994,178,0,0
BRDA:994,178,1,0
BRDA:996,179,0,0
BRDA:996,179,1,0
BRDA:1000,180,0,0
BRDA:1000,180,1,0
BRDA:1005,181,0,0
BRDA:1005,181,1,0
BRDA:1014,182,0,0
BRDA:1014,182,1,0
BRDA:1014,182,2,0
BRDA:1014,182,3,0
BRDA:1014,182,4,0
BRDA:1014,182,5,0
BRDA:1014,182,6,0
BRDA:1014,182,7,0
BRDA:1014,182,8,0
BRDA:1014,182,9,0
BRDA:1014,182,10,0
BRDA:1014,182,11,0
BRDA:1027,183,0,0
BRDA:1027,183,1,0
BRDA:1027,184,0,0
BRDA:1027,184,1,0
BRDA:1032,185,0,0
BRDA:1032,185,1,0
BRDA:1070,186,0,0
BRDA:1070,186,1,0
BRDA:1071,187,0,0
BRDA:1071,187,1,0
BRDA:1071,188,0,0
BRDA:1071,188,1,0
BRDA:1071,188,2,0
BRDA:1071,188,3,0
BRDA:1071,188,4,0
BRDA:1076,189,0,0
BRDA:1076,189,1,0
BRDA:1078,190,0,0
BRDA:1078,190,1,0
BRDA:1078,191,0,0
BRDA:1078,191,1,0
BRDA:1078,191,2,0
BRDA:1098,192,0,0
BRDA:1098,192,1,0
BRDA:1109,193,0,0
BRDA:1109,193,1,0
BRDA:1111,194,0,0
BRDA:1111,194,1,0
BRDA:1111,195,0,0
BRDA:1111,195,1,0
BRDA:1115,196,0,0
BRDA:1115,196,1,0
BRDA:1115,197,0,0
BRDA:1115,197,1,0
BRDA:1115,197,2,0
BRDA:1115,197,3,0
BRDA:1119,198,0,0
BRDA:1119,198,1,0
BRDA:1119,199,0,0
BRDA:1119,199,1,0
BRDA:1125,200,0,0
BRDA:1125,200,1,0
BRDA:1135,201,0,0
BRDA:1135,201,1,0
BRDA:1140,202,0,0
BRDA:1140,202,1,0
BRDA:1141,203,0,0
BRDA:1141,203,1,0
BRDA:1141,204,0,0
BRDA:1141,204,1,0
BRDA:1141,204,2,0
BRDA:1141,204,3,0
BRDA:1141,204,4,0
BRDA:1141,204,5,0
BRDA:1141,204,6,0
BRDA:1143,205,0,0
BRDA:1143,205,1,0
BRDA:1143,206,0,0
BRDA:1143,206,1,0
BRDA:1143,206,2,0
BRDA:1143,206,3,0
BRDA:1146,207,0,0
BRDA:1146,207,1,0
BRDA:1147,208,0,0
BRDA:1147,208,1,0
BRDA:1147,209,0,0
BRDA:1147,209,1,0
BRDA:1147,209,2,0
BRDA:1149,210,0,0
BRDA:1149,210,1,0
BRDA:1151,211,0,0
BRDA:1151,211,1,0
BRDA:1151,212,0,0
BRDA:1151,212,1,0
BRDA:1151,212,2,0
BRDA:1153,213,0,0
BRDA:1153,213,1,0
BRDA:1156,214,0,0
BRDA:1156,214,1,0
BRDA:1157,215,0,0
BRDA:1157,215,1,0
BRDA:1157,216,0,0
BRDA:1157,216,1,0
BRDA:1159,217,0,0
BRDA:1159,217,1,0
BRDA:1161,218,0,0
BRDA:1161,218,1,0
BRDA:1176,219,0,0
BRDA:1176,219,1,0
BRDA:1176,220,0,0
BRDA:1176,220,1,0
BRDA:1176,220,2,0
BRDA:1176,220,3,0
BRDA:1187,221,0,0
BRDA:1187,221,1,0
BRDA:1189,222,0,0
BRDA:1189,222,1,0
BRDA:1193,223,0,0
BRDA:1193,223,1,0
BRDA:1194,224,0,0
BRDA:1194,224,1,0
BRDA:1194,225,0,0
BRDA:1194,225,1,0
BRDA:1194,225,2,0
BRDA:1194,225,3,0
BRDA:1194,225,4,0
BRDA:1194,225,5,0
BRDA:1194,225,6,0
BRDA:1196,226,0,0
BRDA:1196,226,1,0
BRDA:1196,227,0,0
BRDA:1196,227,1,0
BRDA:1196,227,2,0
BRDA:1196,227,3,0
BRDA:1199,228,0,0
BRDA:1199,228,1,0
BRDA:1200,229,0,0
BRDA:1200,229,1,0
BRDA:1200,230,0,0
BRDA:1200,230,1,0
BRDA:1200,230,2,0
BRDA:1202,231,0,0
BRDA:1202,231,1,0
BRDA:1204,232,0,0
BRDA:1204,232,1,0
BRDA:1204,233,0,0
BRDA:1204,233,1,0
BRDA:1204,233,2,0
BRDA:1206,234,0,0
BRDA:1206,234,1,0
BRDA:1209,235,0,0
BRDA:1209,235,1,0
BRDA:1210,236,0,0
BRDA:1210,236,1,0
BRDA:1210,237,0,0
BRDA:1210,237,1,0
BRDA:1212,238,0,0
BRDA:1212,238,1,0
BRDA:1214,239,0,0
BRDA:1214,239,1,0
BRDA:1221,240,0,0
BRDA:1221,240,1,0
BRDA:1235,241,0,0
BRDA:1235,241,1,0
BRDA:1250,242,0,0
BRDA:1250,242,1,0
BRDA:1250,243,0,0
BRDA:1250,243,1,0
BRDA:1255,244,0,0
BRDA:1255,244,1,0
BRDA:1255,245,0,0
BRDA:1255,245,1,0
BRDA:1255,245,2,0
BRDA:1255,245,3,0
BRDA:1261,246,0,0
BRDA:1261,246,1,0
BRDA:1261,247,0,0
BRDA:1261,247,1,0
BRDA:1263,248,0,0
BRDA:1263,248,1,0
BRDA:1269,249,0,0
BRDA:1269,249,1,0
BRDA:1269,249,2,0
BRDA:1269,249,3,0
BRDA:1269,249,4,0
BRDA:1269,249,5,0
BRDA:1292,250,0,0
BRDA:1292,250,1,0
BRDA:1292,251,0,0
BRDA:1292,251,1,0
BRDA:1299,252,0,0
BRDA:1299,252,1,0
BRDA:1299,253,0,0
BRDA:1299,253,1,0
BRDA:1299,253,2,0
BRDA:1299,253,3,0
BRDA:1299,253,4,0
BRDA:1299,253,5,0
BRDA:1299,253,6,0
BRDA:1299,253,7,0
BRDA:1299,253,8,0
BRDA:1299,253,9,0
BRDA:1299,253,10,0
BRDA:1299,253,11,0
BRDA:1299,253,12,0
BRDA:1299,253,13,0
BRDA:1302,254,0,0
BRDA:1302,254,1,0
BRDA:1302,255,0,0
BRDA:1302,255,1,0
BRDA:1302,255,2,0
BRDA:1302,255,3,0
BRDA:1302,255,4,0
BRDA:1305,256,0,0
BRDA:1305,256,1,0
BRDA:1305,257,0,0
BRDA:1305,257,1,0
BRDA:1305,257,2,0
BRDA:1305,257,3,0
BRDA:1305,257,4,0
BRDA:1308,258,0,0
BRDA:1308,258,1,0
BRDA:1308,259,0,0
BRDA:1308,259,1,0
BRDA:1308,259,2,0
BRDA:1308,259,3,0
BRDA:1308,259,4,0
BRDA:1308,259,5,0
BRDA:1311,260,0,0
BRDA:1311,260,1,0
BRDA:1311,261,0,0
BRDA:1311,261,1,0
BRDA:1311,261,2,0
BRDA:1311,261,3,0
BRDA:1334,262,0,0
BRDA:1334,262,1,0
BRDA:1351,263,0,0
BRDA:1351,263,1,0
BRDA:1351,264,0,0
BRDA:1351,264,1,0
BRDA:1353,265,0,0
BRDA:1353,265,1,0
BRDA:1364,266,0,0
BRDA:1364,266,1,0
BRDA:1364,266,2,0
BRDA:1364,266,3,0
BRDA:1364,266,4,0
BRDA:1394,267,0,0
BRDA:1394,267,1,0
BRDA:1394,267,2,0
BRDA:1394,267,3,0
BRDA:1394,267,4,0
BRDA:1394,267,5,0
BRDA:1401,268,0,0
BRDA:1401,268,1,0
BRDA:1411,269,0,0
BRDA:1411,269,1,0
BRDA:1426,270,0,0
BRDA:1426,270,1,0
BRDA:1426,271,0,0
BRDA:1426,271,1,0
BRDA:1429,272,0,0
BRDA:1429,272,1,0
BRDA:1429,273,0,0
BRDA:1429,273,1,0
BRDA:1432,274,0,0
BRDA:1432,274,1,0
BRDA:1432,275,0,0
BRDA:1432,275,1,0
BRDA:1439,276,0,0
BRDA:1439,276,1,0
BRDA:1439,277,0,0
BRDA:1439,277,1,0
BRDA:1439,277,2,0
BRDA:1441,278,0,0
BRDA:1441,278,1,0
BRDA:1443,279,0,0
BRDA:1443,279,1,0
BRDA:1444,280,0,0
BRDA:1444,280,1,0
BRDA:1447,281,0,0
BRDA:1447,281,1,0
BRDA:1459,282,0,0
BRDA:1459,282,1,0
BRDA:1460,283,0,0
BRDA:1460,283,1,0
BRDA:1462,284,0,0
BRDA:1462,284,1,0
BRDA:1464,285,0,0
BRDA:1464,285,1,0
BRDA:1468,286,0,0
BRDA:1468,286,1,0
BRDA:1470,287,0,0
BRDA:1470,287,1,0
BRDA:1484,288,0,0
BRDA:1484,288,1,0
BRDA:1485,289,0,0
BRDA:1485,289,1,0
BRDA:1486,290,0,0
BRDA:1486,290,1,0
BRDA:1487,291,0,0
BRDA:1487,291,1,0
BRDA:1491,292,0,0
BRDA:1491,292,1,0
BRDA:1504,293,0,0
BRDA:1504,293,1,0
BRDA:1505,294,0,0
BRDA:1505,294,1,0
BRDA:1518,295,0,0
BRDA:1518,295,1,0
BRDA:1520,296,0,0
BRDA:1520,296,1,0
BRDA:1520,297,0,0
BRDA:1520,297,1,0
BRDA:1529,298,0,0
BRDA:1529,298,1,0
BRDA:1533,299,0,0
BRDA:1533,299,1,0
BRDA:1534,300,0,0
BRDA:1534,300,1,0
BRDA:1537,301,0,0
BRDA:1537,301,1,0
BRDA:1551,302,0,0
BRDA:1551,302,1,0
BRDA:1553,303,0,0
BRDA:1553,303,1,0
BRDA:1560,304,0,0
BRDA:1560,304,1,0
BRDA:1561,305,0,0
BRDA:1561,305,1,0
BRDA:1564,306,0,0
BRDA:1564,306,1,0
BRDA:1578,307,0,0
BRDA:1578,307,1,0
BRDA:1579,308,0,0
BRDA:1579,308,1,0
BRDA:1581,309,0,0
BRDA:1581,309,1,0
BRDA:1582,310,0,0
BRDA:1582,310,1,0
BRDA:1587,311,0,0
BRDA:1587,311,1,0
BRDA:1597,312,0,0
BRDA:1597,312,1,0
BRDA:1606,313,0,0
BRDA:1606,313,1,0
BRDA:1607,314,0,0
BRDA:1607,314,1,0
BRDA:1610,315,0,0
BRDA:1610,315,1,0
BRDA:1620,316,0,0
BRDA:1620,316,1,0
BRDA:1623,317,0,0
BRDA:1623,317,1,0
BRDA:1624,318,0,0
BRDA:1624,318,1,0
BRDA:1626,319,0,0
BRDA:1626,319,1,0
BRDA:1627,320,0,0
BRDA:1627,320,1,0
BRDA:1627,321,0,0
BRDA:1627,321,1,0
BRDA:1627,321,2,0
BRDA:1627,321,3,0
BRDA:1627,321,4,0
BRDA:1636,322,0,0
BRDA:1636,322,1,0
BRDA:1637,323,0,0
BRDA:1637,323,1,0
BRDA:1638,324,0,0
BRDA:1638,324,1,0
BRDA:1639,325,0,0
BRDA:1639,325,1,0
BRDA:1640,326,0,0
BRDA:1640,326,1,0
BRDA:1641,327,0,0
BRDA:1641,327,1,0
BRDA:1642,328,0,0
BRDA:1642,328,1,0
BRDA:1643,329,0,0
BRDA:1643,329,1,0
BRDA:1644,330,0,0
BRDA:1644,330,1,0
BRDA:1657,331,0,0
BRDA:1657,331,1,0
BRDA:1657,331,2,0
BRDA:1667,332,0,0
BRDA:1667,332,1,0
BRDA:1669,333,0,0
BRDA:1669,333,1,0
BRDA:1671,334,0,0
BRDA:1671,334,1,0
BRDA:1673,335,0,0
BRDA:1673,335,1,0
BRDA:1677,336,0,0
BRDA:1677,336,1,0
BRDA:1691,337,0,0
BRDA:1691,337,1,0
BRDA:1691,338,0,0
BRDA:1691,338,1,0
BRDA:1691,338,2,0
BRDA:1698,339,0,0
BRDA:1698,339,1,0
BRDA:1700,340,0,0
BRDA:1700,340,1,0
BRDA:1700,341,0,0
BRDA:1700,341,1,0
BRDA:1707,342,0,0
BRDA:1707,342,1,0
BRDA:1707,343,0,0
BRDA:1707,343,1,0
BRDA:1707,343,2,0
BRDA:1714,344,0,0
BRDA:1714,344,1,0
BRDA:1714,345,0,0
BRDA:1714,345,1,0
BRDA:1721,346,0,0
BRDA:1721,346,1,0
BRDA:1721,347,0,0
BRDA:1721,347,1,0
BRDA:1734,348,0,0
BRDA:1734,348,1,0
BRDA:1735,349,0,0
BRDA:1735,349,1,0
BRDA:1736,350,0,0
BRDA:1736,350,1,0
BRDA:1738,351,0,0
BRDA:1738,351,1,0
BRDA:1747,352,0,0
BRDA:1747,352,1,0
BRDA:1748,353,0,0
BRDA:1748,353,1,0
BRDA:1757,354,0,0
BRDA:1757,354,1,0
BRDA:1759,355,0,0
BRDA:1759,355,1,0
BRDA:1760,356,0,0
BRDA:1760,356,1,0
BRDA:1774,357,0,0
BRDA:1774,357,1,0
BRDA:1777,358,0,0
BRDA:1777,358,1,0
BRDA:1778,359,0,0
BRDA:1778,359,1,0
BRDA:1788,360,0,0
BRDA:1788,360,1,0
BRDA:1793,361,0,0
BRDA:1793,361,1,0
BRDA:1801,362,0,0
BRDA:1801,362,1,0
BRDA:1804,363,0,0
BRDA:1804,363,1,0
BRDA:1805,364,0,0
BRDA:1805,364,1,0
BRDA:1806,365,0,0
BRDA:1806,365,1,0
BRDA:1817,366,0,0
BRDA:1817,366,1,0
BRDA:1817,367,0,0
BRDA:1817,367,1,0
BRDA:1818,368,0,0
BRDA:1818,368,1,0
BRDA:1818,369,0,0
BRDA:1818,369,1,0
BRDA:1823,370,0,0
BRDA:1823,370,1,0
BRDA:1824,371,0,0
BRDA:1824,371,1,0
BRDA:1831,372,0,0
BRDA:1831,372,1,0
BRDA:1832,373,0,0
BRDA:1832,373,1,0
BRDA:1839,374,0,0
BRDA:1839,374,1,0
BRDA:1842,375,0,0
BRDA:1842,375,1,0
BRDA:1843,376,0,0
BRDA:1843,376,1,0
BRDA:1859,377,0,0
BRDA:1859,377,1,0
BRDA:1859,378,0,0
BRDA:1859,378,1,0
BRDA:1861,379,0,0
BRDA:1861,379,1,0
BRDA:1861,380,0,0
BRDA:1861,380,1,0
BRDA:1869,381,0,0
BRDA:1869,381,1,0
BRDA:1869,382,0,0
BRDA:1869,382,1,0
BRDA:1871,383,0,0
BRDA:1871,383,1,0
BRDA:1879,384,0,0
BRDA:1879,384,1,0
BRDA:1889,385,0,0
BRDA:1889,385,1,0
BRDA:1890,386,0,0
BRDA:1890,386,1,0
BRDA:1893,387,0,0
BRDA:1893,387,1,0
BRDA:1897,388,0,0
BRDA:1897,388,1,0
BRDA:1897,388,2,0
BRDA:1898,389,0,0
BRDA:1898,389,1,0
BRDA:1900,390,0,0
BRDA:1900,390,1,0
BRDA:1904,391,0,0
BRDA:1904,391,1,0
BRDA:1909,392,0,0
BRDA:1909,392,1,0
BRDA:1924,393,0,0
BRDA:1924,393,1,0
BRDA:1925,394,0,0
BRDA:1925,394,1,0
BRDA:1925,394,2,0
BRDA:1928,395,0,0
BRDA:1928,395,1,0
BRDA:1929,396,0,0
BRDA:1929,396,1,0
BRDA:1930,397,0,0
BRDA:1930,397,1,0
BRDA:1931,398,0,0
BRDA:1931,398,1,0
BRDA:1938,399,0,0
BRDA:1938,399,1,0
BRDA:1939,400,0,0
BRDA:1939,400,1,0
BRDA:1940,401,0,0
BRDA:1940,401,1,0
BRDA:1941,402,0,0
BRDA:1941,402,1,0
BRDA:1974,403,0,0
BRDA:1974,403,1,0
BRDA:1976,404,0,0
BRDA:1976,404,1,0
BRDA:1976,405,0,0
BRDA:1976,405,1,0
BRDA:1976,405,2,0
BRDA:1976,405,3,0
BRDA:1976,405,4,0
BRDA:1976,405,5,0
BRDA:1977,406,0,0
BRDA:1977,406,1,0
BRDA:1986,407,0,0
BRDA:1986,407,1,0
BRDA:1987,408,0,0
BRDA:1987,408,1,0
BRDA:1996,409,0,0
BRDA:1996,409,1,0
BRDA:1996,410,0,0
BRDA:1996,410,1,0
BRDA:2008,411,0,0
BRDA:2008,411,1,0
BRDA:2008,411,2,0
BRDA:2015,412,0,0
BRDA:2015,412,1,0
BRDA:2015,413,0,0
BRDA:2015,413,1,0
BRDA:2015,413,2,0
BRDA:2015,413,3,0
BRDA:2015,413,4,0
BRDA:2023,414,0,0
BRDA:2023,414,1,0
BRDA:2024,415,0,0
BRDA:2024,415,1,0
BRDA:2035,416,0,0
BRDA:2035,416,1,0
BRDA:2036,417,0,0
BRDA:2036,417,1,0
BRDA:2039,418,0,0
BRDA:2039,418,1,0
BRDA:2039,418,2,0
BRDA:2039,418,3,0
BRDA:2039,418,4,0
BRDA:2040,419,0,0
BRDA:2040,419,1,0
BRDA:2056,420,0,0
BRDA:2056,420,1,0
BRDA:2060,421,0,0
BRDA:2060,421,1,0
BRDA:2061,422,0,0
BRDA:2061,422,1,0
BRDA:2067,423,0,0
BRDA:2067,423,1,0
BRDA:2071,424,0,0
BRDA:2071,424,1,0
BRDA:2072,425,0,0
BRDA:2072,425,1,0
BRDA:2078,426,0,0
BRDA:2078,426,1,0
BRDA:2082,427,0,0
BRDA:2082,427,1,0
BRDA:2083,428,0,0
BRDA:2083,428,1,0
BRDA:2089,429,0,0
BRDA:2089,429,1,0
BRDA:2093,430,0,0
BRDA:2093,430,1,0
BRDA:2094,431,0,0
BRDA:2094,431,1,0
BRDA:2100,432,0,0
BRDA:2100,432,1,0
BRDA:2104,433,0,0
BRDA:2104,433,1,0
BRDA:2104,434,0,0
BRDA:2104,434,1,0
BRDA:2106,435,0,0
BRDA:2106,435,1,0
BRDA:2107,436,0,0
BRDA:2107,436,1,0
BRDA:2112,437,0,0
BRDA:2112,437,1,0
BRDA:2113,438,0,0
BRDA:2113,438,1,0
BRDA:2120,439,0,0
BRDA:2120,439,1,0
BRDA:2128,440,0,0
BRDA:2128,440,1,0
BRDA:2129,441,0,0
BRDA:2129,441,1,0
BRDA:2141,442,0,0
BRDA:2141,442,1,0
BRDA:2142,443,0,0
BRDA:2142,443,1,0
BRDA:2156,444,0,0
BRDA:2156,444,1,0
BRDA:2160,445,0,0
BRDA:2160,445,1,0
BRDA:2163,446,0,0
BRDA:2163,446,1,0
BRDA:2166,447,0,0
BRDA:2166,447,1,0
BRDA:2169,448,0,0
BRDA:2169,448,1,0
BRDA:2172,449,0,0
BRDA:2172,449,1,0
BRDA:2186,450,0,0
BRDA:2186,450,1,0
BRDA:2238,451,0,0
BRDA:2238,451,1,0
BRDA:2239,452,0,0
BRDA:2239,452,1,0
BRDA:2239,453,0,0
BRDA:2239,453,1,0
BRDA:2239,453,2,0
BRDA:2239,453,3,0
BRDA:2239,453,4,0
BRDA:2239,453,5,0
BRDA:2256,454,0,0
BRDA:2256,454,1,0
BRDA:2256,455,0,0
BRDA:2256,455,1,0
BRDA:2267,456,0,0
BRDA:2267,456,1,0
BRDA:2277,457,0,0
BRDA:2277,457,1,0
BRDA:2277,458,0,0
BRDA:2277,458,1,0
BRDA:2277,458,2,0
BRDA:2277,458,3,0
BRDA:2277,458,4,0
BRDA:2287,459,0,0
BRDA:2287,459,1,0
BRDA:2295,460,0,0
BRDA:2295,460,1,0
BRDA:2296,461,0,0
BRDA:2296,461,1,0
BRDA:2301,462,0,0
BRDA:2301,462,1,0
BRDA:2302,463,0,0
BRDA:2302,463,1,0
BRDA:2312,464,0,0
BRDA:2312,464,1,0
BRDA:2318,465,0,0
BRDA:2318,465,1,0
BRDA:2319,466,0,0
BRDA:2319,466,1,0
BRDA:2329,467,0,0
BRDA:2329,467,1,0
BRDA:2376,468,0,0
BRDA:2412,469,0,0
BRDA:2412,469,1,0
BRDA:2412,470,0,0
BRDA:2412,470,1,0
BRDA:2420,471,0,0
BRDA:2420,471,1,0
BRDA:2421,472,0,0
BRDA:2421,472,1,0
BRDA:2421,472,2,0
BRDA:2421,472,3,0
BRDA:2422,473,0,0
BRDA:2422,473,1,0
BRDA:2422,473,2,0
BRDA:2422,473,3,0
BRDA:2422,473,4,0
BRDA:2424,474,0,0
BRDA:2424,474,1,0
BRDA:2424,475,0,0
BRDA:2424,475,1,0
BRDA:2424,475,2,0
BRDA:2426,476,0,0
BRDA:2426,476,1,0
BRDA:2429,477,0,0
BRDA:2429,477,1,0
BRDA:2429,477,2,0
BRDA:2431,478,0,0
BRDA:2431,478,1,0
BRDA:2442,479,0,0
BRDA:2442,479,1,0
BRDA:2442,480,0,0
BRDA:2442,480,1,0
BRDA:2442,480,2,0
BRDA:2444,481,0,0
BRDA:2444,481,1,0
BRDA:2446,482,0,0
BRDA:2446,482,1,0
BRDA:2451,483,0,0
BRDA:2451,483,1,0
BRDA:2462,484,0,0
BRDA:2462,484,1,0
BRDA:2463,485,0,0
BRDA:2463,485,1,0
BRDA:2463,485,2,0
BRDA:2463,485,3,0
BRDA:2464,486,0,0
BRDA:2464,486,1,0
BRDA:2464,486,2,0
BRDA:2464,486,3,0
BRDA:2466,487,0,0
BRDA:2466,487,1,0
BRDA:2468,488,0,0
BRDA:2468,488,1,0
BRDA:2470,489,0,0
BRDA:2470,489,1,0
BRDA:2472,490,0,0
BRDA:2472,490,1,0
BRDA:2477,491,0,0
BRDA:2477,491,1,0
BRDA:2518,492,0,0
BRDA:2518,492,1,0
BRDA:2518,493,0,0
BRDA:2518,493,1,0
BRDA:2518,493,2,0
BRDA:2529,494,0,0
BRDA:2529,494,1,0
BRDA:2540,495,0,0
BRDA:2540,495,1,0
BRDA:2541,496,0,0
BRDA:2541,496,1,0
BRDA:2541,497,0,0
BRDA:2541,497,1,0
BRDA:2541,497,2,0
BRDA:2541,497,3,0
BRDA:2541,497,4,0
BRDA:2541,497,5,0
BRDA:2557,498,0,0
BRDA:2557,498,1,0
BRDA:2557,499,0,0
BRDA:2557,499,1,0
BRDA:2568,500,0,0
BRDA:2568,500,1,0
BRDA:2578,501,0,0
BRDA:2578,501,1,0
BRDA:2578,502,0,0
BRDA:2578,502,1,0
BRDA:2578,502,2,0
BRDA:2578,502,3,0
BRDA:2578,502,4,0
BRDA:2595,503,0,0
BRDA:2595,503,1,0
BRDA:2596,504,0,0
BRDA:2596,504,1,0
BRDA:2606,505,0,0
BRDA:2606,505,1,0
BRDA:2615,506,0,0
BRDA:2615,506,1,0
BRDA:2624,507,0,0
BRDA:2624,507,1,0
BRDA:2625,508,0,0
BRDA:2625,508,1,0
BRDA:2635,509,0,0
BRDA:2635,509,1,0
BRDA:2700,510,0,0
BRDA:2700,510,1,0
BRDA:2701,511,0,0
BRDA:2701,511,1,0
BRDA:2701,512,0,0
BRDA:2701,512,1,0
BRDA:2701,512,2,0
BRDA:2701,512,3,0
BRDA:2701,512,4,0
BRDA:2701,512,5,0
BRDA:2712,513,0,0
BRDA:2712,513,1,0
BRDA:2713,514,0,0
BRDA:2713,514,1,0
BRDA:2714,515,0,0
BRDA:2714,515,1,0
BRDA:2715,516,0,0
BRDA:2715,516,1,0
BRDA:2722,517,0,0
BRDA:2722,517,1,0
BRDA:2722,518,0,0
BRDA:2722,518,1,0
BRDA:2733,519,0,0
BRDA:2733,519,1,0
BRDA:2743,520,0,0
BRDA:2743,520,1,0
BRDA:2743,521,0,0
BRDA:2743,521,1,0
BRDA:2743,521,2,0
BRDA:2743,521,3,0
BRDA:2743,521,4,0
BRDA:2753,522,0,0
BRDA:2753,522,1,0
BRDA:2761,523,0,0
BRDA:2761,523,1,0
BRDA:2762,524,0,0
BRDA:2762,524,1,0
BRDA:2766,525,0,0
BRDA:2766,525,1,0
BRDA:2766,526,0,0
BRDA:2766,526,1,0
BRDA:2766,526,2,0
BRDA:2777,527,0,0
BRDA:2777,527,1,0
BRDA:2784,528,0,0
BRDA:2784,528,1,0
BRDA:2785,529,0,0
BRDA:2785,529,1,0
BRDA:2795,530,0,0
BRDA:2795,530,1,0
BRDA:2801,531,0,0
BRDA:2801,531,1,0
BRDA:2802,532,0,0
BRDA:2802,532,1,0
BRDA:2812,533,0,0
BRDA:2812,533,1,0
BRDA:2818,534,0,0
BRDA:2818,534,1,0
BRDA:2824,535,0,0
BRDA:2824,535,1,0
BRDA:2825,536,0,0
BRDA:2825,536,1,0
BRDA:2835,537,0,0
BRDA:2835,537,1,0
BRDA:2836,538,0,0
BRDA:2836,538,1,0
BRDA:2841,539,0,0
BRDA:2841,539,1,0
BRDA:2845,540,0,0
BRDA:2845,540,1,0
BRDA:2853,541,0,0
BRDA:2853,541,1,0
BRDA:2889,542,0,0
BRDA:2889,542,1,0
BRDA:2889,543,0,0
BRDA:2889,543,1,0
BRDA:2890,544,0,0
BRDA:2890,544,1,0
BRDA:2890,545,0,0
BRDA:2890,545,1,0
BRDA:2891,546,0,0
BRDA:2891,546,1,0
BRDA:2891,547,0,0
BRDA:2891,547,1,0
BRDA:2893,548,0,0
BRDA:2893,548,1,0
BRDA:2899,549,0,0
BRDA:2899,549,1,0
BRDA:2899,549,2,0
BRDA:2902,550,0,0
BRDA:2902,550,1,0
BRDA:2905,551,0,0
BRDA:2905,551,1,0
BRDA:2908,552,0,0
BRDA:2908,552,1,0
BRDA:2911,553,0,0
BRDA:2911,553,1,0
BRDA:2914,554,0,0
BRDA:2914,554,1,0
BRDA:2925,555,0,0
BRDA:2925,555,1,0
BRDA:2936,556,0,0
BRDA:2936,556,1,0
BRDA:2937,557,0,0
BRDA:2937,557,1,0
BRDA:2937,558,0,0
BRDA:2937,558,1,0
BRDA:2938,559,0,0
BRDA:2938,559,1,0
BRDA:2938,560,0,0
BRDA:2938,560,1,0
BRDA:2939,561,0,0
BRDA:2939,561,1,0
BRDA:2939,562,0,0
BRDA:2939,562,1,0
BRDA:2940,563,0,0
BRDA:2940,563,1,0
BRDA:2940,564,0,0
BRDA:2940,564,1,0
BRDA:2942,565,0,0
BRDA:2942,565,1,0
BRDA:2942,566,0,0
BRDA:2942,566,1,0
BRDA:2963,567,0,0
BRDA:2963,567,1,0
BRDA:2964,568,0,0
BRDA:2964,568,1,0
BRDA:2964,569,0,0
BRDA:2964,569,1,0
BRDA:2965,570,0,0
BRDA:2965,570,1,0
BRDA:2965,571,0,0
BRDA:2965,571,1,0
BRDA:2966,572,0,0
BRDA:2966,572,1,0
BRDA:2966,573,0,0
BRDA:2966,573,1,0
BRDA:2967,574,0,0
BRDA:2967,574,1,0
BRDA:2967,575,0,0
BRDA:2967,575,1,0
BRDA:2969,576,0,0
BRDA:2969,576,1,0
BRDA:2970,577,0,0
BRDA:2970,577,1,0
BRDA:2970,578,0,0
BRDA:2970,578,1,0
BRDA:2971,579,0,0
BRDA:2971,579,1,0
BRDA:2971,580,0,0
BRDA:2971,580,1,0
BRDA:2973,581,0,0
BRDA:2973,581,1,0
BRDA:2973,582,0,0
BRDA:2973,582,1,0
BRDA:2973,583,0,0
BRDA:2973,583,1,0
BRDA:2984,584,0,0
BRDA:2984,584,1,0
BRDA:2994,585,0,0
BRDA:2994,585,1,0
BRDA:2995,586,0,0
BRDA:2995,586,1,0
BRDA:2995,587,0,0
BRDA:2995,587,1,0
BRDA:2996,588,0,0
BRDA:2996,588,1,0
BRDA:2996,589,0,0
BRDA:2996,589,1,0
BRDA:2997,590,0,0
BRDA:2997,590,1,0
BRDA:2997,591,0,0
BRDA:2997,591,1,0
BRDA:2998,592,0,0
BRDA:2998,592,1,0
BRDA:2998,593,0,0
BRDA:2998,593,1,0
BRDA:3000,594,0,0
BRDA:3000,594,1,0
BRDA:3000,595,0,0
BRDA:3000,595,1,0
BRDA:3001,596,0,0
BRDA:3001,596,1,0
BRDA:3001,597,0,0
BRDA:3001,597,1,0
BRDA:3002,598,0,0
BRDA:3002,598,1,0
BRDA:3002,599,0,0
BRDA:3002,599,1,0
BRDA:3005,600,0,0
BRDA:3005,600,1,0
BRDA:3006,601,0,0
BRDA:3006,601,1,0
BRDA:3006,602,0,0
BRDA:3006,602,1,0
BRDA:3007,603,0,0
BRDA:3007,603,1,0
BRDA:3007,604,0,0
BRDA:3007,604,1,0
BRDA:3009,605,0,0
BRDA:3009,605,1,0
BRDA:3009,606,0,0
BRDA:3009,606,1,0
BRDA:3009,607,0,0
BRDA:3009,607,1,0
BRDA:3017,608,0,0
BRDA:3017,608,1,0
BRDA:3018,609,0,0
BRDA:3018,609,1,0
BRDA:3019,610,0,0
BRDA:3019,610,1,0
BRDA:3040,611,0,0
BRDA:3040,611,1,0
BRDA:3051,612,0,0
BRDA:3051,612,1,0
BRDA:3053,613,0,0
BRDA:3053,613,1,0
BRDA:3068,614,0,0
BRDA:3068,614,1,0
BRDA:3097,615,0,0
BRDA:3097,615,1,0
BRDA:3097,616,0,0
BRDA:3097,616,1,0
BRDA:3098,617,0,0
BRDA:3098,617,1,0
BRDA:3099,618,0,0
BRDA:3099,618,1,0
BRDA:3108,619,0,0
BRDA:3108,619,1,0
BRDA:3113,620,0,0
BRDA:3113,620,1,0
BRDA:3115,621,0,0
BRDA:3115,621,1,0
BRDA:3130,622,0,0
BRDA:3130,622,1,0
BRDA:3159,623,0,0
BRDA:3159,623,1,0
BRDA:3159,624,0,0
BRDA:3159,624,1,0
BRDA:3160,625,0,0
BRDA:3160,625,1,0
BRDA:3161,626,0,0
BRDA:3161,626,1,0
BRDA:3174,627,0,0
BRDA:3174,627,1,0
BRDA:3175,628,0,0
BRDA:3175,628,1,0
BRDA:3185,629,0,0
BRDA:3185,629,1,0
BRDA:3185,629,2,0
BRDA:3189,630,0,0
BRDA:3189,630,1,0
BRDA:87,631,0,0
BRDA:87,631,1,0
BRDA:87,632,0,0
BRDA:87,632,1,0
BRDA:87,633,0,0
BRDA:87,633,1,0
BRDA:87,634,0,0
BRDA:87,634,1,0
BRDA:88,635,0,0
BRDA:88,635,1,0
BRDA:88,636,0,0
BRDA:88,636,1,0
BRDA:89,637,0,0
BRDA:89,637,1,0
BRDA:89,638,0,0
BRDA:89,638,1,0
BRDA:90,639,0,0
BRDA:90,639,1,0
BRDA:90,640,0,0
BRDA:90,640,1,0
BRDA:91,641,0,0
BRDA:91,641,1,0
BRDA:91,642,0,0
BRDA:91,642,1,0
BRDA:92,643,0,0
BRDA:92,643,1,0
BRDA:92,644,0,0
BRDA:92,644,1,0
BRDA:93,645,0,0
BRDA:93,645,1,0
BRDA:93,646,0,0
BRDA:93,646,1,0
BRDA:94,647,0,0
BRDA:94,647,1,0
BRDA:94,648,0,0
BRDA:94,648,1,0
BRDA:95,649,0,0
BRDA:95,649,1,0
BRDA:95,650,0,0
BRDA:95,650,1,0
BRDA:96,651,0,0
BRDA:96,651,1,0
BRDA:96,652,0,0
BRDA:96,652,1,0
BRDA:97,653,0,0
BRDA:97,653,1,0
BRDA:97,654,0,0
BRDA:97,654,1,0
BRDA:98,655,0,0
BRDA:98,655,1,0
BRDA:98,656,0,0
BRDA:98,656,1,0
BRDA:99,657,0,0
BRDA:99,657,1,0
BRDA:99,658,0,0
BRDA:99,658,1,0
BRF:1490
BRH:0
end_of_record
TN:
SF:backend\src\chat\comprehensive_test.ts
FN:16,runBugDiscoveryAudit
FN:57,(anonymous_10)
FN:692,(anonymous_11)
FN:694,(anonymous_12)
FN:724,(anonymous_13)
FN:725,(anonymous_14)
FN:726,(anonymous_15)
FN:727,(anonymous_16)
FN:730,(anonymous_17)
FNF:9
FNH:0
FNDA:0,runBugDiscoveryAudit
FNDA:0,(anonymous_10)
FNDA:0,(anonymous_11)
FNDA:0,(anonymous_12)
FNDA:0,(anonymous_13)
FNDA:0,(anonymous_14)
FNDA:0,(anonymous_15)
FNDA:0,(anonymous_16)
FNDA:0,(anonymous_17)
DA:1,0
DA:2,0
DA:3,0
DA:4,0
DA:5,0
DA:6,0
DA:7,0
DA:8,0
DA:9,0
DA:10,0
DA:11,0
DA:12,0
DA:13,0
DA:17,0
DA:18,0
DA:19,0
DA:20,0
DA:21,0
DA:22,0
DA:23,0
DA:24,0
DA:25,0
DA:26,0
DA:27,0
DA:28,0
DA:30,0
DA:55,0
DA:57,0
DA:58,0
DA:70,0
DA:73,0
DA:77,0
DA:78,0
DA:79,0
DA:80,0
DA:81,0
DA:82,0
DA:83,0
DA:86,0
DA:87,0
DA:88,0
DA:91,0
DA:96,0
DA:97,0
DA:110,0
DA:116,0
DA:117,0
DA:118,0
DA:119,0
DA:120,0
DA:121,0
DA:124,0
DA:125,0
DA:126,0
DA:139,0
DA:145,0
DA:146,0
DA:147,0
DA:148,0
DA:149,0
DA:150,0
DA:151,0
DA:153,0
DA:154,0
DA:167,0
DA:173,0
DA:174,0
DA:175,0
DA:176,0
DA:177,0
DA:178,0
DA:180,0
DA:181,0
DA:194,0
DA:200,0
DA:201,0
DA:202,0
DA:203,0
DA:204,0
DA:205,0
DA:206,0
DA:207,0
DA:208,0
DA:209,0
DA:214,0
DA:217,0
DA:218,0
DA:219,0
DA:236,0
DA:237,0
DA:238,0
DA:239,0
DA:240,0
DA:241,0
DA:242,0
DA:243,0
DA:244,0
DA:245,0
DA:247,0
DA:248,0
DA:249,0
DA:262,0
DA:268,0
DA:269,0
DA:270,0
DA:271,0
DA:272,0
DA:273,0
DA:274,0
DA:275,0
DA:276,0
DA:278,0
DA:279,0
DA:280,0
DA:293,0
DA:299,0
DA:300,0
DA:301,0
DA:302,0
DA:303,0
DA:304,0
DA:306,0
DA:307,0
DA:308,0
DA:321,0
DA:327,0
DA:328,0
DA:329,0
DA:330,0
DA:331,0
DA:332,0
DA:334,0
DA:335,0
DA:348,0
DA:354,0
DA:355,0
DA:356,0
DA:357,0
DA:358,0
DA:361,0
DA:362,0
DA:364,0
DA:365,0
DA:378,0
DA:384,0
DA:385,0
DA:386,0
DA:387,0
DA:388,0
DA:390,0
DA:398,0
DA:399,0
DA:400,0
DA:401,0
DA:402,0
DA:403,0
DA:404,0
DA:416,0
DA:419,0
DA:420,0
DA:426,0
DA:427,0
DA:428,0
DA:429,0
DA:430,0
DA:432,0
DA:439,0
DA:440,0
DA:441,0
DA:442,0
DA:443,0
DA:444,0
DA:456,0
DA:459,0
DA:460,0
DA:466,0
DA:467,0
DA:468,0
DA:469,0
DA:470,0
DA:471,0
DA:472,0
DA:473,0
DA:474,0
DA:475,0
DA:476,0
DA:477,0
DA:478,0
DA:479,0
DA:480,0
DA:481,0
DA:482,0
DA:483,0
DA:484,0
DA:487,0
DA:488,0
DA:489,0
DA:491,0
DA:494,0
DA:498,0
DA:499,0
DA:512,0
DA:518,0
DA:519,0
DA:520,0
DA:521,0
DA:522,0
DA:523,0
DA:526,0
DA:527,0
DA:528,0
DA:541,0
DA:547,0
DA:548,0
DA:549,0
DA:551,0
DA:552,0
DA:553,0
DA:554,0
DA:556,0
DA:557,0
DA:558,0
DA:559,0
DA:561,0
DA:562,0
DA:564,0
DA:565,0
DA:578,0
DA:584,0
DA:585,0
DA:586,0
DA:587,0
DA:588,0
DA:589,0
DA:590,0
DA:591,0
DA:592,0
DA:593,0
DA:607,0
DA:608,0
DA:610,0
DA:611,0
DA:612,0
DA:613,0
DA:614,0
DA:615,0
DA:627,0
DA:629,0
DA:632,0
DA:633,0
DA:639,0
DA:640,0
DA:641,0
DA:642,0
DA:643,0
DA:644,0
DA:645,0
DA:646,0
DA:647,0
DA:648,0
DA:651,0
DA:652,0
DA:653,0
DA:654,0
DA:655,0
DA:656,0
DA:659,0
DA:662,0
DA:666,0
DA:667,0
DA:680,0
DA:686,0
DA:687,0
DA:692,0
DA:693,0
DA:694,0
DA:696,0
DA:697,0
DA:710,0
DA:716,0
DA:718,0
DA:724,0
DA:725,0
DA:726,0
DA:727,0
DA:730,0
DA:742,0
DA:743,0
DA:746,0
DA:748,0
DA:752,0
LF:291
LH:0
BRDA:96,0,0,0
BRDA:96,0,1,0
BRDA:125,1,0,0
BRDA:125,1,1,0
BRDA:125,2,0,0
BRDA:125,2,1,0
BRDA:151,3,0,0
BRDA:151,3,1,0
BRDA:153,4,0,0
BRDA:153,4,1,0
BRDA:180,5,0,0
BRDA:180,5,1,0
BRDA:217,6,0,0
BRDA:217,6,1,0
BRDA:218,7,0,0
BRDA:218,7,1,0
BRDA:247,8,0,0
BRDA:247,8,1,0
BRDA:247,8,2,0
BRDA:248,9,0,0
BRDA:248,9,1,0
BRDA:279,10,0,0
BRDA:279,10,1,0
BRDA:306,11,0,0
BRDA:306,11,1,0
BRDA:306,11,2,0
BRDA:306,11,3,0
BRDA:306,11,4,0
BRDA:307,12,0,0
BRDA:307,12,1,0
BRDA:332,13,0,0
BRDA:332,13,1,0
BRDA:334,14,0,0
BRDA:334,14,1,0
BRDA:364,15,0,0
BRDA:364,15,1,0
BRDA:364,16,0,0
BRDA:364,16,1,0
BRDA:402,17,0,0
BRDA:402,17,1,0
BRDA:419,18,0,0
BRDA:419,18,1,0
BRDA:442,19,0,0
BRDA:442,19,1,0
BRDA:442,20,0,0
BRDA:442,20,1,0
BRDA:442,20,2,0
BRDA:442,20,3,0
BRDA:459,21,0,0
BRDA:459,21,1,0
BRDA:495,22,0,0
BRDA:495,22,1,0
BRDA:498,23,0,0
BRDA:498,23,1,0
BRDA:527,24,0,0
BRDA:527,24,1,0
BRDA:527,25,0,0
BRDA:527,25,1,0
BRDA:564,26,0,0
BRDA:564,26,1,0
BRDA:611,27,0,0
BRDA:611,27,1,0
BRDA:613,28,0,0
BRDA:613,28,1,0
BRDA:632,29,0,0
BRDA:632,29,1,0
BRDA:666,30,0,0
BRDA:666,30,1,0
BRDA:666,31,0,0
BRDA:666,31,1,0
BRDA:666,31,2,0
BRDA:696,32,0,0
BRDA:696,32,1,0
BRF:73
BRH:0
end_of_record
TN:
SF:backend\src\chat\validation.service.ts
FN:11,(anonymous_1)
FN:41,(anonymous_2)
FN:45,(anonymous_3)
FN:57,(anonymous_4)
FN:57,(anonymous_5)
FN:79,(anonymous_6)
FN:146,(anonymous_7)
FN:164,(anonymous_8)
FN:175,(anonymous_9)
FN:194,(anonymous_10)
FN:203,(anonymous_11)
FN:210,(anonymous_12)
FN:219,(anonymous_13)
FN:291,(anonymous_14)
FN:312,(anonymous_15)
FNF:15
FNH:0
FNDA:0,(anonymous_1)
FNDA:0,(anonymous_2)
FNDA:0,(anonymous_3)
FNDA:0,(anonymous_4)
FNDA:0,(anonymous_5)
FNDA:0,(anonymous_6)
FNDA:0,(anonymous_7)
FNDA:0,(anonymous_8)
FNDA:0,(anonymous_9)
FNDA:0,(anonymous_10)
FNDA:0,(anonymous_11)
FNDA:0,(anonymous_12)
FNDA:0,(anonymous_13)
FNDA:0,(anonymous_14)
FNDA:0,(anonymous_15)
DA:1,0
DA:4,0
DA:12,0
DA:13,0
DA:15,0
DA:18,0
DA:19,0
DA:23,0
DA:24,0
DA:25,0
DA:29,0
DA:30,0
DA:35,0
DA:36,0
DA:38,0
DA:42,0
DA:46,0
DA:47,0
DA:49,0
DA:50,0
DA:51,0
DA:52,0
DA:53,0
DA:54,0
DA:57,0
DA:58,0
DA:59,0
DA:61,0
DA:62,0
DA:63,0
DA:65,0
DA:66,0
DA:69,0
DA:80,0
DA:81,0
DA:84,0
DA:85,0
DA:86,0
DA:87,0
DA:88,0
DA:90,0
DA:91,0
DA:92,0
DA:93,0
DA:96,0
DA:97,0
DA:98,0
DA:100,0
DA:101,0
DA:102,0
DA:104,0
DA:119,0
DA:120,0
DA:121,0
DA:124,0
DA:125,0
DA:126,0
DA:128,0
DA:129,0
DA:130,0
DA:133,0
DA:134,0
DA:135,0
DA:136,0
DA:137,0
DA:140,0
DA:147,0
DA:148,0
DA:149,0
DA:151,0
DA:152,0
DA:153,0
DA:154,0
DA:157,0
DA:165,0
DA:166,0
DA:167,0
DA:168,0
DA:176,0
DA:177,0
DA:178,0
DA:179,0
DA:180,0
DA:181,0
DA:182,0
DA:183,0
DA:185,0
DA:186,0
DA:188,0
DA:195,0
DA:196,0
DA:197,0
DA:204,0
DA:211,0
DA:212,0
DA:215,0
DA:219,0
DA:220,0
DA:225,0
DA:226,0
DA:227,0
DA:228,0
DA:229,0
DA:234,0
DA:235,0
DA:236,0
DA:241,0
DA:246,0
DA:247,0
DA:248,0
DA:249,0
DA:250,0
DA:251,0
DA:252,0
DA:258,0
DA:264,0
DA:265,0
DA:266,0
DA:267,0
DA:268,0
DA:269,0
DA:270,0
DA:271,0
DA:277,0
DA:278,0
DA:279,0
DA:280,0
DA:281,0
DA:282,0
DA:283,0
DA:288,0
DA:292,0
DA:293,0
DA:295,0
DA:296,0
DA:297,0
DA:298,0
DA:299,0
DA:302,0
DA:305,0
DA:306,0
DA:307,0
DA:309,0
DA:313,0
DA:314,0
LF:145
LH:0
BRDA:12,0,0,0
BRDA:12,0,1,0
BRDA:12,1,0,0
BRDA:12,1,1,0
BRDA:18,2,0,0
BRDA:18,2,1,0
BRDA:24,3,0,0
BRDA:24,3,1,0
BRDA:29,4,0,0
BRDA:29,4,1,0
BRDA:35,5,0,0
BRDA:35,5,1,0
BRDA:47,6,0,0
BRDA:47,6,1,0
BRDA:50,7,0,0
BRDA:50,7,1,0
BRDA:61,8,0,0
BRDA:61,8,1,0
BRDA:79,9,0,0
BRDA:80,10,0,0
BRDA:80,10,1,0
BRDA:90,11,0,0
BRDA:90,11,1,0
BRDA:98,12,0,0
BRDA:98,12,1,0
BRDA:119,13,0,0
BRDA:119,13,1,0
BRDA:120,14,0,0
BRDA:120,14,1,0
BRDA:124,15,0,0
BRDA:124,15,1,0
BRDA:124,16,0,0
BRDA:124,16,1,0
BRDA:125,17,0,0
BRDA:125,17,1,0
BRDA:125,18,0,0
BRDA:125,18,1,0
BRDA:126,19,0,0
BRDA:126,19,1,0
BRDA:126,20,0,0
BRDA:126,20,1,0
BRDA:128,21,0,0
BRDA:128,21,1,0
BRDA:129,22,0,0
BRDA:129,22,1,0
BRDA:129,22,2,0
BRDA:130,23,0,0
BRDA:130,23,1,0
BRDA:130,24,0,0
BRDA:130,24,1,0
BRDA:133,25,0,0
BRDA:133,25,1,0
BRDA:137,26,0,0
BRDA:137,26,1,0
BRDA:147,27,0,0
BRDA:147,27,1,0
BRDA:147,28,0,0
BRDA:147,28,1,0
BRDA:153,29,0,0
BRDA:153,29,1,0
BRDA:153,30,0,0
BRDA:153,30,1,0
BRDA:166,31,0,0
BRDA:166,31,1,0
BRDA:176,32,0,0
BRDA:176,32,1,0
BRDA:178,33,0,0
BRDA:178,33,1,0
BRDA:178,34,0,0
BRDA:178,34,1,0
BRDA:180,35,0,0
BRDA:180,35,1,0
BRDA:180,36,0,0
BRDA:180,36,1,0
BRDA:182,37,0,0
BRDA:182,37,1,0
BRDA:182,38,0,0
BRDA:182,38,1,0
BRDA:185,39,0,0
BRDA:185,39,1,0
BRDA:195,40,0,0
BRDA:195,40,1,0
BRDA:204,41,0,0
BRDA:204,41,1,0
BRDA:219,42,0,0
BRDA:219,42,1,0
BRDA:219,43,0,0
BRDA:219,43,1,0
BRDA:226,44,0,0
BRDA:226,44,1,0
BRDA:226,45,0,0
BRDA:226,45,1,0
BRDA:228,46,0,0
BRDA:228,46,1,0
BRDA:235,47,0,0
BRDA:235,47,1,0
BRDA:235,48,0,0
BRDA:235,48,1,0
BRDA:248,49,0,0
BRDA:248,49,1,0
BRDA:248,50,0,0
BRDA:248,50,1,0
BRDA:250,51,0,0
BRDA:250,51,1,0
BRDA:266,52,0,0
BRDA:266,52,1,0
BRDA:266,53,0,0
BRDA:266,53,1,0
BRDA:269,54,0,0
BRDA:269,54,1,0
BRDA:277,55,0,0
BRDA:277,55,1,0
BRDA:281,56,0,0
BRDA:281,56,1,0
BRDA:292,57,0,0
BRDA:292,57,1,0
BRDA:309,58,0,0
BRDA:309,58,1,0
BRDA:313,59,0,0
BRDA:313,59,1,0
BRF:120
BRH:0
end_of_record
TN:
SF:backend\src\citizen-assistance\analytics.service.ts
FN:29,(anonymous_11)
FN:33,(anonymous_12)
FN:51,(anonymous_13)
FN:59,(anonymous_14)
FN:64,(anonymous_15)
FN:69,(anonymous_16)
FN:75,(anonymous_17)
FN:80,(anonymous_18)
FN:88,(anonymous_19)
FNF:9
FNH:0
FNDA:0,(anonymous_11)
FNDA:0,(anonymous_12)
FNDA:0,(anonymous_13)
FNDA:0,(anonymous_14)
FNDA:0,(anonymous_15)
FNDA:0,(anonymous_16)
FNDA:0,(anonymous_17)
FNDA:0,(anonymous_18)
FNDA:0,(anonymous_19)
DA:1,0
DA:2,0
DA:3,0
DA:14,0
DA:15,0
DA:27,0
DA:30,0
DA:34,0
DA:35,0
DA:36,0
DA:37,0
DA:38,0
DA:47,0
DA:52,0
DA:53,0
DA:55,0
DA:60,0
DA:61,0
DA:65,0
DA:66,0
DA:70,0
DA:72,0
DA:76,0
DA:77,0
DA:81,0
DA:82,0
DA:84,0
DA:89,0
LF:28
LH:0
BRDA:35,0,0,0
BRDA:35,0,1,0
BRDA:39,1,0,0
BRDA:39,1,1,0
BRDA:40,2,0,0
BRDA:40,2,1,0
BRDA:41,3,0,0
BRDA:41,3,1,0
BRDA:42,4,0,0
BRDA:42,4,1,0
BRDA:43,5,0,0
BRDA:43,5,1,0
BRDA:71,6,0,0
BRDA:71,6,1,0
BRDA:81,7,0,0
BRDA:81,7,1,0
BRDA:81,8,0,0
BRDA:81,8,1,0
BRDA:81,8,2,0
BRDA:83,9,0,0
BRDA:83,9,1,0
BRF:21
BRH:0
end_of_record
TN:
SF:backend\src\citizen-assistance\citizen-assistance.controller.ts
FN:10,(anonymous_4)
FN:17,(anonymous_5)
FN:22,(anonymous_6)
FN:58,(anonymous_7)
FN:63,(anonymous_8)
FNF:5
FNH:0
FNDA:0,(anonymous_4)
FNDA:0,(anonymous_5)
FNDA:0,(anonymous_6)
FNDA:0,(anonymous_7)
FNDA:0,(anonymous_8)
DA:1,0
DA:2,0
DA:3,0
DA:4,0
DA:7,0
DA:8,0
DA:11,0
DA:12,0
DA:13,0
DA:17,0
DA:18,0
DA:22,0
DA:27,0
DA:28,0
DA:29,0
DA:32,0
DA:33,0
DA:34,0
DA:41,0
DA:42,0
DA:44,0
DA:45,0
DA:46,0
DA:53,0
DA:54,0
DA:58,0
DA:59,0
DA:63,0
DA:66,0
DA:67,0
DA:69,0
DA:70,0
DA:72,0
DA:73,0
DA:75,0
DA:76,0
DA:78,0
DA:79,0
DA:81,0
DA:83,0
DA:84,0
DA:86,0
DA:88,0
DA:89,0
DA:91,0
DA:92,0
DA:94,0
DA:95,0
DA:97,0
DA:98,0
DA:100,0
DA:101,0
DA:103,0
DA:105,0
LF:54
LH:0
BRDA:27,0,0,0
BRDA:27,0,1,0
BRDA:32,1,0,0
BRDA:32,1,1,0
BRDA:32,2,0,0
BRDA:32,2,1,0
BRDA:44,3,0,0
BRDA:44,3,1,0
BRDA:44,4,0,0
BRDA:44,4,1,0
BRDA:67,5,0,0
BRDA:67,5,1,0
BRDA:67,5,2,0
BRDA:67,5,3,0
BRDA:67,5,4,0
BRDA:67,5,5,0
BRDA:67,5,6,0
BRDA:67,5,7,0
BRDA:67,5,8,0
BRDA:67,5,9,0
BRDA:67,5,10,0
BRDA:78,6,0,0
BRDA:78,6,1,0
BRDA:83,7,0,0
BRDA:83,7,1,0
BRDA:94,8,0,0
BRDA:94,8,1,0
BRDA:100,9,0,0
BRDA:100,9,1,0
BRDA:11,10,0,0
BRDA:11,10,1,0
BRDA:11,11,0,0
BRDA:11,11,1,0
BRDA:11,12,0,0
BRDA:11,12,1,0
BRDA:11,13,0,0
BRDA:11,13,1,0
BRDA:12,14,0,0
BRDA:12,14,1,0
BRDA:12,15,0,0
BRDA:12,15,1,0
BRF:41
BRH:0
end_of_record
TN:
SF:backend\src\citizen-assistance\citizen-assistance.module.ts
FNF:0
FNH:0
DA:1,0
DA:2,0
DA:3,0
DA:4,0
DA:5,0
DA:6,0
DA:7,0
DA:8,0
DA:9,0
DA:17,0
LF:10
LH:0
BRF:0
BRH:0
end_of_record
TN:
SF:backend\src\citizen-assistance\helpline.service.ts
FN:11,(anonymous_1)
FN:51,(anonymous_2)
FN:55,(anonymous_3)
FN:56,(anonymous_4)
FNF:4
FNH:0
FNDA:0,(anonymous_1)
FNDA:0,(anonymous_2)
FNDA:0,(anonymous_3)
FNDA:0,(anonymous_4)
DA:1,0
DA:11,0
DA:12,0
DA:52,0
DA:56,0
LF:5
LH:0
BRF:0
BRH:0
end_of_record
TN:
SF:backend\src\citizen-assistance\intelligence.controller.ts
FN:7,(anonymous_4)
FN:13,(anonymous_5)
FN:30,(anonymous_6)
FN:45,(anonymous_7)
FN:48,(anonymous_8)
FN:66,(anonymous_9)
FN:69,(anonymous_10)
FN:77,(anonymous_11)
FN:89,(anonymous_12)
FN:105,(anonymous_13)
FN:118,(anonymous_14)
FN:125,(anonymous_15)
FNF:12
FNH:0
FNDA:0,(anonymous_4)
FNDA:0,(anonymous_5)
FNDA:0,(anonymous_6)
FNDA:0,(anonymous_7)
FNDA:0,(anonymous_8)
FNDA:0,(anonymous_9)
FNDA:0,(anonymous_10)
FNDA:0,(anonymous_11)
FNDA:0,(anonymous_12)
FNDA:0,(anonymous_13)
FNDA:0,(anonymous_14)
FNDA:0,(anonymous_15)
DA:1,0
DA:2,0
DA:3,0
DA:6,0
DA:8,0
DA:9,0
DA:13,0
DA:14,0
DA:15,0
DA:18,0
DA:21,0
DA:24,0
DA:25,0
DA:28,0
DA:29,0
DA:30,0
DA:33,0
DA:35,0
DA:45,0
DA:46,0
DA:47,0
DA:48,0
DA:49,0
DA:50,0
DA:51,0
DA:56,0
DA:57,0
DA:58,0
DA:59,0
DA:62,0
DA:66,0
DA:67,0
DA:68,0
DA:69,0
DA:70,0
DA:71,0
DA:72,0
DA:77,0
DA:78,0
DA:79,0
DA:80,0
DA:81,0
DA:82,0
DA:85,0
DA:89,0
DA:90,0
DA:94,0
DA:95,0
DA:101,0
DA:105,0
DA:108,0
DA:118,0
DA:121,0
DA:125,0
DA:126,0
DA:127,0
LF:56
LH:0
BRDA:25,0,0,0
BRDA:25,0,1,0
BRDA:29,1,0,0
BRDA:29,1,1,0
BRDA:36,2,0,0
BRDA:36,2,1,0
BRDA:37,3,0,0
BRDA:37,3,1,0
BRDA:50,4,0,0
BRDA:50,4,1,0
BRDA:50,5,0,0
BRDA:50,5,1,0
BRDA:50,5,2,0
BRDA:56,6,0,0
BRDA:56,6,1,0
BRDA:56,7,0,0
BRDA:56,7,1,0
BRDA:56,7,2,0
BRDA:71,8,0,0
BRDA:71,8,1,0
BRDA:77,9,0,0
BRDA:77,9,1,0
BRDA:94,10,0,0
BRDA:94,10,1,0
BRDA:110,11,0,0
BRDA:110,11,1,0
BRDA:111,12,0,0
BRDA:111,12,1,0
BRDA:8,13,0,0
BRDA:8,13,1,0
BRDA:8,14,0,0
BRDA:8,14,1,0
BRDA:8,15,0,0
BRDA:8,15,1,0
BRDA:8,16,0,0
BRDA:8,16,1,0
BRF:36
BRH:0
end_of_record
TN:
SF:backend\src\citizen-assistance\intelligence.service.ts
FN:8,(anonymous_2)
FN:10,(anonymous_3)
FN:27,(anonymous_4)
FN:42,(anonymous_5)
FN:72,(anonymous_6)
FN:104,(anonymous_7)
FN:125,(anonymous_8)
FN:140,(anonymous_9)
FN:155,(anonymous_10)
FN:177,(anonymous_11)
FN:191,(anonymous_12)
FN:210,(anonymous_13)
FN:238,(anonymous_14)
FNF:13
FNH:0
FNDA:0,(anonymous_2)
FNDA:0,(anonymous_3)
FNDA:0,(anonymous_4)
FNDA:0,(anonymous_5)
FNDA:0,(anonymous_6)
FNDA:0,(anonymous_7)
FNDA:0,(anonymous_8)
FNDA:0,(anonymous_9)
FNDA:0,(anonymous_10)
FNDA:0,(anonymous_11)
FNDA:0,(anonymous_12)
FNDA:0,(anonymous_13)
FNDA:0,(anonymous_14)
DA:1,0
DA:2,0
DA:5,0
DA:6,0
DA:8,0
DA:11,0
DA:12,0
DA:23,0
DA:28,0
DA:29,0
DA:38,0
DA:43,0
DA:44,0
DA:45,0
DA:46,0
DA:48,0
DA:49,0
DA:51,0
DA:52,0
DA:54,0
DA:55,0
DA:57,0
DA:58,0
DA:60,0
DA:61,0
DA:63,0
DA:64,0
DA:66,0
DA:67,0
DA:69,0
DA:73,0
DA:74,0
DA:75,0
DA:76,0
DA:77,0
DA:88,0
DA:100,0
DA:105,0
DA:106,0
DA:107,0
DA:110,0
DA:111,0
DA:116,0
DA:121,0
DA:126,0
DA:127,0
DA:136,0
DA:141,0
DA:142,0
DA:151,0
DA:156,0
DA:157,0
DA:173,0
DA:178,0
DA:179,0
DA:187,0
DA:192,0
DA:193,0
DA:194,0
DA:199,0
DA:205,0
DA:211,0
DA:212,0
DA:214,0
DA:217,0
DA:218,0
DA:222,0
DA:225,0
DA:226,0
DA:230,0
DA:232,0
DA:234,0
DA:239,0
DA:240,0
DA:242,0
DA:246,0
DA:254,0
DA:259,0
DA:267,0
DA:271,0
DA:278,0
DA:280,0
LF:82
LH:0
BRDA:43,0,0,0
BRDA:43,0,1,0
BRDA:45,1,0,0
BRDA:45,1,1,0
BRDA:45,2,0,0
BRDA:45,2,1,0
BRDA:45,2,2,0
BRDA:45,2,3,0
BRDA:45,2,4,0
BRDA:45,2,5,0
BRDA:45,2,6,0
BRDA:45,2,7,0
BRDA:48,3,0,0
BRDA:48,3,1,0
BRDA:48,4,0,0
BRDA:48,4,1,0
BRDA:48,4,2,0
BRDA:48,4,3,0
BRDA:48,4,4,0
BRDA:48,4,5,0
BRDA:48,4,6,0
BRDA:48,4,7,0
BRDA:48,4,8,0
BRDA:48,4,9,0
BRDA:48,4,10,0
BRDA:51,5,0,0
BRDA:51,5,1,0
BRDA:51,6,0,0
BRDA:51,6,1,0
BRDA:51,6,2,0
BRDA:51,6,3,0
BRDA:51,6,4,0
BRDA:51,6,5,0
BRDA:51,6,6,0
BRDA:51,6,7,0
BRDA:51,6,8,0
BRDA:54,7,0,0
BRDA:54,7,1,0
BRDA:54,8,0,0
BRDA:54,8,1,0
BRDA:54,8,2,0
BRDA:54,8,3,0
BRDA:54,8,4,0
BRDA:54,8,5,0
BRDA:54,8,6,0
BRDA:54,8,7,0
BRDA:54,8,8,0
BRDA:57,9,0,0
BRDA:57,9,1,0
BRDA:57,10,0,0
BRDA:57,10,1,0
BRDA:57,10,2,0
BRDA:57,10,3,0
BRDA:57,10,4,0
BRDA:57,10,5,0
BRDA:57,10,6,0
BRDA:60,11,0,0
BRDA:60,11,1,0
BRDA:60,12,0,0
BRDA:60,12,1,0
BRDA:60,12,2,0
BRDA:60,12,3,0
BRDA:60,12,4,0
BRDA:60,12,5,0
BRDA:60,12,6,0
BRDA:63,13,0,0
BRDA:63,13,1,0
BRDA:63,14,0,0
BRDA:63,14,1,0
BRDA:63,14,2,0
BRDA:63,14,3,0
BRDA:63,14,4,0
BRDA:63,14,5,0
BRDA:63,14,6,0
BRDA:66,15,0,0
BRDA:66,15,1,0
BRDA:66,16,0,0
BRDA:66,16,1,0
BRDA:66,16,2,0
BRDA:66,16,3,0
BRDA:66,16,4,0
BRDA:66,16,5,0
BRDA:66,16,6,0
BRDA:66,16,7,0
BRDA:75,17,0,0
BRDA:75,17,1,0
BRDA:76,18,0,0
BRDA:76,18,1,0
BRDA:76,18,2,0
BRDA:83,19,0,0
BRDA:83,19,1,0
BRDA:94,20,0,0
BRDA:94,20,1,0
BRDA:110,21,0,0
BRDA:110,21,1,0
BRDA:161,22,0,0
BRDA:161,22,1,0
BRDA:162,23,0,0
BRDA:162,23,1,0
BRDA:168,24,0,0
BRDA:168,24,1,0
BRDA:169,25,0,0
BRDA:169,25,1,0
BRDA:193,26,0,0
BRDA:193,26,1,0
BRDA:217,27,0,0
BRDA:217,27,1,0
BRDA:225,28,0,0
BRDA:225,28,1,0
BRDA:8,29,0,0
BRDA:8,29,1,0
BRDA:8,30,0,0
BRDA:8,30,1,0
BRF:113
BRH:0
end_of_record
TN:
SF:backend\src\citizen-assistance\police-station.service.ts
FN:19,(anonymous_2)
FN:24,(anonymous_3)
FN:28,(anonymous_4)
FN:83,(anonymous_5)
FN:130,(anonymous_6)
FNF:5
FNH:0
FNDA:0,(anonymous_2)
FNDA:0,(anonymous_3)
FNDA:0,(anonymous_4)
FNDA:0,(anonymous_5)
FNDA:0,(anonymous_6)
DA:1,0
DA:2,0
DA:3,0
DA:4,0
DA:16,0
DA:17,0
DA:20,0
DA:21,0
DA:25,0
DA:36,0
DA:39,0
DA:46,0
DA:47,0
DA:51,0
DA:52,0
DA:53,0
DA:57,0
DA:73,0
DA:74,0
DA:89,0
DA:97,0
DA:98,0
DA:102,0
DA:103,0
DA:104,0
DA:106,0
DA:122,0
DA:131,0
DA:132,0
DA:133,0
DA:135,0
DA:138,0
DA:139,0
LF:33
LH:0
BRDA:46,0,0,0
BRDA:46,0,1,0
BRDA:51,1,0,0
BRDA:51,1,1,0
BRDA:53,2,0,0
BRDA:53,2,1,0
BRDA:53,3,0,0
BRDA:53,3,1,0
BRDA:62,4,0,0
BRDA:62,4,1,0
BRDA:62,5,0,0
BRDA:62,5,1,0
BRDA:63,6,0,0
BRDA:63,6,1,0
BRDA:64,7,0,0
BRDA:64,7,1,0
BRDA:65,8,0,0
BRDA:65,8,1,0
BRDA:97,9,0,0
BRDA:97,9,1,0
BRDA:102,10,0,0
BRDA:102,10,1,0
BRDA:102,11,0,0
BRDA:102,11,1,0
BRDA:102,11,2,0
BRDA:111,12,0,0
BRDA:111,12,1,0
BRDA:111,13,0,0
BRDA:111,13,1,0
BRDA:112,14,0,0
BRDA:112,14,1,0
BRDA:20,15,0,0
BRDA:20,15,1,0
BRDA:20,16,0,0
BRDA:20,16,1,0
BRDA:20,17,0,0
BRDA:20,17,1,0
BRDA:20,18,0,0
BRDA:20,18,1,0
BRF:39
BRH:0
end_of_record
TN:
SF:backend\src\common\logging.interceptor.ts
FN:12,(anonymous_1)
FN:21,(anonymous_2)
FN:25,(anonymous_3)
FNF:3
FNH:0
FNDA:0,(anonymous_1)
FNDA:0,(anonymous_2)
FNDA:0,(anonymous_3)
DA:1,0
DA:8,0
DA:11,0
DA:13,0
DA:14,0
DA:15,0
DA:16,0
DA:18,0
DA:20,0
DA:22,0
DA:23,0
DA:26,0
DA:27,0
DA:28,0
LF:14
LH:0
BRDA:18,0,0,0
BRDA:18,0,1,0
BRF:2
BRH:0
end_of_record
TN:
SF:backend\src\complaint\complaint.controller.ts
FN:6,(anonymous_4)
FN:9,(anonymous_5)
FN:14,(anonymous_6)
FN:23,(anonymous_7)
FN:32,(anonymous_8)
FN:37,(anonymous_9)
FNF:6
FNH:0
FNDA:0,(anonymous_4)
FNDA:0,(anonymous_5)
FNDA:0,(anonymous_6)
FNDA:0,(anonymous_7)
FNDA:0,(anonymous_8)
FNDA:0,(anonymous_9)
DA:1,0
DA:2,0
DA:5,0
DA:6,0
DA:9,0
DA:10,0
DA:14,0
DA:15,0
DA:16,0
DA:17,0
DA:19,0
DA:23,0
DA:24,0
DA:25,0
DA:26,0
DA:28,0
DA:32,0
DA:33,0
DA:37,0
DA:38,0
DA:39,0
DA:40,0
DA:42,0
LF:23
LH:0
BRDA:16,0,0,0
BRDA:16,0,1,0
BRDA:25,1,0,0
BRDA:25,1,1,0
BRDA:39,2,0,0
BRDA:39,2,1,0
BRDA:6,3,0,0
BRDA:6,3,1,0
BRDA:6,4,0,0
BRDA:6,4,1,0
BRF:10
BRH:0
end_of_record
TN:
SF:backend\src\complaint\complaint.service.ts
FN:20,(anonymous_2)
FN:22,(anonymous_3)
FN:28,(anonymous_4)
FN:45,(anonymous_5)
FN:74,(anonymous_6)
FN:82,(anonymous_7)
FN:92,(anonymous_8)
FN:100,(anonymous_9)
FN:104,(anonymous_10)
FN:112,(anonymous_11)
FN:116,(anonymous_12)
FN:124,(anonymous_13)
FNF:12
FNH:0
FNDA:0,(anonymous_2)
FNDA:0,(anonymous_3)
FNDA:0,(anonymous_4)
FNDA:0,(anonymous_5)
FNDA:0,(anonymous_6)
FNDA:0,(anonymous_7)
FNDA:0,(anonymous_8)
FNDA:0,(anonymous_9)
FNDA:0,(anonymous_10)
FNDA:0,(anonymous_11)
FNDA:0,(anonymous_12)
FNDA:0,(anonymous_13)
DA:1,0
DA:2,0
DA:16,0
DA:17,0
DA:18,0
DA:20,0
DA:23,0
DA:24,0
DA:25,0
DA:29,0
DA:30,0
DA:31,0
DA:32,0
DA:39,0
DA:41,0
DA:46,0
DA:47,0
DA:48,0
DA:49,0
DA:58,0
DA:59,0
DA:69,0
DA:70,0
DA:75,0
DA:76,0
DA:81,0
DA:82,0
DA:83,0
DA:84,0
DA:85,0
DA:86,0
DA:88,0
DA:93,0
DA:94,0
DA:99,0
DA:100,0
DA:105,0
DA:106,0
DA:111,0
DA:112,0
DA:117,0
DA:118,0
DA:123,0
DA:124,0
DA:125,0
DA:126,0
DA:127,0
DA:128,0
DA:130,0
LF:49
LH:0
BRDA:31,0,0,0
BRDA:31,0,1,0
BRDA:46,1,0,0
BRDA:46,1,1,0
BRDA:47,2,0,0
BRDA:47,2,1,0
BRDA:83,3,0,0
BRDA:83,3,1,0
BRDA:100,4,0,0
BRDA:100,4,1,0
BRDA:125,5,0,0
BRDA:125,5,1,0
BRDA:20,6,0,0
BRDA:20,6,1,0
BRDA:20,7,0,0
BRDA:20,7,1,0
BRF:16
BRH:0
end_of_record
TN:
SF:backend\src\event\event.controller.ts
FN:6,(anonymous_4)
FN:9,(anonymous_5)
FN:28,(anonymous_6)
FN:37,(anonymous_7)
FN:42,(anonymous_8)
FNF:5
FNH:0
FNDA:0,(anonymous_4)
FNDA:0,(anonymous_5)
FNDA:0,(anonymous_6)
FNDA:0,(anonymous_7)
FNDA:0,(anonymous_8)
DA:1,0
DA:2,0
DA:5,0
DA:6,0
DA:9,0
DA:18,0
DA:28,0
DA:29,0
DA:30,0
DA:31,0
DA:33,0
DA:37,0
DA:38,0
DA:42,0
DA:43,0
DA:44,0
DA:45,0
DA:47,0
LF:18
LH:0
BRDA:30,0,0,0
BRDA:30,0,1,0
BRDA:44,1,0,0
BRDA:44,1,1,0
BRDA:6,2,0,0
BRDA:6,2,1,0
BRDA:6,3,0,0
BRDA:6,3,1,0
BRF:8
BRH:0
end_of_record
TN:
SF:backend\src\event\event.service.ts
FN:27,(anonymous_2)
FN:29,(anonymous_3)
FN:35,(anonymous_4)
FN:52,(anonymous_5)
FN:107,(anonymous_6)
FN:115,(anonymous_7)
FN:119,(anonymous_8)
FN:127,(anonymous_9)
FN:131,(anonymous_10)
FN:139,(anonymous_11)
FNF:10
FNH:0
FNDA:0,(anonymous_2)
FNDA:0,(anonymous_3)
FNDA:0,(anonymous_4)
FNDA:0,(anonymous_5)
FNDA:0,(anonymous_6)
FNDA:0,(anonymous_7)
FNDA:0,(anonymous_8)
FNDA:0,(anonymous_9)
FNDA:0,(anonymous_10)
FNDA:0,(anonymous_11)
DA:1,0
DA:2,0
DA:23,0
DA:24,0
DA:25,0
DA:27,0
DA:30,0
DA:31,0
DA:32,0
DA:36,0
DA:37,0
DA:38,0
DA:39,0
DA:46,0
DA:48,0
DA:65,0
DA:66,0
DA:67,0
DA:68,0
DA:84,0
DA:85,0
DA:102,0
DA:103,0
DA:108,0
DA:109,0
DA:114,0
DA:115,0
DA:120,0
DA:121,0
DA:126,0
DA:127,0
DA:132,0
DA:133,0
DA:138,0
DA:139,0
DA:140,0
DA:141,0
DA:142,0
DA:143,0
DA:145,0
LF:40
LH:0
BRDA:38,0,0,0
BRDA:38,0,1,0
BRDA:63,1,0,0
BRDA:65,2,0,0
BRDA:65,2,1,0
BRDA:66,3,0,0
BRDA:66,3,1,0
BRDA:77,4,0,0
BRDA:77,4,1,0
BRDA:78,5,0,0
BRDA:78,5,1,0
BRDA:79,6,0,0
BRDA:79,6,1,0
BRDA:97,7,0,0
BRDA:97,7,1,0
BRDA:98,8,0,0
BRDA:98,8,1,0
BRDA:99,9,0,0
BRDA:99,9,1,0
BRDA:115,10,0,0
BRDA:115,10,1,0
BRDA:140,11,0,0
BRDA:140,11,1,0
BRDA:27,12,0,0
BRDA:27,12,1,0
BRDA:27,13,0,0
BRDA:27,13,1,0
BRF:27
BRH:0
end_of_record
TN:
SF:backend\src\jurisdiction-routing\jurisdiction-analytics.service.ts
FN:6,(anonymous_2)
FN:8,(anonymous_3)
FN:23,(anonymous_4)
FN:38,(anonymous_5)
FN:47,(anonymous_6)
FN:62,(anonymous_7)
FNF:6
FNH:6
FNDA:1,(anonymous_2)
FNDA:2,(anonymous_3)
FNDA:2,(anonymous_4)
FNDA:2,(anonymous_5)
FNDA:1,(anonymous_6)
FNDA:1,(anonymous_7)
DA:1,1
DA:2,1
DA:5,1
DA:6,1
DA:9,2
DA:16,2
DA:17,2
DA:18,3
DA:20,2
DA:24,2
DA:31,2
DA:32,2
DA:33,2
DA:35,2
DA:39,2
DA:44,2
DA:48,1
DA:54,1
DA:55,1
DA:56,4
DA:57,4
DA:59,1
DA:63,1
DA:70,1
DA:71,1
DA:72,1
DA:74,1
LF:27
LH:27
BRDA:56,0,0,4
BRDA:56,0,1,4
BRDA:57,1,0,4
BRDA:57,1,1,1
BRDA:6,2,0,1
BRDA:6,2,1,0
BRDA:6,3,0,1
BRDA:6,3,1,1
BRF:8
BRH:7
end_of_record
TN:
SF:backend\src\jurisdiction-routing\jurisdiction-lifecycle.service.ts
FN:8,(anonymous_2)
FN:13,(anonymous_3)
FN:55,(anonymous_4)
FN:101,(anonymous_5)
FNF:4
FNH:3
FNDA:2,(anonymous_2)
FNDA:2,(anonymous_3)
FNDA:1,(anonymous_4)
FNDA:0,(anonymous_5)
DA:1,2
DA:2,2
DA:3,2
DA:4,2
DA:7,2
DA:9,2
DA:10,2
DA:19,2
DA:20,2
DA:21,1
DA:24,1
DA:25,0
DA:28,1
DA:33,1
DA:44,1
DA:51,1
DA:52,1
DA:62,1
DA:63,1
DA:64,0
DA:68,1
DA:69,0
DA:72,1
DA:78,1
DA:89,1
DA:97,1
DA:98,1
DA:107,0
DA:108,0
DA:109,0
DA:112,0
DA:113,0
DA:116,0
DA:120,0
DA:131,0
DA:139,0
DA:140,0
LF:37
LH:24
BRDA:16,0,0,1
BRDA:20,1,0,1
BRDA:20,1,1,1
BRDA:24,2,0,0
BRDA:24,2,1,1
BRDA:30,3,0,1
BRDA:30,3,1,0
BRDA:37,4,0,1
BRDA:37,4,1,0
BRDA:38,5,0,1
BRDA:38,5,1,0
BRDA:58,6,0,0
BRDA:59,7,0,0
BRDA:63,8,0,0
BRDA:63,8,1,1
BRDA:68,9,0,0
BRDA:68,9,1,1
BRDA:82,10,0,1
BRDA:82,10,1,0
BRDA:103,11,0,0
BRDA:104,12,0,0
BRDA:108,13,0,0
BRDA:108,13,1,0
BRDA:112,14,0,0
BRDA:112,14,1,0
BRDA:124,15,0,0
BRDA:124,15,1,0
BRDA:125,16,0,0
BRDA:125,16,1,0
BRDA:9,17,0,2
BRDA:9,17,1,0
BRDA:9,18,0,2
BRDA:9,18,1,2
BRDA:9,19,0,2
BRDA:9,19,1,0
BRDA:9,20,0,2
BRDA:9,20,1,2
BRF:37
BRH:16
end_of_record
TN:
SF:backend\src\jurisdiction-routing\jurisdiction-routing.constants.ts
FNF:0
FNH:0
DA:1,3
LF:1
LH:1
BRF:0
BRH:0
end_of_record
TN:
SF:backend\src\jurisdiction-routing\jurisdiction-routing.controller.ts
FN:10,(anonymous_4)
FN:18,(anonymous_5)
FN:35,(anonymous_6)
FN:44,(anonymous_7)
FN:49,(anonymous_8)
FNF:5
FNH:4
FNDA:1,(anonymous_4)
FNDA:1,(anonymous_5)
FNDA:1,(anonymous_6)
FNDA:1,(anonymous_7)
FNDA:0,(anonymous_8)
DA:1,1
DA:2,1
DA:3,1
DA:4,1
DA:5,1
DA:6,1
DA:9,1
DA:11,1
DA:12,1
DA:13,1
DA:14,1
DA:18,1
DA:19,1
DA:20,1
DA:21,1
DA:22,1
DA:23,1
DA:25,1
DA:35,1
DA:36,1
DA:37,1
DA:38,0
DA:40,1
DA:44,1
DA:45,1
DA:49,1
DA:61,0
DA:62,0
DA:63,0
DA:66,0
DA:67,0
DA:73,0
DA:74,0
DA:75,0
DA:77,0
DA:84,0
DA:85,0
DA:88,0
LF:38
LH:25
BRDA:37,0,0,0
BRDA:37,0,1,1
BRDA:62,1,0,0
BRDA:62,1,1,0
BRDA:66,2,0,0
BRDA:66,2,1,0
BRDA:69,3,0,0
BRDA:69,3,1,0
BRDA:73,4,0,0
BRDA:73,4,1,0
BRDA:74,5,0,0
BRDA:74,5,1,0
BRDA:84,6,0,0
BRDA:84,6,1,0
BRDA:44,7,0,0
BRDA:44,7,1,1
BRDA:44,8,0,1
BRDA:44,8,1,0
BRDA:11,9,0,1
BRDA:11,9,1,0
BRDA:11,10,0,1
BRDA:11,10,1,1
BRDA:11,11,0,1
BRDA:11,11,1,0
BRDA:11,12,0,1
BRDA:11,12,1,1
BRDA:12,13,0,1
BRDA:12,13,1,0
BRDA:12,14,0,1
BRDA:12,14,1,1
BRDA:13,15,0,1
BRDA:13,15,1,0
BRDA:13,16,0,1
BRDA:13,16,1,1
BRF:34
BRH:15
end_of_record
TN:
SF:backend\src\jurisdiction-routing\jurisdiction-routing.module.ts
FNF:0
FNH:0
DA:1,0
DA:2,0
DA:3,0
DA:4,0
DA:5,0
DA:6,0
DA:7,0
DA:8,0
DA:9,0
DA:10,0
DA:11,0
DA:12,0
DA:39,0
LF:13
LH:0
BRF:0
BRH:0
end_of_record
TN:
SF:backend\src\jurisdiction-routing\jurisdiction-routing.types.ts
FN:1,(anonymous_0)
FN:8,(anonymous_1)
FN:15,(anonymous_2)
FN:22,(anonymous_3)
FN:30,(anonymous_4)
FN:39,(anonymous_5)
FN:48,(anonymous_6)
FNF:7
FNH:7
FNDA:5,(anonymous_0)
FNDA:5,(anonymous_1)
FNDA:5,(anonymous_2)
FNDA:5,(anonymous_3)
FNDA:5,(anonymous_4)
FNDA:5,(anonymous_5)
FNDA:5,(anonymous_6)
DA:1,5
DA:2,5
DA:3,5
DA:4,5
DA:5,5
DA:8,5
DA:9,5
DA:10,5
DA:11,5
DA:12,5
DA:15,5
DA:16,5
DA:17,5
DA:18,5
DA:19,5
DA:22,5
DA:23,5
DA:24,5
DA:25,5
DA:26,5
DA:27,5
DA:30,5
DA:31,5
DA:32,5
DA:33,5
DA:34,5
DA:35,5
DA:36,5
DA:39,5
DA:40,5
DA:41,5
DA:42,5
DA:43,5
DA:44,5
DA:45,5
DA:48,5
DA:49,5
DA:50,5
DA:51,5
DA:52,5
DA:53,5
DA:54,5
LF:42
LH:42
BRDA:1,0,0,5
BRDA:1,0,1,5
BRDA:8,1,0,5
BRDA:8,1,1,5
BRDA:15,2,0,5
BRDA:15,2,1,5
BRDA:22,3,0,5
BRDA:22,3,1,5
BRDA:30,4,0,5
BRDA:30,4,1,5
BRDA:39,5,0,5
BRDA:39,5,1,5
BRDA:48,6,0,5
BRDA:48,6,1,5
BRF:14
BRH:14
end_of_record
TN:
SF:backend\src\jurisdiction-routing\jurisdiction.repository.ts
FN:14,(anonymous_2)
FN:16,(anonymous_3)
FN:50,(anonymous_4)
FN:74,(anonymous_5)
FN:85,(anonymous_6)
FN:117,(anonymous_7)
FN:135,(anonymous_8)
FNF:7
FNH:6
FNDA:3,(anonymous_2)
FNDA:5,(anonymous_3)
FNDA:3,(anonymous_4)
FNDA:5,(anonymous_5)
FNDA:6,(anonymous_6)
FNDA:6,(anonymous_7)
FNDA:0,(anonymous_8)
DA:1,3
DA:2,3
DA:13,3
DA:14,3
DA:31,5
DA:61,3
DA:75,5
DA:99,6
DA:124,6
DA:136,0
DA:137,0
DA:138,0
DA:139,0
LF:13
LH:9
BRDA:35,0,0,5
BRDA:35,0,1,2
BRDA:37,1,0,5
BRDA:37,1,1,5
BRDA:102,2,0,6
BRDA:102,2,1,3
BRDA:104,3,0,6
BRDA:104,3,1,4
BRDA:105,4,0,6
BRDA:105,4,1,1
BRDA:106,5,0,6
BRDA:106,5,1,6
BRDA:107,6,0,6
BRDA:107,6,1,6
BRDA:108,7,0,6
BRDA:108,7,1,3
BRDA:109,8,0,6
BRDA:109,8,1,3
BRDA:110,9,0,6
BRDA:110,9,1,0
BRDA:111,10,0,6
BRDA:111,10,1,3
BRDA:112,11,0,6
BRDA:112,11,1,6
BRDA:128,12,0,6
BRDA:128,12,1,3
BRDA:129,13,0,6
BRDA:129,13,1,6
BRDA:130,14,0,6
BRDA:130,14,1,1
BRDA:14,15,0,3
BRDA:14,15,1,0
BRDA:14,16,0,3
BRDA:14,16,1,3
BRF:34
BRH:32
end_of_record
TN:
SF:backend\src\jurisdiction-routing\jurisdiction.service.ts
FN:20,(anonymous_2)
FN:29,(anonymous_3)
FN:41,(anonymous_4)
FNF:3
FNH:3
FNDA:2,(anonymous_2)
FNDA:11,(anonymous_3)
FNDA:3,(anonymous_4)
DA:1,2
DA:2,2
DA:3,2
DA:4,2
DA:5,2
DA:6,2
DA:7,2
DA:8,2
DA:17,2
DA:18,2
DA:21,2
DA:22,2
DA:23,2
DA:24,2
DA:25,2
DA:26,2
DA:30,11
DA:31,11
DA:32,11
DA:34,11
DA:37,11
DA:38,11
DA:42,3
DA:45,3
DA:48,3
DA:51,3
DA:52,3
DA:53,3
DA:54,3
DA:55,3
DA:56,3
DA:57,3
DA:59,3
DA:61,1
DA:62,1
DA:63,1
DA:64,1
DA:65,1
DA:66,11
DA:67,11
DA:68,11
DA:69,1
DA:70,1
DA:74,1
DA:75,1
DA:76,1
DA:77,1
DA:78,1
DA:79,1
DA:80,1
DA:84,2
DA:85,2
DA:86,2
DA:87,2
DA:88,2
DA:89,2
DA:92,2
DA:101,2
DA:103,2
DA:109,2
DA:110,0
DA:111,0
DA:114,2
DA:117,2
DA:118,2
DA:119,2
DA:120,2
DA:124,3
DA:127,3
DA:146,3
DA:156,3
DA:167,3
DA:169,3
LF:73
LH:71
BRDA:48,0,0,3
BRDA:48,0,1,0
BRDA:59,1,0,1
BRDA:59,1,1,2
BRDA:59,2,0,3
BRDA:59,2,1,1
BRDA:62,3,0,1
BRDA:62,3,1,0
BRDA:66,4,0,11
BRDA:66,4,1,0
BRDA:66,5,0,11
BRDA:66,5,1,11
BRDA:68,6,0,1
BRDA:68,6,1,10
BRDA:76,7,0,1
BRDA:76,7,1,0
BRDA:77,8,0,1
BRDA:77,8,1,0
BRDA:95,9,0,2
BRDA:95,9,1,2
BRDA:96,10,0,2
BRDA:96,10,1,2
BRDA:101,11,0,2
BRDA:101,11,1,0
BRDA:101,12,0,2
BRDA:101,12,1,2
BRDA:109,13,0,0
BRDA:109,13,1,2
BRDA:111,14,0,0
BRDA:111,14,1,0
BRDA:129,15,0,3
BRDA:129,15,1,0
BRDA:135,16,0,3
BRDA:135,16,1,2
BRDA:21,17,0,2
BRDA:21,17,1,0
BRDA:21,18,0,2
BRDA:21,18,1,2
BRDA:21,19,0,2
BRDA:21,19,1,0
BRDA:21,20,0,2
BRDA:21,20,1,2
BRDA:22,21,0,2
BRDA:22,21,1,0
BRDA:22,22,0,2
BRDA:22,22,1,2
BRDA:23,23,0,2
BRDA:23,23,1,0
BRDA:23,24,0,2
BRDA:23,24,1,2
BRDA:24,25,0,2
BRDA:24,25,1,0
BRDA:24,26,0,2
BRDA:24,26,1,2
BRDA:25,27,0,2
BRDA:25,27,1,0
BRDA:25,28,0,2
BRDA:25,28,1,2
BRF:58
BRH:42
end_of_record
TN:
SF:backend\src\jurisdiction-routing\location-resolver.service.ts
FN:7,(anonymous_1)
FN:11,(anonymous_2)
FN:32,(anonymous_3)
FN:40,(anonymous_4)
FN:50,(anonymous_5)
FN:67,(anonymous_6)
FN:79,(anonymous_7)
FN:94,(anonymous_8)
FN:113,(anonymous_9)
FN:131,(anonymous_10)
FNF:10
FNH:10
FNDA:3,(anonymous_1)
FNDA:1125,(anonymous_2)
FNDA:1125,(anonymous_3)
FNDA:10,(anonymous_4)
FNDA:7,(anonymous_5)
FNDA:8,(anonymous_6)
FNDA:308,(anonymous_7)
FNDA:679,(anonymous_8)
FNDA:333,(anonymous_9)
FNDA:333,(anonymous_10)
DA:1,3
DA:2,3
DA:3,3
DA:4,3
DA:7,3
DA:8,3
DA:12,1125
DA:14,1125
DA:15,6300
DA:17,1125
DA:18,9950
DA:20,1125
DA:21,5175
DA:22,40595
DA:29,1125
DA:33,1125
DA:34,1125
DA:35,1125
DA:36,1125
DA:41,10
DA:43,9
DA:57,7
DA:58,7
DA:59,1
DA:67,8
DA:70,6
DA:71,6
DA:72,6
DA:75,6
DA:76,8
DA:77,8
DA:78,3
DA:79,308
DA:81,3
DA:82,1
DA:83,1
DA:84,1
DA:85,1
DA:91,6
DA:92,5
DA:93,7
DA:95,679
DA:101,7
DA:102,2
DA:103,2
DA:104,2
DA:105,2
DA:111,6
DA:112,3
DA:114,333
DA:119,3
DA:120,0
DA:121,0
DA:122,0
DA:127,6
DA:128,3
DA:129,3
DA:131,333
DA:132,225
DA:133,375
DA:134,375
DA:135,375
DA:136,375
DA:138,375
DA:139,14
DA:140,14
DA:145,3
DA:146,1
DA:147,1
DA:148,1
DA:153,6
DA:154,6
DA:155,6
DA:158,6
DA:159,6
DA:162,6
DA:163,8
DA:165,8
DA:166,8
DA:167,3
DA:168,3
DA:169,5
DA:177,3
DA:178,3
DA:183,6
DA:184,1
DA:185,1
DA:186,5
DA:187,0
DA:188,0
DA:189,5
DA:190,0
DA:191,0
DA:192,5
DA:193,0
DA:194,0
DA:195,5
DA:196,0
DA:197,0
DA:198,5
DA:199,0
DA:200,0
DA:201,5
DA:202,0
DA:203,0
DA:204,5
DA:205,0
DA:206,0
DA:207,5
DA:208,0
DA:209,0
DA:210,5
DA:211,0
DA:212,0
DA:213,5
DA:214,0
DA:215,0
DA:218,6
LF:118
LH:95
BRDA:25,0,0,1236
BRDA:25,0,1,39359
BRDA:35,1,0,0
BRDA:35,1,1,1125
BRDA:41,2,0,1
BRDA:41,2,1,9
BRDA:58,3,0,1
BRDA:58,3,1,6
BRDA:77,4,0,3
BRDA:77,4,1,5
BRDA:79,5,0,308
BRDA:79,5,1,200
BRDA:81,6,0,1
BRDA:81,6,1,2
BRDA:91,7,0,5
BRDA:91,7,1,1
BRDA:95,8,0,679
BRDA:95,8,1,427
BRDA:95,8,2,425
BRDA:95,8,3,425
BRDA:95,8,4,425
BRDA:101,9,0,2
BRDA:101,9,1,5
BRDA:111,10,0,3
BRDA:111,10,1,3
BRDA:114,11,0,333
BRDA:114,11,1,225
BRDA:114,11,2,225
BRDA:114,11,3,225
BRDA:119,12,0,0
BRDA:119,12,1,3
BRDA:127,13,0,3
BRDA:127,13,1,3
BRDA:138,14,0,14
BRDA:138,14,1,361
BRDA:145,15,0,1
BRDA:145,15,1,2
BRDA:153,16,0,4
BRDA:153,16,1,2
BRDA:154,17,0,4
BRDA:154,17,1,2
BRDA:155,18,0,4
BRDA:155,18,1,2
BRDA:166,19,0,3
BRDA:166,19,1,5
BRDA:169,20,0,3
BRDA:169,20,1,2
BRDA:170,21,0,5
BRDA:170,21,1,3
BRDA:170,21,2,3
BRDA:170,21,3,3
BRDA:170,21,4,3
BRDA:183,22,0,1
BRDA:183,22,1,5
BRDA:183,23,0,6
BRDA:183,23,1,5
BRDA:186,24,0,0
BRDA:186,24,1,5
BRDA:186,25,0,5
BRDA:186,25,1,5
BRDA:189,26,0,0
BRDA:189,26,1,5
BRDA:189,27,0,5
BRDA:189,27,1,5
BRDA:192,28,0,0
BRDA:192,28,1,5
BRDA:195,29,0,0
BRDA:195,29,1,5
BRDA:198,30,0,0
BRDA:198,30,1,5
BRDA:201,31,0,0
BRDA:201,31,1,5
BRDA:204,32,0,0
BRDA:204,32,1,5
BRDA:204,33,0,5
BRDA:204,33,1,5
BRDA:207,34,0,0
BRDA:207,34,1,5
BRDA:210,35,0,0
BRDA:210,35,1,5
BRDA:213,36,0,0
BRDA:213,36,1,5
BRF:82
BRH:70
end_of_record
TN:
SF:backend\src\jurisdiction-routing\routing-policy.service.ts
FN:7,(anonymous_10)
FN:10,(anonymous_11)
FN:14,(anonymous_12)
FN:29,(anonymous_13)
FN:53,(anonymous_14)
FNF:5
FNH:5
FNDA:3,(anonymous_10)
FNDA:1,(anonymous_11)
FNDA:1,(anonymous_12)
FNDA:1,(anonymous_13)
FNDA:7,(anonymous_14)
DA:1,3
DA:2,3
DA:3,3
DA:4,3
DA:7,3
DA:8,3
DA:11,1
DA:15,1
DA:21,1
DA:22,1
DA:23,1
DA:26,0
DA:30,1
DA:31,1
DA:32,1
DA:33,1
DA:34,1
DA:35,1
DA:40,0
DA:54,7
DA:55,7
DA:57,7
DA:58,6
DA:59,5
DA:60,5
LF:25
LH:23
BRDA:22,0,0,1
BRDA:22,0,1,0
BRDA:22,1,0,1
BRDA:22,1,1,1
BRDA:31,2,0,1
BRDA:31,2,1,0
BRDA:33,3,0,1
BRDA:33,3,1,0
BRDA:55,4,0,7
BRDA:55,4,1,4
BRDA:57,5,0,1
BRDA:57,5,1,6
BRDA:58,6,0,1
BRDA:58,6,1,5
BRDA:59,7,0,0
BRDA:59,7,1,5
BRF:16
BRH:12
end_of_record
TN:
SF:backend\src\jurisdiction-routing\routing-target-registry.service.ts
FN:11,(anonymous_11)
FN:13,(anonymous_12)
FN:17,(anonymous_13)
FN:32,(anonymous_14)
FN:114,(anonymous_15)
FN:118,(anonymous_16)
FNF:6
FNH:5
FNDA:3,(anonymous_11)
FNDA:0,(anonymous_12)
FNDA:1,(anonymous_13)
FNDA:1,(anonymous_14)
FNDA:1,(anonymous_15)
FNDA:1,(anonymous_16)
DA:1,3
DA:2,3
DA:3,3
DA:4,3
DA:7,3
DA:8,3
DA:9,3
DA:11,3
DA:14,0
DA:18,1
DA:24,1
DA:25,1
DA:26,1
DA:29,0
DA:33,1
DA:34,1
DA:36,1
DA:37,1
DA:40,1
DA:46,1
DA:49,1
DA:51,1
DA:54,1
DA:55,11
DA:79,11
DA:83,1
DA:84,1
DA:85,11
DA:86,11
DA:88,11
DA:98,11
DA:99,0
DA:115,1
DA:119,1
DA:120,1
DA:123,1
DA:125,0
LF:37
LH:33
BRDA:25,0,0,1
BRDA:25,0,1,0
BRDA:25,1,0,1
BRDA:25,1,1,1
BRDA:34,2,0,0
BRDA:34,2,1,1
BRDA:49,3,0,0
BRDA:49,3,1,1
BRDA:86,4,0,11
BRDA:86,4,1,0
BRDA:98,5,0,0
BRDA:98,5,1,11
BRDA:119,6,0,1
BRDA:119,6,1,0
BRDA:119,7,0,1
BRDA:119,7,1,0
BRDA:119,7,2,0
BRDA:11,8,0,3
BRDA:11,8,1,0
BRDA:11,9,0,3
BRDA:11,9,1,3
BRF:21
BRH:12
end_of_record
TN:
SF:backend\src\jurisdiction-routing\seed-validator.ts
FN:6,(anonymous_10)
FN:9,(anonymous_11)
FN:13,(anonymous_12)
FN:30,(anonymous_13)
FN:61,(anonymous_14)
FNF:5
FNH:5
FNDA:2,(anonymous_10)
FNDA:1,(anonymous_11)
FNDA:2,(anonymous_12)
FNDA:1,(anonymous_13)
FNDA:11,(anonymous_14)
DA:1,2
DA:2,2
DA:3,2
DA:6,2
DA:7,2
DA:10,1
DA:14,2
DA:21,2
DA:22,2
DA:23,2
DA:27,0
DA:31,1
DA:32,1
DA:34,1
DA:35,1
DA:36,1
DA:37,1
DA:39,1
DA:40,0
DA:42,1
DA:43,0
DA:45,1
DA:46,0
DA:48,1
DA:49,0
DA:52,1
DA:53,1
DA:54,0
DA:57,1
DA:58,1
DA:59,1
DA:61,11
DA:62,1
DA:63,11
DA:64,0
DA:70,1
DA:82,1
DA:83,9
DA:84,0
DA:88,1
LF:40
LH:32
BRDA:22,0,0,2
BRDA:22,0,1,0
BRDA:22,1,0,2
BRDA:22,1,1,2
BRDA:39,2,0,0
BRDA:39,2,1,1
BRDA:42,3,0,0
BRDA:42,3,1,1
BRDA:45,4,0,0
BRDA:45,4,1,1
BRDA:48,5,0,0
BRDA:48,5,1,1
BRDA:53,6,0,0
BRDA:53,6,1,1
BRDA:63,7,0,0
BRDA:63,7,1,11
BRDA:65,8,0,0
BRDA:65,8,1,0
BRDA:65,8,2,0
BRDA:83,9,0,0
BRDA:83,9,1,9
BRF:21
BRH:10
end_of_record
TN:
SF:backend\src\knowledge\knowledge.controller.ts
FN:6,(anonymous_4)
FN:9,(anonymous_5)
FN:17,(anonymous_6)
FN:22,(anonymous_7)
FNF:4
FNH:0
FNDA:0,(anonymous_4)
FNDA:0,(anonymous_5)
FNDA:0,(anonymous_6)
FNDA:0,(anonymous_7)
DA:1,0
DA:2,0
DA:5,0
DA:6,0
DA:9,0
DA:10,0
DA:11,0
DA:13,0
DA:17,0
DA:18,0
DA:22,0
DA:23,0
LF:12
LH:0
BRDA:10,0,0,0
BRDA:10,0,1,0
BRDA:6,1,0,0
BRDA:6,1,1,0
BRDA:6,2,0,0
BRDA:6,2,1,0
BRF:6
BRH:0
end_of_record
TN:
SF:backend\src\knowledge\knowledge.service.ts
FN:85,(anonymous_2)
FN:87,(anonymous_3)
FN:106,(anonymous_4)
FN:110,(anonymous_5)
FN:119,(anonymous_6)
FN:122,(anonymous_7)
FNF:6
FNH:0
FNDA:0,(anonymous_2)
FNDA:0,(anonymous_3)
FNDA:0,(anonymous_4)
FNDA:0,(anonymous_5)
FNDA:0,(anonymous_6)
FNDA:0,(anonymous_7)
DA:1,0
DA:2,0
DA:12,0
DA:13,0
DA:16,0
DA:85,0
DA:88,0
DA:89,0
DA:91,0
DA:99,0
DA:101,0
DA:105,0
DA:106,0
DA:111,0
DA:112,0
DA:115,0
DA:117,0
DA:119,0
DA:123,0
DA:124,0
DA:125,0
DA:127,0
DA:129,0
LF:23
LH:0
BRDA:99,0,0,0
BRDA:99,0,1,0
BRDA:106,1,0,0
BRDA:106,1,1,0
BRDA:106,1,2,0
BRDA:115,2,0,0
BRDA:115,2,1,0
BRDA:125,3,0,0
BRDA:125,3,1,0
BRDA:85,4,0,0
BRDA:85,4,1,0
BRDA:85,5,0,0
BRDA:85,5,1,0
BRF:13
BRH:0
end_of_record
TN:
SF:backend\src\localization\localization.constants.ts
FNF:0
FNH:0
DA:3,3
DA:5,3
DA:15,3
DA:24,3
LF:4
LH:4
BRF:0
BRH:0
end_of_record
TN:
SF:backend\src\localization\localization.health.ts
FN:6,(anonymous_2)
FN:9,(anonymous_3)
FNF:2
FNH:0
FNDA:0,(anonymous_2)
FNDA:0,(anonymous_3)
DA:1,0
DA:2,0
DA:5,0
DA:6,0
DA:9,0
DA:10,0
LF:6
LH:0
BRDA:6,0,0,0
BRDA:6,0,1,0
BRDA:6,1,0,0
BRDA:6,1,1,0
BRF:4
BRH:0
end_of_record
TN:
SF:backend\src\localization\localization.module.ts
FNF:0
FNH:0
DA:1,0
DA:2,0
DA:3,0
DA:10,0
LF:4
LH:0
BRF:0
BRH:0
end_of_record
TN:
SF:backend\src\localization\localization.service.ts
FN:8,(anonymous_11)
FN:12,(anonymous_12)
FN:18,(anonymous_13)
FN:29,(anonymous_14)
FN:33,(anonymous_15)
FN:37,(anonymous_16)
FN:68,(anonymous_17)
FN:99,(anonymous_18)
FN:132,(anonymous_19)
FN:135,(anonymous_20)
FN:150,(anonymous_21)
FN:153,(anonymous_22)
FN:165,(anonymous_23)
FN:166,(anonymous_24)
FN:175,(anonymous_25)
FNF:15
FNH:0
FNDA:0,(anonymous_11)
FNDA:0,(anonymous_12)
FNDA:0,(anonymous_13)
FNDA:0,(anonymous_14)
FNDA:0,(anonymous_15)
FNDA:0,(anonymous_16)
FNDA:0,(anonymous_17)
FNDA:0,(anonymous_18)
FNDA:0,(anonymous_19)
FNDA:0,(anonymous_20)
FNDA:0,(anonymous_21)
FNDA:0,(anonymous_22)
FNDA:0,(anonymous_23)
FNDA:0,(anonymous_24)
FNDA:0,(anonymous_25)
DA:1,0
DA:2,0
DA:3,0
DA:4,0
DA:8,0
DA:9,0
DA:10,0
DA:13,0
DA:14,0
DA:15,0
DA:19,0
DA:24,0
DA:25,0
DA:26,0
DA:27,0
DA:29,0
DA:30,0
DA:34,0
DA:38,0
DA:47,0
DA:48,0
DA:49,0
DA:50,0
DA:51,0
DA:55,0
DA:56,0
DA:57,0
DA:58,0
DA:59,0
DA:61,0
DA:64,0
DA:69,0
DA:70,0
DA:73,0
DA:74,0
DA:75,0
DA:78,0
DA:79,0
DA:80,0
DA:81,0
DA:82,0
DA:85,0
DA:86,0
DA:87,0
DA:89,0
DA:90,0
DA:91,0
DA:96,0
DA:100,0
DA:101,0
DA:104,0
DA:105,0
DA:107,0
DA:108,0
DA:109,0
DA:110,0
DA:111,0
DA:114,0
DA:115,0
DA:116,0
DA:117,0
DA:118,0
DA:120,0
DA:123,0
DA:124,0
DA:125,0
DA:129,0
DA:133,0
DA:134,0
DA:135,0
DA:138,0
DA:139,0
DA:142,0
DA:143,0
DA:144,0
DA:147,0
DA:151,0
DA:152,0
DA:153,0
DA:155,0
DA:156,0
DA:158,0
DA:159,0
DA:160,0
DA:162,0
DA:166,0
DA:167,0
DA:168,0
DA:169,0
DA:170,0
DA:172,0
DA:176,0
DA:177,0
DA:178,0
DA:179,0
DA:182,0
LF:96
LH:0
BRDA:13,0,0,0
BRDA:13,0,1,0
BRDA:19,1,0,0
BRDA:19,1,1,0
BRDA:49,2,0,0
BRDA:49,2,1,0
BRDA:55,3,0,0
BRDA:55,3,1,0
BRDA:69,4,0,0
BRDA:69,4,1,0
BRDA:74,5,0,0
BRDA:74,5,1,0
BRDA:74,6,0,0
BRDA:74,6,1,0
BRDA:81,7,0,0
BRDA:81,7,1,0
BRDA:81,8,0,0
BRDA:81,8,1,0
BRDA:86,9,0,0
BRDA:86,9,1,0
BRDA:90,10,0,0
BRDA:90,10,1,0
BRDA:90,11,0,0
BRDA:90,11,1,0
BRDA:100,12,0,0
BRDA:100,12,1,0
BRDA:104,13,0,0
BRDA:104,13,1,0
BRDA:107,14,0,0
BRDA:107,14,1,0
BRDA:115,15,0,0
BRDA:115,15,1,0
BRDA:115,16,0,0
BRDA:115,16,1,0
BRDA:120,17,0,0
BRDA:120,17,1,0
BRDA:123,18,0,0
BRDA:123,18,1,0
BRDA:123,19,0,0
BRDA:123,19,1,0
BRDA:125,20,0,0
BRDA:125,20,1,0
BRDA:135,21,0,0
BRDA:135,21,1,0
BRDA:138,22,0,0
BRDA:138,22,1,0
BRDA:143,23,0,0
BRDA:143,23,1,0
BRDA:143,24,0,0
BRDA:143,24,1,0
BRDA:144,25,0,0
BRDA:144,25,1,0
BRDA:153,26,0,0
BRDA:153,26,1,0
BRDA:153,26,2,0
BRDA:155,27,0,0
BRDA:155,27,1,0
BRDA:159,28,0,0
BRDA:159,28,1,0
BRDA:159,29,0,0
BRDA:159,29,1,0
BRDA:160,30,0,0
BRDA:160,30,1,0
BRDA:170,31,0,0
BRDA:170,31,1,0
BRDA:170,32,0,0
BRDA:170,32,1,0
BRDA:178,33,0,0
BRDA:178,33,1,0
BRDA:178,34,0,0
BRDA:178,34,1,0
BRDA:183,35,0,0
BRDA:183,35,1,0
BRF:73
BRH:0
end_of_record
TN:
SF:backend\src\templates\completions.ts
FN:3,getCompletionMessage
FNF:1
FNH:0
FNDA:0,getCompletionMessage
DA:3,0
DA:4,0
DA:5,0
DA:8,0
DA:34,0
LF:5
LH:0
BRDA:4,0,0,0
BRDA:4,0,1,0
BRDA:34,1,0,0
BRDA:34,1,1,0
BRF:4
BRH:0
end_of_record
TN:
SF:backend\src\templates\emergency.ts
FN:3,getEmergencyMessage
FNF:1
FNH:0
FNDA:0,getEmergencyMessage
DA:3,0
DA:4,0
DA:5,0
DA:8,0
DA:25,0
LF:5
LH:0
BRDA:4,0,0,0
BRDA:4,0,1,0
BRDA:25,1,0,0
BRDA:25,1,1,0
BRF:4
BRH:0
end_of_record
TN:
SF:backend\src\templates\empathy.ts
FN:3,getEmpathyMessage
FN:28,(anonymous_1)
FN:29,(anonymous_2)
FN:30,(anonymous_3)
FN:31,(anonymous_4)
FN:32,(anonymous_5)
FN:40,(anonymous_6)
FN:42,(anonymous_7)
FN:44,(anonymous_8)
FN:46,(anonymous_9)
FNF:10
FNH:0
FNDA:0,getEmpathyMessage
FNDA:0,(anonymous_1)
FNDA:0,(anonymous_2)
FNDA:0,(anonymous_3)
FNDA:0,(anonymous_4)
FNDA:0,(anonymous_5)
FNDA:0,(anonymous_6)
FNDA:0,(anonymous_7)
FNDA:0,(anonymous_8)
FNDA:0,(anonymous_9)
DA:3,0
DA:4,0
DA:6,0
DA:7,0
DA:8,0
DA:10,0
DA:11,0
DA:12,0
DA:14,0
DA:15,0
DA:17,0
DA:18,0
DA:22,0
DA:23,0
DA:24,0
DA:25,0
DA:26,0
DA:28,0
DA:29,0
DA:30,0
DA:31,0
DA:32,0
DA:34,0
DA:35,0
DA:36,0
DA:37,0
DA:39,0
DA:40,0
DA:41,0
DA:42,0
DA:43,0
DA:44,0
DA:45,0
DA:46,0
DA:47,0
DA:50,0
DA:51,0
DA:52,0
DA:53,0
DA:55,0
DA:56,0
DA:58,0
DA:59,0
DA:61,0
DA:62,0
DA:64,0
DA:65,0
DA:70,0
DA:91,0
DA:92,0
DA:93,0
DA:94,0
DA:95,0
DA:97,0
LF:54
LH:0
BRDA:6,0,0,0
BRDA:6,0,1,0
BRDA:7,1,0,0
BRDA:7,1,1,0
BRDA:7,1,2,0
BRDA:7,1,3,0
BRDA:7,1,4,0
BRDA:7,1,5,0
BRDA:7,1,6,0
BRDA:7,1,7,0
BRDA:7,1,8,0
BRDA:8,2,0,0
BRDA:8,2,1,0
BRDA:8,2,2,0
BRDA:10,3,0,0
BRDA:10,3,1,0
BRDA:11,4,0,0
BRDA:11,4,1,0
BRDA:14,5,0,0
BRDA:14,5,1,0
BRDA:17,6,0,0
BRDA:17,6,1,0
BRDA:40,7,0,0
BRDA:40,7,1,0
BRDA:42,8,0,0
BRDA:42,8,1,0
BRDA:44,9,0,0
BRDA:44,9,1,0
BRDA:46,10,0,0
BRDA:46,10,1,0
BRDA:50,11,0,0
BRDA:50,11,1,0
BRDA:51,12,0,0
BRDA:51,12,1,0
BRDA:55,13,0,0
BRDA:55,13,1,0
BRDA:58,14,0,0
BRDA:58,14,1,0
BRDA:61,15,0,0
BRDA:61,15,1,0
BRDA:64,16,0,0
BRDA:64,16,1,0
BRDA:91,17,0,0
BRDA:91,17,1,0
BRDA:91,18,0,0
BRDA:91,18,1,0
BRDA:92,19,0,0
BRDA:92,19,1,0
BRDA:93,20,0,0
BRDA:93,20,1,0
BRDA:94,21,0,0
BRDA:94,21,1,0
BRDA:95,22,0,0
BRDA:95,22,1,0
BRF:54
BRH:0
end_of_record
TN:
SF:backend\src\templates\greetings.ts
FN:3,getWelcomeMessage
FN:10,getLanguageSelectionResponse
FNF:2
FNH:0
FNDA:0,getWelcomeMessage
FNDA:0,getLanguageSelectionResponse
DA:3,0
DA:4,0
DA:5,0
DA:7,0
DA:10,0
DA:11,0
DA:12,0
DA:14,0
LF:8
LH:0
BRDA:4,0,0,0
BRDA:4,0,1,0
BRDA:11,1,0,0
BRDA:11,1,1,0
BRF:4
BRH:0
end_of_record
TN:
SF:backend\src\tracking\tracking.controller.ts
FN:6,(anonymous_4)
FN:9,(anonymous_5)
FNF:2
FNH:0
FNDA:0,(anonymous_4)
FNDA:0,(anonymous_5)
DA:1,0
DA:2,0
DA:5,0
DA:6,0
DA:9,0
DA:10,0
DA:11,0
DA:12,0
DA:14,0
LF:9
LH:0
BRDA:11,0,0,0
BRDA:11,0,1,0
BRDA:6,1,0,0
BRDA:6,1,1,0
BRDA:6,2,0,0
BRDA:6,2,1,0
BRF:6
BRH:0
end_of_record
TN:
SF:backend\src\tracking\tracking.service.ts
FN:13,formatDate
FN:23,formatStatus
FN:25,(anonymous_4)
FN:32,(anonymous_5)
FN:34,(anonymous_6)
FNF:5
FNH:0
FNDA:0,formatDate
FNDA:0,formatStatus
FNDA:0,(anonymous_4)
FNDA:0,(anonymous_5)
FNDA:0,(anonymous_6)
DA:1,0
DA:2,0
DA:14,0
DA:15,0
DA:16,0
DA:17,0
DA:18,0
DA:19,0
DA:20,0
DA:24,0
DA:25,0
DA:29,0
DA:30,0
DA:32,0
DA:35,0
DA:36,0
DA:37,0
DA:41,0
DA:42,0
DA:43,0
DA:44,0
DA:49,0
DA:50,0
DA:51,0
DA:52,0
DA:53,0
DA:57,0
DA:67,0
DA:69,0
LF:29
LH:0
BRDA:14,0,0,0
BRDA:14,0,1,0
BRDA:41,1,0,0
BRDA:41,1,1,0
BRDA:43,2,0,0
BRDA:43,2,1,0
BRDA:44,3,0,0
BRDA:44,3,1,0
BRDA:50,4,0,0
BRDA:50,4,1,0
BRDA:50,5,0,0
BRDA:50,5,1,0
BRDA:32,6,0,0
BRDA:32,6,1,0
BRDA:32,7,0,0
BRDA:32,7,1,0
BRF:16
BRH:0
end_of_record
TN:
SF:backend\src\verification\verification.controller.ts
FN:6,(anonymous_4)
FN:9,(anonymous_5)
FN:28,(anonymous_6)
FN:37,(anonymous_7)
FN:42,(anonymous_8)
FNF:5
FNH:0
FNDA:0,(anonymous_4)
FNDA:0,(anonymous_5)
FNDA:0,(anonymous_6)
FNDA:0,(anonymous_7)
FNDA:0,(anonymous_8)
DA:1,0
DA:2,0
DA:5,0
DA:6,0
DA:9,0
DA:18,0
DA:28,0
DA:29,0
DA:30,0
DA:31,0
DA:33,0
DA:37,0
DA:38,0
DA:42,0
DA:43,0
DA:44,0
DA:45,0
DA:47,0
LF:18
LH:0
BRDA:30,0,0,0
BRDA:30,0,1,0
BRDA:44,1,0,0
BRDA:44,1,1,0
BRDA:6,2,0,0
BRDA:6,2,1,0
BRDA:6,3,0,0
BRDA:6,3,1,0
BRF:8
BRH:0
end_of_record
TN:
SF:backend\src\verification\verification.service.ts
FN:23,(anonymous_2)
FN:25,(anonymous_3)
FN:31,(anonymous_4)
FN:48,(anonymous_5)
FN:91,(anonymous_6)
FN:99,(anonymous_7)
FN:103,(anonymous_8)
FN:111,(anonymous_9)
FN:115,(anonymous_10)
FN:123,(anonymous_11)
FNF:10
FNH:0
FNDA:0,(anonymous_2)
FNDA:0,(anonymous_3)
FNDA:0,(anonymous_4)
FNDA:0,(anonymous_5)
FNDA:0,(anonymous_6)
FNDA:0,(anonymous_7)
FNDA:0,(anonymous_8)
FNDA:0,(anonymous_9)
FNDA:0,(anonymous_10)
FNDA:0,(anonymous_11)
DA:1,0
DA:2,0
DA:19,0
DA:20,0
DA:21,0
DA:23,0
DA:26,0
DA:27,0
DA:28,0
DA:32,0
DA:33,0
DA:34,0
DA:35,0
DA:42,0
DA:44,0
DA:57,0
DA:58,0
DA:59,0
DA:60,0
DA:72,0
DA:73,0
DA:86,0
DA:87,0
DA:92,0
DA:93,0
DA:98,0
DA:99,0
DA:104,0
DA:105,0
DA:110,0
DA:111,0
DA:116,0
DA:117,0
DA:122,0
DA:123,0
DA:124,0
DA:125,0
DA:126,0
DA:127,0
DA:129,0
LF:40
LH:0
BRDA:34,0,0,0
BRDA:34,0,1,0
BRDA:57,1,0,0
BRDA:57,1,1,0
BRDA:58,2,0,0
BRDA:58,2,1,0
BRDA:99,3,0,0
BRDA:99,3,1,0
BRDA:124,4,0,0
BRDA:124,4,1,0
BRDA:23,5,0,0
BRDA:23,5,1,0
BRDA:23,6,0,0
BRDA:23,6,1,0
BRF:14
BRH:0
end_of_record
TN:
SF:frontend\src\components\chat\index.ts
FN:1,(anonymous_1)
FN:2,(anonymous_2)
FN:3,(anonymous_3)
FNF:3
FNH:0
FNDA:0,(anonymous_1)
FNDA:0,(anonymous_2)
FNDA:0,(anonymous_3)
DA:1,0
DA:2,0
DA:3,0
LF:3
LH:0
BRF:0
BRH:0
end_of_record
TN:
SF:frontend\src\components\dashboard\index.ts
FN:1,(anonymous_1)
FN:2,(anonymous_2)
FNF:2
FNH:0
FNDA:0,(anonymous_1)
FNDA:0,(anonymous_2)
DA:1,0
DA:2,0
LF:2
LH:0
BRF:0
BRH:0
end_of_record
TN:
SF:frontend\src\components\layout\index.ts
FN:2,(anonymous_1)
FN:3,(anonymous_2)
FN:4,(anonymous_3)
FNF:3
FNH:0
FNDA:0,(anonymous_1)
FNDA:0,(anonymous_2)
FNDA:0,(anonymous_3)
DA:2,0
DA:3,0
DA:4,0
LF:3
LH:0
BRF:0
BRH:0
end_of_record
TN:
SF:frontend\src\components\review\index.ts
FN:1,(anonymous_1)
FN:2,(anonymous_2)
FN:3,(anonymous_3)
FNF:3
FNH:0
FNDA:0,(anonymous_1)
FNDA:0,(anonymous_2)
FNDA:0,(anonymous_3)
DA:1,0
DA:2,0
DA:3,0
LF:3
LH:0
BRF:0
BRH:0
end_of_record
TN:
SF:frontend\src\components\tracking\index.ts
FN:1,(anonymous_1)
FNF:1
FNH:0
FNDA:0,(anonymous_1)
DA:1,0
LF:1
LH:0
BRF:0
BRH:0
end_of_record
TN:
SF:frontend\src\components\ui\index.ts
FN:1,(anonymous_1)
FN:2,(anonymous_2)
FN:3,(anonymous_3)
FN:4,(anonymous_4)
FN:5,(anonymous_5)
FNF:5
FNH:0
FNDA:0,(anonymous_1)
FNDA:0,(anonymous_2)
FNDA:0,(anonymous_3)
FNDA:0,(anonymous_4)
FNDA:0,(anonymous_5)
DA:1,0
DA:2,0
DA:3,0
DA:4,0
DA:5,0
LF:5
LH:0
BRF:0
BRH:0
end_of_record
TN:
SF:frontend\src\hooks\useSessionPersistence.ts
FN:3,useSessionPersistence
FN:4,(anonymous_1)
FN:15,(anonymous_2)
FNF:3
FNH:0
FNDA:0,useSessionPersistence
FNDA:0,(anonymous_1)
FNDA:0,(anonymous_2)
DA:1,0
DA:3,0
DA:4,0
DA:5,0
DA:6,0
DA:7,0
DA:8,0
DA:10,0
DA:11,0
DA:15,0
DA:16,0
DA:17,0
DA:18,0
DA:20,0
DA:25,0
LF:15
LH:0
BRDA:5,0,0,0
BRDA:5,0,1,0
BRDA:8,1,0,0
BRDA:8,1,1,0
BRDA:16,2,0,0
BRDA:16,2,1,0
BRF:6
BRH:0
end_of_record
TN:
SF:frontend\src\services\api.ts
FN:1,(anonymous_0)
FN:14,fetchApi
FN:34,(anonymous_2)
FN:53,(anonymous_3)
FN:61,(anonymous_4)
FN:69,(anonymous_5)
FN:83,(anonymous_6)
FN:105,(anonymous_7)
FN:113,(anonymous_8)
FN:121,(anonymous_9)
FN:135,(anonymous_10)
FN:156,(anonymous_11)
FN:164,(anonymous_12)
FN:172,(anonymous_13)
FN:186,(anonymous_14)
FN:194,(anonymous_15)
FN:202,(anonymous_16)
FN:216,(anonymous_17)
FN:227,(anonymous_18)
FN:231,(anonymous_19)
FN:247,(anonymous_20)
FN:255,(anonymous_21)
FN:256,(anonymous_22)
FN:295,(anonymous_23)
FNF:24
FNH:0
FNDA:0,(anonymous_0)
FNDA:0,fetchApi
FNDA:0,(anonymous_2)
FNDA:0,(anonymous_3)
FNDA:0,(anonymous_4)
FNDA:0,(anonymous_5)
FNDA:0,(anonymous_6)
FNDA:0,(anonymous_7)
FNDA:0,(anonymous_8)
FNDA:0,(anonymous_9)
FNDA:0,(anonymous_10)
FNDA:0,(anonymous_11)
FNDA:0,(anonymous_12)
FNDA:0,(anonymous_13)
FNDA:0,(anonymous_14)
FNDA:0,(anonymous_15)
FNDA:0,(anonymous_16)
FNDA:0,(anonymous_17)
FNDA:0,(anonymous_18)
FNDA:0,(anonymous_19)
FNDA:0,(anonymous_20)
FNDA:0,(anonymous_21)
FNDA:0,(anonymous_22)
FNDA:0,(anonymous_23)
DA:1,0
DA:2,0
DA:3,0
DA:5,0
DA:6,0
DA:11,0
DA:15,0
DA:16,0
DA:22,0
DA:23,0
DA:25,0
DA:27,0
DA:28,0
DA:33,0
DA:35,0
DA:36,0
DA:41,0
DA:42,0
DA:54,0
DA:55,0
DA:57,0
DA:62,0
DA:63,0
DA:65,0
DA:70,0
DA:71,0
DA:76,0
DA:82,0
DA:84,0
DA:85,0
DA:90,0
DA:91,0
DA:106,0
DA:107,0
DA:109,0
DA:114,0
DA:115,0
DA:117,0
DA:122,0
DA:123,0
DA:128,0
DA:134,0
DA:136,0
DA:137,0
DA:142,0
DA:143,0
DA:157,0
DA:158,0
DA:160,0
DA:165,0
DA:166,0
DA:168,0
DA:173,0
DA:174,0
DA:179,0
DA:185,0
DA:187,0
DA:188,0
DA:190,0
DA:195,0
DA:196,0
DA:198,0
DA:203,0
DA:204,0
DA:209,0
DA:215,0
DA:217,0
DA:218,0
DA:221,0
DA:222,0
DA:227,0
DA:229,0
DA:230,0
DA:231,0
DA:232,0
DA:240,0
DA:246,0
DA:248,0
DA:249,0
DA:255,0
DA:256,0
DA:257,0
DA:259,0
DA:260,0
DA:264,0
DA:267,0
DA:268,0
DA:272,0
DA:275,0
DA:276,0
DA:280,0
DA:283,0
DA:294,0
DA:296,0
LF:94
LH:0
BRDA:2,0,0,0
BRDA:2,0,1,0
BRDA:3,1,0,0
BRDA:3,1,1,0
BRDA:5,2,0,0
BRDA:5,2,1,0
BRDA:6,3,0,0
BRDA:6,3,1,0
BRDA:14,4,0,0
BRDA:22,5,0,0
BRDA:22,5,1,0
BRDA:27,6,0,0
BRDA:27,6,1,0
BRDA:229,7,0,0
BRDA:229,7,1,0
BRDA:259,8,0,0
BRDA:259,8,1,0
BRDA:259,9,0,0
BRDA:259,9,1,0
BRDA:259,9,2,0
BRDA:259,9,3,0
BRDA:267,10,0,0
BRDA:267,10,1,0
BRDA:267,11,0,0
BRDA:267,11,1,0
BRDA:275,12,0,0
BRDA:275,12,1,0
BRDA:275,13,0,0
BRDA:275,13,1,0
BRF:29
BRH:0
end_of_record
TN:
SF:frontend\src\utils\avatarConfig.ts
FNF:0
FNH:0
DA:1,0
DA:22,0
LF:2
LH:0
BRF:0
BRH:0
end_of_record
TN:
SF:frontend\src\utils\iconMap.ts
FNF:0
FNH:0
DA:1,0
DA:14,0
LF:2
LH:0
BRF:0
BRH:0
end_of_record
